#
# A fatal error has been detected by the Java Runtime Environment:
#
#  EXCEPTION_ACCESS_VIOLATION (0xc0000005) at pc=0x00000256f07d2e99, pid=24676, tid=2372
#
# JRE version: OpenJDK Runtime Environment (22.0.1+8) (build 22.0.1+8-16)
# Java VM: OpenJDK 64-Bit Server VM (22.0.1+8-16, mixed mode, sharing, tiered, compressed oops, compressed class ptrs, g1 gc, windows-amd64)
# Problematic frame:
# C  [GTIII-OSD64.dll+0x2e99]
#
# No core dump will be written. Minidumps are not enabled by default on client versions of Windows
#
# If you would like to submit a bug report, please visit:
#   https://bugreport.java.com/bugreport/crash.jsp
#

---------------  S U M M A R Y ------------

Command Line: -javaagent:C:\Program Files\JetBrains\IntelliJ IDEA 2024.1.1\lib\idea_rt.jar=63716:C:\Program Files\JetBrains\IntelliJ IDEA 2024.1.1\bin -Dfile.encoding=windows-1252 -Dsun.stdout.encoding=windows-1252 -Dsun.stderr.encoding=windows-1252 NewJFramone

Host: 12th Gen Intel(R) Core(TM) i5-12400F, 12 cores, 15G,  Windows 10 , 64 bit Build 19041 (10.0.19041.3636)
Time: Sat May 11 22:25:53 2024 Egypt Daylight Time elapsed time: 3.926737 seconds (0d 0h 0m 3s)

---------------  T H R E A D  ---------------

Current thread (0x00000256e4902d30):  VMThread "VM Thread"          [id=2372, stack(0x000000c930300000,0x000000c930400000) (1024K)]

Stack: [0x000000c930300000,0x000000c930400000],  sp=0x000000c9303feda0,  free space=1019k
Native frames: (J=compiled Java code, j=interpreted, Vv=VM code, C=native code)
C  [GTIII-OSD64.dll+0x2e99]  (no source info available)
C  [GTIII-OSD64.dll+0x3884]  (no source info available)
C  [GTIII-OSD64.dll+0x330ef]  (no source info available)
C  [GTIII-OSD64.dll+0x35e80]  (no source info available)
C  [GTIII-OSD64.dll+0x2f1ba]  (no source info available)
C  [GTIII-OSD64.dll+0x2f237]  (no source info available)
C  [GTIII-OSD64.dll+0x2f787]  (no source info available)
C  [GTIII-OSD64.dll+0xd97ac]  (no source info available)
C  [ntdll.dll+0x19a1d]  (no source info available)
C  [ntdll.dll+0x5dcda]  (no source info available)
C  [ntdll.dll+0x5da8d]  (no source info available)
C  [KERNEL32.DLL+0x1e3bb]  (no source info available)
C  [ucrtbase.dll+0x205bc]  (no source info available)
C  [ucrtbase.dll+0x2045f]  (no source info available)
V  [jvm.dll+0x6db40b]  (no source info available)
V  [jvm.dll+0x6daf40]  (no source info available)
V  [jvm.dll+0x3e1ea4]  (no source info available)
V  [jvm.dll+0x87d7d0]  (no source info available)
V  [jvm.dll+0x87eb57]  (no source info available)
V  [jvm.dll+0x87f0d0]  (no source info available)
V  [jvm.dll+0x87f373]  (no source info available)
V  [jvm.dll+0x81d44b]  (no source info available)
V  [jvm.dll+0x6e0915]  (no source info available)
C  [ucrtbase.dll+0x21bb2]  (no source info available)
C  [KERNEL32.DLL+0x17344]  (no source info available)
C  [ntdll.dll+0x526b1]  (no source info available)


siginfo: EXCEPTION_ACCESS_VIOLATION (0xc0000005), reading address 0x00007fffe6bd71d0


Registers:
RAX=0x0000000000000000, RBX=0x00000256c19209e0, RCX=0x0000000000000006, RDX=0x0000000000000000
RSP=0x000000c9303feda0, RBP=0x0000000000000006, RSI=0x0000000000000000, RDI=0x00007fffe6bd71d0
R8 =0x000000c9303fee10, R9 =0x0000000000000001, R10=0x0000000000000000, R11=0x000000c9303feda0
R12=0x00000256f08a9884, R13=0x00007fff69443b20, R14=0x0000000000000005, R15=0x000000c9303fee10
RIP=0x00000256f07d2e99, EFLAGS=0x0000000000010246


Register to memory mapping:

RAX=0x0 is null
RBX=0x00000256c19209e0 points into unknown readable memory: 0x0000000000000001 | 01 00 00 00 00 00 00 00
RCX=0x0000000000000006 is an unknown value
RDX=0x0 is null
RSP=0x000000c9303feda0 points into unknown readable memory: 0x00000256f07d0000 | 00 00 7d f0 56 02 00 00
RBP=0x0000000000000006 is an unknown value
RSI=0x0 is null
RDI=0x00007fffe6bd71d0 is an unknown value
R8 =0x000000c9303fee10 points into unknown readable memory: 0x0000000000000000 | 00 00 00 00 00 00 00 00
R9 =0x0000000000000001 is an unknown value
R10=0x0 is null
R11=0x000000c9303feda0 points into unknown readable memory: 0x00000256f07d0000 | 00 00 7d f0 56 02 00 00
R12=0x00000256f08a9884 GTIII-OSD64.dll
R13=0x00007fff69443b20 jvm.dll
R14=0x0000000000000005 is an unknown value
R15=0x000000c9303fee10 points into unknown readable memory: 0x0000000000000000 | 00 00 00 00 00 00 00 00

Top of Stack: (sp=0x000000c9303feda0)
0x000000c9303feda0:   00000256f07d0000 0000000000000002
0x000000c9303fedb0:   0000000000000000 00000256f07d2cfb
0x000000c9303fedc0:   0000000000000000 0000000000000000
0x000000c9303fedd0:   0000000000000001 00000256f07d0000
0x000000c9303fede0:   0000000000000002 00000256f07d3884
0x000000c9303fedf0:   0000000000000001 0000000000000006
0x000000c9303fee00:   000000c9303ff1f0 0000000000000000
0x000000c9303fee10:   0000000000000000 0000000000000000
0x000000c9303fee20:   0000000000000001 00000256f08030ef
0x000000c9303fee30:   0000000000000001 00000256f07d0000
0x000000c9303fee40:   000000c9303fedb8 000000c9303ff1f0
0x000000c9303fee50:   0000000000000001 00000256f0805e80
0x000000c9303fee60:   000000c9303feec0 0000000000000944
0x000000c9303fee70:   00000256f88ae3c4 0000000000006064
0x000000c9303fee80:   0000000000006064 00000256f07ff1ba
0x000000c9303fee90:   0000000000000000 00007ff8328c4041
0x000000c9303feea0:   000000000000c2d5 00000256f07d0000
0x000000c9303feeb0:   0000000000000000 00000256f07ff237
0x000000c9303feec0:   0000000000000000 00000256ef1963a0
0x000000c9303feed0:   000000c9303feec0 0000025600000001
0x000000c9303feee0:   0000000000000000 00000256f07ff787
0x000000c9303feef0:   00000256c1aa0750 00007ff833de9877
0x000000c9303fef00:   0000000000000001 0000000072580000
0x000000c9303fef10:   00007fff69443b20 0000000072580000
0x000000c9303fef20:   0000000000000001 00007ff833de9993
0x000000c9303fef30:   0000000000000001 00000256f08a97ac
0x000000c9303fef40:   0000000000000001 000000007ffe0385
0x000000c9303fef50:   0000000000000000 000000007259fad5
0x000000c9303fef60:   00000256c33dd438 00007ff831d0f05b
0x000000c9303fef70:   0000000000000001 0000000000000016
0x000000c9303fef80:   00000256f07d0000 000000007ffe0384
0x000000c9303fef90:   0000000000000000 00007ff833de9a1d 

Instructions: (pc=0x00000256f07d2e99)
0x00000256f07d2d99:   03 1d e1 2c 0c 08 c7 44 24 30 22 00 00 00 48 8b
0x00000256f07d2da9:   43 08 48 89 44 24 20 48 8b 43 18 48 83 c0 1e 48
0x00000256f07d2db9:   89 44 24 28 e8 42 0b 00 00 85 c0 75 07 b8 08 00
0x00000256f07d2dc9:   00 00 eb 5b 83 7c 24 34 00 48 8b 4b 08 74 16 8b
0x00000256f07d2dd9:   41 fb 89 43 20 0f b7 41 ff 66 89 43 24 8a 41 01
0x00000256f07d2de9:   88 43 26 eb 0b 8b 01 89 43 20 8a 41 04 88 43 24
0x00000256f07d2df9:   8a 44 24 34 80 63 28 fe 24 01 08 43 28 8b 44 24
0x00000256f07d2e09:   38 83 63 2c f0 83 e0 0f 09 43 2c 48 8b 44 24 3c
0x00000256f07d2e19:   48 89 43 30 48 8b 44 24 44 48 89 43 38 33 c0 48
0x00000256f07d2e29:   8b 4c 24 50 48 33 cc e8 2b 5a 0d 00 48 83 c4 60
0x00000256f07d2e39:   5b c3 cc 48 89 5c 24 10 48 89 6c 24 18 48 89 74
0x00000256f07d2e49:   24 20 57 41 56 41 57 48 83 ec 30 8b d9 4d 8b f8
0x00000256f07d2e59:   48 c1 e3 06 8b f2 48 03 1d 1a 2c 0c 08 8b e9 48
0x00000256f07d2e69:   8b 7b 08 85 d2 74 0f 8b cd e8 01 ff ff ff 85 c0
0x00000256f07d2e79:   0f 85 16 01 00 00 8a 43 28 24 01 74 04 48 83 ef
0x00000256f07d2e89:   05 0f b6 c0 4c 8d 34 45 05 00 00 00 85 f6 75 3d
0x00000256f07d2e99:   80 3f e9 75 38 4c 63 57 01 48 8b 43 18 49 83 c2
0x00000256f07d2ea9:   05 4c 03 d7 48 83 c0 10 49 3b c2 74 20 48 8b 53
0x00000256f07d2eb9:   08 4c 8d 0d 7b ff ff ff 49 8b 4a f8 44 8b c5 4c
0x00000256f07d2ec9:   89 7c 24 20 41 ff 52 f0 e9 bf 00 00 00 4c 8d 4c
0x00000256f07d2ed9:   24 50 41 b8 40 00 00 00 49 8b d6 48 8b cf ff 15
0x00000256f07d2ee9:   93 b4 12 00 85 c0 75 0a b8 0a 00 00 00 e9 9a 00
0x00000256f07d2ef9:   00 00 85 f6 74 1f c6 07 e9 8b 43 18 2b c7 83 c0
0x00000256f07d2f09:   0b 89 47 01 f6 43 28 01 74 2c 48 8b 43 08 66 c7
0x00000256f07d2f19:   00 eb f9 eb 21 8b 43 20 f6 43 28 01 89 07 74 10
0x00000256f07d2f29:   0f b7 43 24 66 89 47 04 8a 43 26 88 47 06 eb 06
0x00000256f07d2f39:   8a 43 24 88 47 04 44 8b 44 24 50 4c 8d 4c 24 50
0x00000256f07d2f49:   49 8b d6 48 8b cf ff 15 2b b4 12 00 ff 15 05 b2
0x00000256f07d2f59:   12 00 4d 8b c6 48 8b d7 48 8b c8 ff 15 2e b3 12
0x00000256f07d2f69:   00 44 8b c6 8b d5 49 8b cf e8 e9 fb ff ff 80 63
0x00000256f07d2f79:   28 fd 40 80 e6 01 40 8a c6 40 c0 e6 02 02 c0 0a
0x00000256f07d2f89:   43 28 24 fb 40 0a c6 88 43 28 33 c0 48 8b 5c 24 


Stack slot to memory mapping:

stack at sp + 0 slots: 0x00000256f07d0000 GTIII-OSD64.dll
stack at sp + 1 slots: 0x0000000000000002 is an unknown value
stack at sp + 2 slots: 0x0 is null
stack at sp + 3 slots: 0x00000256f07d2cfb GTIII-OSD64.dll
stack at sp + 4 slots: 0x0 is null
stack at sp + 5 slots: 0x0 is null
stack at sp + 6 slots: 0x0000000000000001 is an unknown value
stack at sp + 7 slots: 0x00000256f07d0000 GTIII-OSD64.dll

VM_Operation (0x000000c9312feba0): Exit, mode: safepoint, requested by thread 0x00000256c14bc2e0


---------------  P R O C E S S  ---------------

Threads class SMR info:
_java_thread_list=0x00000256c14f6c00, length=15, elements={
0x00000256e491f8a0, 0x00000256e49229f0, 0x00000256e4926670, 0x00000256e49291e0,
0x00000256e4929c40, 0x00000256e492c900, 0x00000256e492daa0, 0x00000256e4932190,
0x00000256e48ed530, 0x00000256c135e510, 0x00000256c1361ec0, 0x00000256c143deb0,
0x00000256c14411c0, 0x00000256c14bc2e0, 0x00000256c3529b90
}

Java Threads: ( => current thread )
  0x00000256e491f8a0 JavaThread "Reference Handler"          daemon [_thread_blocked, id=26240, stack(0x000000c930400000,0x000000c930500000) (1024K)]
  0x00000256e49229f0 JavaThread "Finalizer"                  daemon [_thread_blocked, id=26484, stack(0x000000c930500000,0x000000c930600000) (1024K)]
  0x00000256e4926670 JavaThread "Signal Dispatcher"          daemon [_thread_blocked, id=26220, stack(0x000000c930600000,0x000000c930700000) (1024K)]
  0x00000256e49291e0 JavaThread "Attach Listener"            daemon [_thread_blocked, id=25656, stack(0x000000c930700000,0x000000c930800000) (1024K)]
  0x00000256e4929c40 JavaThread "Service Thread"             daemon [_thread_blocked, id=13904, stack(0x000000c930800000,0x000000c930900000) (1024K)]
  0x00000256e492c900 JavaThread "Monitor Deflation Thread"   daemon [_thread_blocked, id=25792, stack(0x000000c930900000,0x000000c930a00000) (1024K)]
  0x00000256e492daa0 JavaThread "C2 CompilerThread0"         daemon [_thread_blocked, id=21180, stack(0x000000c930a00000,0x000000c930b00000) (1024K)]
  0x00000256e4932190 JavaThread "C1 CompilerThread0"         daemon [_thread_blocked, id=19004, stack(0x000000c930b00000,0x000000c930c00000) (1024K)]
  0x00000256e48ed530 JavaThread "Common-Cleaner"             daemon [_thread_blocked, id=26328, stack(0x000000c930c00000,0x000000c930d00000) (1024K)]
  0x00000256c135e510 JavaThread "Monitor Ctrl-Break"         daemon [_thread_in_native, id=1096, stack(0x000000c930d00000,0x000000c930e00000) (1024K)]
  0x00000256c1361ec0 JavaThread "Notification Thread"        daemon [_thread_blocked, id=24752, stack(0x000000c930e00000,0x000000c930f00000) (1024K)]
  0x00000256c143deb0 JavaThread "Java2D Disposer"            daemon [_thread_blocked, id=8416, stack(0x000000c930f00000,0x000000c931000000) (1024K)]
  0x00000256c14411c0 JavaThread "AWT-Shutdown"                      [_thread_blocked, id=2160, stack(0x000000c931000000,0x000000c931100000) (1024K)]
  0x00000256c14bc2e0 JavaThread "AWT-EventQueue-0"                  [_thread_blocked, id=17956, stack(0x000000c931200000,0x000000c931300000) (1024K)]
  0x00000256c3529b90 JavaThread "DestroyJavaVM"                     [_thread_blocked, id=14660, stack(0x000000c92fc00000,0x000000c92fd00000) (1024K)]
Total: 15

Other Threads:
=>0x00000256e4902d30 VMThread "VM Thread"                           [id=2372, stack(0x000000c930300000,0x000000c930400000) (1024K)]
  0x00000256c35946c0 WorkerThread "GC Thread#0"                     [id=19872, stack(0x000000c92fd00000,0x000000c92fe00000) (1024K)]
  0x00000256c35a53c0 ConcurrentGCThread "G1 Main Marker"            terminated
  0x00000256c35a5ed0 WorkerThread "G1 Conc#0"                       [id=15512, stack(0x000000c92ff00000,0x000000c930000000) (1024K)]
  0x00000256e47b89b0 ConcurrentGCThread "G1 Refine#0"               terminated
  0x00000256e47b91e0 ConcurrentGCThread "G1 Service"                terminated
Total: 6

Threads with active compile tasks:
Total: 0

VM state: at safepoint (shutting down)

VM Mutex/Monitor currently owned by a thread:  ([mutex/lock_event])
[0x00007fff6941bbb8] Threads_lock - owner thread: 0x00000256e4902d30
[0x00007fff6941bcb8] Heap_lock - owner thread: 0x00000256c14bc2e0

Heap address: 0x0000000702e00000, size: 4050 MB, Compressed Oops mode: Zero based, Oop shift amount: 3

CDS archive(s) mapped at: [0x0000025680000000-0x0000025680c50000-0x0000025680c50000), size 12910592, SharedBaseAddress: 0x0000025680000000, ArchiveRelocationMode: 1.
Compressed class space mapped at: 0x0000025681000000-0x00000256c1000000, reserved size: 1073741824
Narrow klass base: 0x0000025680000000, Narrow klass shift: 0, Narrow klass range: 0x41000000

GC Precious Log:
 CardTable entry size: 512
 Card Set container configuration: InlinePtr #cards 4 size 8 Array Of Cards #cards 16 size 48 Howl #buckets 8 coarsen threshold 3686 Howl Bitmap #cards 512 size 80 coarsen threshold 460 Card regions per heap region 1 cards per card region 4096
 CPUs: 12 total, 12 available
 Memory: 16197M
 Large Page Support: Disabled
 NUMA Support: Disabled
 Compressed Oops: Enabled (Zero based)
 Heap Region Size: 2M
 Heap Min Capacity: 8M
 Heap Initial Capacity: 254M
 Heap Max Capacity: 4050M
 Pre-touch: Disabled
 Parallel Workers: 10
 Concurrent Workers: 3
 Concurrent Refinement Workers: 10
 Periodic GC: Disabled

Heap:
 garbage-first heap   total reserved 4147200K, committed 260096K, used 12288K [0x0000000702e00000, 0x0000000800000000)
  region size 2048K, 7 young (14336K), 0 survivors (0K)
 Metaspace       used 9786K, committed 10048K, reserved 1114112K
  class space    used 1107K, committed 1216K, reserved 1048576K

Heap Regions: E=young(eden), S=young(survivor), O=old, HS=humongous(starts), HC=humongous(continues), CS=collection set, F=free, TAMS=top-at-mark-start, PB=parsable bottom
|   0|0x0000000702e00000, 0x0000000702e00000, 0x0000000703000000|  0%| F|  |TAMS 0x0000000702e00000| PB 0x0000000702e00000| Untracked |  0
|   1|0x0000000703000000, 0x0000000703000000, 0x0000000703200000|  0%| F|  |TAMS 0x0000000703000000| PB 0x0000000703000000| Untracked |  0
|   2|0x0000000703200000, 0x0000000703200000, 0x0000000703400000|  0%| F|  |TAMS 0x0000000703200000| PB 0x0000000703200000| Untracked |  0
|   3|0x0000000703400000, 0x0000000703400000, 0x0000000703600000|  0%| F|  |TAMS 0x0000000703400000| PB 0x0000000703400000| Untracked |  0
|   4|0x0000000703600000, 0x0000000703600000, 0x0000000703800000|  0%| F|  |TAMS 0x0000000703600000| PB 0x0000000703600000| Untracked |  0
|   5|0x0000000703800000, 0x0000000703800000, 0x0000000703a00000|  0%| F|  |TAMS 0x0000000703800000| PB 0x0000000703800000| Untracked |  0
|   6|0x0000000703a00000, 0x0000000703a00000, 0x0000000703c00000|  0%| F|  |TAMS 0x0000000703a00000| PB 0x0000000703a00000| Untracked |  0
|   7|0x0000000703c00000, 0x0000000703c00000, 0x0000000703e00000|  0%| F|  |TAMS 0x0000000703c00000| PB 0x0000000703c00000| Untracked |  0
|   8|0x0000000703e00000, 0x0000000703e00000, 0x0000000704000000|  0%| F|  |TAMS 0x0000000703e00000| PB 0x0000000703e00000| Untracked |  0
|   9|0x0000000704000000, 0x0000000704000000, 0x0000000704200000|  0%| F|  |TAMS 0x0000000704000000| PB 0x0000000704000000| Untracked |  0
|  10|0x0000000704200000, 0x0000000704200000, 0x0000000704400000|  0%| F|  |TAMS 0x0000000704200000| PB 0x0000000704200000| Untracked |  0
|  11|0x0000000704400000, 0x0000000704400000, 0x0000000704600000|  0%| F|  |TAMS 0x0000000704400000| PB 0x0000000704400000| Untracked |  0
|  12|0x0000000704600000, 0x0000000704600000, 0x0000000704800000|  0%| F|  |TAMS 0x0000000704600000| PB 0x0000000704600000| Untracked |  0
|  13|0x0000000704800000, 0x0000000704800000, 0x0000000704a00000|  0%| F|  |TAMS 0x0000000704800000| PB 0x0000000704800000| Untracked |  0
|  14|0x0000000704a00000, 0x0000000704a00000, 0x0000000704c00000|  0%| F|  |TAMS 0x0000000704a00000| PB 0x0000000704a00000| Untracked |  0
|  15|0x0000000704c00000, 0x0000000704c00000, 0x0000000704e00000|  0%| F|  |TAMS 0x0000000704c00000| PB 0x0000000704c00000| Untracked |  0
|  16|0x0000000704e00000, 0x0000000704e00000, 0x0000000705000000|  0%| F|  |TAMS 0x0000000704e00000| PB 0x0000000704e00000| Untracked |  0
|  17|0x0000000705000000, 0x0000000705000000, 0x0000000705200000|  0%| F|  |TAMS 0x0000000705000000| PB 0x0000000705000000| Untracked |  0
|  18|0x0000000705200000, 0x0000000705200000, 0x0000000705400000|  0%| F|  |TAMS 0x0000000705200000| PB 0x0000000705200000| Untracked |  0
|  19|0x0000000705400000, 0x0000000705400000, 0x0000000705600000|  0%| F|  |TAMS 0x0000000705400000| PB 0x0000000705400000| Untracked |  0
|  20|0x0000000705600000, 0x0000000705600000, 0x0000000705800000|  0%| F|  |TAMS 0x0000000705600000| PB 0x0000000705600000| Untracked |  0
|  21|0x0000000705800000, 0x0000000705800000, 0x0000000705a00000|  0%| F|  |TAMS 0x0000000705800000| PB 0x0000000705800000| Untracked |  0
|  22|0x0000000705a00000, 0x0000000705a00000, 0x0000000705c00000|  0%| F|  |TAMS 0x0000000705a00000| PB 0x0000000705a00000| Untracked |  0
|  23|0x0000000705c00000, 0x0000000705c00000, 0x0000000705e00000|  0%| F|  |TAMS 0x0000000705c00000| PB 0x0000000705c00000| Untracked |  0
|  24|0x0000000705e00000, 0x0000000705e00000, 0x0000000706000000|  0%| F|  |TAMS 0x0000000705e00000| PB 0x0000000705e00000| Untracked |  0
|  25|0x0000000706000000, 0x0000000706000000, 0x0000000706200000|  0%| F|  |TAMS 0x0000000706000000| PB 0x0000000706000000| Untracked |  0
|  26|0x0000000706200000, 0x0000000706200000, 0x0000000706400000|  0%| F|  |TAMS 0x0000000706200000| PB 0x0000000706200000| Untracked |  0
|  27|0x0000000706400000, 0x0000000706400000, 0x0000000706600000|  0%| F|  |TAMS 0x0000000706400000| PB 0x0000000706400000| Untracked |  0
|  28|0x0000000706600000, 0x0000000706600000, 0x0000000706800000|  0%| F|  |TAMS 0x0000000706600000| PB 0x0000000706600000| Untracked |  0
|  29|0x0000000706800000, 0x0000000706800000, 0x0000000706a00000|  0%| F|  |TAMS 0x0000000706800000| PB 0x0000000706800000| Untracked |  0
|  30|0x0000000706a00000, 0x0000000706a00000, 0x0000000706c00000|  0%| F|  |TAMS 0x0000000706a00000| PB 0x0000000706a00000| Untracked |  0
|  31|0x0000000706c00000, 0x0000000706c00000, 0x0000000706e00000|  0%| F|  |TAMS 0x0000000706c00000| PB 0x0000000706c00000| Untracked |  0
|  32|0x0000000706e00000, 0x0000000706e00000, 0x0000000707000000|  0%| F|  |TAMS 0x0000000706e00000| PB 0x0000000706e00000| Untracked |  0
|  33|0x0000000707000000, 0x0000000707000000, 0x0000000707200000|  0%| F|  |TAMS 0x0000000707000000| PB 0x0000000707000000| Untracked |  0
|  34|0x0000000707200000, 0x0000000707200000, 0x0000000707400000|  0%| F|  |TAMS 0x0000000707200000| PB 0x0000000707200000| Untracked |  0
|  35|0x0000000707400000, 0x0000000707400000, 0x0000000707600000|  0%| F|  |TAMS 0x0000000707400000| PB 0x0000000707400000| Untracked |  0
|  36|0x0000000707600000, 0x0000000707600000, 0x0000000707800000|  0%| F|  |TAMS 0x0000000707600000| PB 0x0000000707600000| Untracked |  0
|  37|0x0000000707800000, 0x0000000707800000, 0x0000000707a00000|  0%| F|  |TAMS 0x0000000707800000| PB 0x0000000707800000| Untracked |  0
|  38|0x0000000707a00000, 0x0000000707a00000, 0x0000000707c00000|  0%| F|  |TAMS 0x0000000707a00000| PB 0x0000000707a00000| Untracked |  0
|  39|0x0000000707c00000, 0x0000000707c00000, 0x0000000707e00000|  0%| F|  |TAMS 0x0000000707c00000| PB 0x0000000707c00000| Untracked |  0
|  40|0x0000000707e00000, 0x0000000707e00000, 0x0000000708000000|  0%| F|  |TAMS 0x0000000707e00000| PB 0x0000000707e00000| Untracked |  0
|  41|0x0000000708000000, 0x0000000708000000, 0x0000000708200000|  0%| F|  |TAMS 0x0000000708000000| PB 0x0000000708000000| Untracked |  0
|  42|0x0000000708200000, 0x0000000708200000, 0x0000000708400000|  0%| F|  |TAMS 0x0000000708200000| PB 0x0000000708200000| Untracked |  0
|  43|0x0000000708400000, 0x0000000708400000, 0x0000000708600000|  0%| F|  |TAMS 0x0000000708400000| PB 0x0000000708400000| Untracked |  0
|  44|0x0000000708600000, 0x0000000708600000, 0x0000000708800000|  0%| F|  |TAMS 0x0000000708600000| PB 0x0000000708600000| Untracked |  0
|  45|0x0000000708800000, 0x0000000708800000, 0x0000000708a00000|  0%| F|  |TAMS 0x0000000708800000| PB 0x0000000708800000| Untracked |  0
|  46|0x0000000708a00000, 0x0000000708a00000, 0x0000000708c00000|  0%| F|  |TAMS 0x0000000708a00000| PB 0x0000000708a00000| Untracked |  0
|  47|0x0000000708c00000, 0x0000000708c00000, 0x0000000708e00000|  0%| F|  |TAMS 0x0000000708c00000| PB 0x0000000708c00000| Untracked |  0
|  48|0x0000000708e00000, 0x0000000708e00000, 0x0000000709000000|  0%| F|  |TAMS 0x0000000708e00000| PB 0x0000000708e00000| Untracked |  0
|  49|0x0000000709000000, 0x0000000709000000, 0x0000000709200000|  0%| F|  |TAMS 0x0000000709000000| PB 0x0000000709000000| Untracked |  0
|  50|0x0000000709200000, 0x0000000709200000, 0x0000000709400000|  0%| F|  |TAMS 0x0000000709200000| PB 0x0000000709200000| Untracked |  0
|  51|0x0000000709400000, 0x0000000709400000, 0x0000000709600000|  0%| F|  |TAMS 0x0000000709400000| PB 0x0000000709400000| Untracked |  0
|  52|0x0000000709600000, 0x0000000709600000, 0x0000000709800000|  0%| F|  |TAMS 0x0000000709600000| PB 0x0000000709600000| Untracked |  0
|  53|0x0000000709800000, 0x0000000709800000, 0x0000000709a00000|  0%| F|  |TAMS 0x0000000709800000| PB 0x0000000709800000| Untracked |  0
|  54|0x0000000709a00000, 0x0000000709a00000, 0x0000000709c00000|  0%| F|  |TAMS 0x0000000709a00000| PB 0x0000000709a00000| Untracked |  0
|  55|0x0000000709c00000, 0x0000000709c00000, 0x0000000709e00000|  0%| F|  |TAMS 0x0000000709c00000| PB 0x0000000709c00000| Untracked |  0
|  56|0x0000000709e00000, 0x0000000709e00000, 0x000000070a000000|  0%| F|  |TAMS 0x0000000709e00000| PB 0x0000000709e00000| Untracked |  0
|  57|0x000000070a000000, 0x000000070a000000, 0x000000070a200000|  0%| F|  |TAMS 0x000000070a000000| PB 0x000000070a000000| Untracked |  0
|  58|0x000000070a200000, 0x000000070a200000, 0x000000070a400000|  0%| F|  |TAMS 0x000000070a200000| PB 0x000000070a200000| Untracked |  0
|  59|0x000000070a400000, 0x000000070a400000, 0x000000070a600000|  0%| F|  |TAMS 0x000000070a400000| PB 0x000000070a400000| Untracked |  0
|  60|0x000000070a600000, 0x000000070a600000, 0x000000070a800000|  0%| F|  |TAMS 0x000000070a600000| PB 0x000000070a600000| Untracked |  0
|  61|0x000000070a800000, 0x000000070a800000, 0x000000070aa00000|  0%| F|  |TAMS 0x000000070a800000| PB 0x000000070a800000| Untracked |  0
|  62|0x000000070aa00000, 0x000000070aa00000, 0x000000070ac00000|  0%| F|  |TAMS 0x000000070aa00000| PB 0x000000070aa00000| Untracked |  0
|  63|0x000000070ac00000, 0x000000070ac00000, 0x000000070ae00000|  0%| F|  |TAMS 0x000000070ac00000| PB 0x000000070ac00000| Untracked |  0
|  64|0x000000070ae00000, 0x000000070ae00000, 0x000000070b000000|  0%| F|  |TAMS 0x000000070ae00000| PB 0x000000070ae00000| Untracked |  0
|  65|0x000000070b000000, 0x000000070b000000, 0x000000070b200000|  0%| F|  |TAMS 0x000000070b000000| PB 0x000000070b000000| Untracked |  0
|  66|0x000000070b200000, 0x000000070b200000, 0x000000070b400000|  0%| F|  |TAMS 0x000000070b200000| PB 0x000000070b200000| Untracked |  0
|  67|0x000000070b400000, 0x000000070b400000, 0x000000070b600000|  0%| F|  |TAMS 0x000000070b400000| PB 0x000000070b400000| Untracked |  0
|  68|0x000000070b600000, 0x000000070b600000, 0x000000070b800000|  0%| F|  |TAMS 0x000000070b600000| PB 0x000000070b600000| Untracked |  0
|  69|0x000000070b800000, 0x000000070b800000, 0x000000070ba00000|  0%| F|  |TAMS 0x000000070b800000| PB 0x000000070b800000| Untracked |  0
|  70|0x000000070ba00000, 0x000000070ba00000, 0x000000070bc00000|  0%| F|  |TAMS 0x000000070ba00000| PB 0x000000070ba00000| Untracked |  0
|  71|0x000000070bc00000, 0x000000070bc00000, 0x000000070be00000|  0%| F|  |TAMS 0x000000070bc00000| PB 0x000000070bc00000| Untracked |  0
|  72|0x000000070be00000, 0x000000070be00000, 0x000000070c000000|  0%| F|  |TAMS 0x000000070be00000| PB 0x000000070be00000| Untracked |  0
|  73|0x000000070c000000, 0x000000070c000000, 0x000000070c200000|  0%| F|  |TAMS 0x000000070c000000| PB 0x000000070c000000| Untracked |  0
|  74|0x000000070c200000, 0x000000070c200000, 0x000000070c400000|  0%| F|  |TAMS 0x000000070c200000| PB 0x000000070c200000| Untracked |  0
|  75|0x000000070c400000, 0x000000070c400000, 0x000000070c600000|  0%| F|  |TAMS 0x000000070c400000| PB 0x000000070c400000| Untracked |  0
|  76|0x000000070c600000, 0x000000070c600000, 0x000000070c800000|  0%| F|  |TAMS 0x000000070c600000| PB 0x000000070c600000| Untracked |  0
|  77|0x000000070c800000, 0x000000070c800000, 0x000000070ca00000|  0%| F|  |TAMS 0x000000070c800000| PB 0x000000070c800000| Untracked |  0
|  78|0x000000070ca00000, 0x000000070ca00000, 0x000000070cc00000|  0%| F|  |TAMS 0x000000070ca00000| PB 0x000000070ca00000| Untracked |  0
|  79|0x000000070cc00000, 0x000000070cc00000, 0x000000070ce00000|  0%| F|  |TAMS 0x000000070cc00000| PB 0x000000070cc00000| Untracked |  0
|  80|0x000000070ce00000, 0x000000070ce00000, 0x000000070d000000|  0%| F|  |TAMS 0x000000070ce00000| PB 0x000000070ce00000| Untracked |  0
|  81|0x000000070d000000, 0x000000070d000000, 0x000000070d200000|  0%| F|  |TAMS 0x000000070d000000| PB 0x000000070d000000| Untracked |  0
|  82|0x000000070d200000, 0x000000070d200000, 0x000000070d400000|  0%| F|  |TAMS 0x000000070d200000| PB 0x000000070d200000| Untracked |  0
|  83|0x000000070d400000, 0x000000070d400000, 0x000000070d600000|  0%| F|  |TAMS 0x000000070d400000| PB 0x000000070d400000| Untracked |  0
|  84|0x000000070d600000, 0x000000070d600000, 0x000000070d800000|  0%| F|  |TAMS 0x000000070d600000| PB 0x000000070d600000| Untracked |  0
|  85|0x000000070d800000, 0x000000070d800000, 0x000000070da00000|  0%| F|  |TAMS 0x000000070d800000| PB 0x000000070d800000| Untracked |  0
|  86|0x000000070da00000, 0x000000070da00000, 0x000000070dc00000|  0%| F|  |TAMS 0x000000070da00000| PB 0x000000070da00000| Untracked |  0
|  87|0x000000070dc00000, 0x000000070dc00000, 0x000000070de00000|  0%| F|  |TAMS 0x000000070dc00000| PB 0x000000070dc00000| Untracked |  0
|  88|0x000000070de00000, 0x000000070de00000, 0x000000070e000000|  0%| F|  |TAMS 0x000000070de00000| PB 0x000000070de00000| Untracked |  0
|  89|0x000000070e000000, 0x000000070e000000, 0x000000070e200000|  0%| F|  |TAMS 0x000000070e000000| PB 0x000000070e000000| Untracked |  0
|  90|0x000000070e200000, 0x000000070e200000, 0x000000070e400000|  0%| F|  |TAMS 0x000000070e200000| PB 0x000000070e200000| Untracked |  0
|  91|0x000000070e400000, 0x000000070e400000, 0x000000070e600000|  0%| F|  |TAMS 0x000000070e400000| PB 0x000000070e400000| Untracked |  0
|  92|0x000000070e600000, 0x000000070e600000, 0x000000070e800000|  0%| F|  |TAMS 0x000000070e600000| PB 0x000000070e600000| Untracked |  0
|  93|0x000000070e800000, 0x000000070e800000, 0x000000070ea00000|  0%| F|  |TAMS 0x000000070e800000| PB 0x000000070e800000| Untracked |  0
|  94|0x000000070ea00000, 0x000000070ea00000, 0x000000070ec00000|  0%| F|  |TAMS 0x000000070ea00000| PB 0x000000070ea00000| Untracked |  0
|  95|0x000000070ec00000, 0x000000070ec00000, 0x000000070ee00000|  0%| F|  |TAMS 0x000000070ec00000| PB 0x000000070ec00000| Untracked |  0
|  96|0x000000070ee00000, 0x000000070ee00000, 0x000000070f000000|  0%| F|  |TAMS 0x000000070ee00000| PB 0x000000070ee00000| Untracked |  0
|  97|0x000000070f000000, 0x000000070f000000, 0x000000070f200000|  0%| F|  |TAMS 0x000000070f000000| PB 0x000000070f000000| Untracked |  0
|  98|0x000000070f200000, 0x000000070f200000, 0x000000070f400000|  0%| F|  |TAMS 0x000000070f200000| PB 0x000000070f200000| Untracked |  0
|  99|0x000000070f400000, 0x000000070f400000, 0x000000070f600000|  0%| F|  |TAMS 0x000000070f400000| PB 0x000000070f400000| Untracked |  0
| 100|0x000000070f600000, 0x000000070f600000, 0x000000070f800000|  0%| F|  |TAMS 0x000000070f600000| PB 0x000000070f600000| Untracked |  0
| 101|0x000000070f800000, 0x000000070f800000, 0x000000070fa00000|  0%| F|  |TAMS 0x000000070f800000| PB 0x000000070f800000| Untracked |  0
| 102|0x000000070fa00000, 0x000000070fa00000, 0x000000070fc00000|  0%| F|  |TAMS 0x000000070fa00000| PB 0x000000070fa00000| Untracked |  0
| 103|0x000000070fc00000, 0x000000070fc00000, 0x000000070fe00000|  0%| F|  |TAMS 0x000000070fc00000| PB 0x000000070fc00000| Untracked |  0
| 104|0x000000070fe00000, 0x000000070fe00000, 0x0000000710000000|  0%| F|  |TAMS 0x000000070fe00000| PB 0x000000070fe00000| Untracked |  0
| 105|0x0000000710000000, 0x0000000710000000, 0x0000000710200000|  0%| F|  |TAMS 0x0000000710000000| PB 0x0000000710000000| Untracked |  0
| 106|0x0000000710200000, 0x0000000710200000, 0x0000000710400000|  0%| F|  |TAMS 0x0000000710200000| PB 0x0000000710200000| Untracked |  0
| 107|0x0000000710400000, 0x0000000710400000, 0x0000000710600000|  0%| F|  |TAMS 0x0000000710400000| PB 0x0000000710400000| Untracked |  0
| 108|0x0000000710600000, 0x0000000710600000, 0x0000000710800000|  0%| F|  |TAMS 0x0000000710600000| PB 0x0000000710600000| Untracked |  0
| 109|0x0000000710800000, 0x0000000710800000, 0x0000000710a00000|  0%| F|  |TAMS 0x0000000710800000| PB 0x0000000710800000| Untracked |  0
| 110|0x0000000710a00000, 0x0000000710a00000, 0x0000000710c00000|  0%| F|  |TAMS 0x0000000710a00000| PB 0x0000000710a00000| Untracked |  0
| 111|0x0000000710c00000, 0x0000000710c00000, 0x0000000710e00000|  0%| F|  |TAMS 0x0000000710c00000| PB 0x0000000710c00000| Untracked |  0
| 112|0x0000000710e00000, 0x0000000710e00000, 0x0000000711000000|  0%| F|  |TAMS 0x0000000710e00000| PB 0x0000000710e00000| Untracked |  0
| 113|0x0000000711000000, 0x0000000711000000, 0x0000000711200000|  0%| F|  |TAMS 0x0000000711000000| PB 0x0000000711000000| Untracked |  0
| 114|0x0000000711200000, 0x0000000711200000, 0x0000000711400000|  0%| F|  |TAMS 0x0000000711200000| PB 0x0000000711200000| Untracked |  0
| 115|0x0000000711400000, 0x0000000711400000, 0x0000000711600000|  0%| F|  |TAMS 0x0000000711400000| PB 0x0000000711400000| Untracked |  0
| 116|0x0000000711600000, 0x0000000711600000, 0x0000000711800000|  0%| F|  |TAMS 0x0000000711600000| PB 0x0000000711600000| Untracked |  0
| 117|0x0000000711800000, 0x0000000711800000, 0x0000000711a00000|  0%| F|  |TAMS 0x0000000711800000| PB 0x0000000711800000| Untracked |  0
| 118|0x0000000711a00000, 0x0000000711a00000, 0x0000000711c00000|  0%| F|  |TAMS 0x0000000711a00000| PB 0x0000000711a00000| Untracked |  0
| 119|0x0000000711c00000, 0x0000000711c00000, 0x0000000711e00000|  0%| F|  |TAMS 0x0000000711c00000| PB 0x0000000711c00000| Untracked |  0
| 120|0x0000000711e00000, 0x0000000711ef5c58, 0x0000000712000000| 48%| E|  |TAMS 0x0000000711e00000| PB 0x0000000711e00000| Complete |  0
| 121|0x0000000712000000, 0x0000000712200000, 0x0000000712200000|100%| E|CS|TAMS 0x0000000712000000| PB 0x0000000712000000| Complete |  0
| 122|0x0000000712200000, 0x0000000712400000, 0x0000000712400000|100%| E|CS|TAMS 0x0000000712200000| PB 0x0000000712200000| Complete |  0
| 123|0x0000000712400000, 0x0000000712600000, 0x0000000712600000|100%| E|CS|TAMS 0x0000000712400000| PB 0x0000000712400000| Complete |  0
| 124|0x0000000712600000, 0x0000000712800000, 0x0000000712800000|100%| E|CS|TAMS 0x0000000712600000| PB 0x0000000712600000| Complete |  0
| 125|0x0000000712800000, 0x0000000712a00000, 0x0000000712a00000|100%| E|CS|TAMS 0x0000000712800000| PB 0x0000000712800000| Complete |  0
| 126|0x0000000712a00000, 0x0000000712c00000, 0x0000000712c00000|100%| E|CS|TAMS 0x0000000712a00000| PB 0x0000000712a00000| Complete |  0

Card table byte_map: [0x00000256dd4f0000,0x00000256ddce0000] _byte_map_base: 0x00000256d9cd9000

Marking Bits: (CMBitMap*) 0x00000256c3594dd0
 Bits: [0x00000256ddce0000, 0x00000256e1c28000)

Polling page: 0x00000256c3600000

Metaspace:

Usage:
  Non-class:      8.48 MB used.
      Class:      1.08 MB used.
       Both:      9.56 MB used.

Virtual space:
  Non-class space:       64.00 MB reserved,       8.62 MB ( 13%) committed,  1 nodes.
      Class space:        1.00 GB reserved,       1.19 MB ( <1%) committed,  1 nodes.
             Both:        1.06 GB reserved,       9.81 MB ( <1%) committed. 

Chunk freelists:
   Non-Class:  6.99 MB
       Class:  14.72 MB
        Both:  21.71 MB

MaxMetaspaceSize: unlimited
CompressedClassSpaceSize: 1.00 GB
Initial GC threshold: 21.00 MB
Current GC threshold: 21.00 MB
CDS: on
 - commit_granule_bytes: 65536.
 - commit_granule_words: 8192.
 - virtual_space_node_default_size: 8388608.
 - enlarge_chunks_in_place: 1.
 - use_allocation_guard: 0.


Internal statistics:

num_allocs_failed_limit: 0.
num_arena_births: 174.
num_arena_deaths: 0.
num_vsnodes_births: 2.
num_vsnodes_deaths: 0.
num_space_committed: 157.
num_space_uncommitted: 0.
num_chunks_returned_to_freelist: 0.
num_chunks_taken_from_freelist: 226.
num_chunk_merges: 0.
num_chunk_splits: 134.
num_chunks_enlarged: 60.
num_inconsistent_stats: 0.

CodeHeap 'non-profiled nmethods': size=120000Kb used=354Kb max_used=354Kb free=119645Kb
 bounds [0x00000256d4b40000, 0x00000256d4db0000, 0x00000256dc070000]
CodeHeap 'profiled nmethods': size=120000Kb used=2173Kb max_used=2173Kb free=117826Kb
 bounds [0x00000256cd070000, 0x00000256cd2e0000, 0x00000256d45a0000]
CodeHeap 'non-nmethods': size=5760Kb used=1612Kb max_used=1630Kb free=4147Kb
 bounds [0x00000256d45a0000, 0x00000256d4810000, 0x00000256d4b40000]
 total_blobs=1942 nmethods=1275 adapters=572
 compilation: enabled
              stopped_count=0, restarted_count=0
 full_count=0

Compilation events (20 events):
Event: 1.626 Thread 0x00000256e4932190 1265       3       sun.awt.windows.WToolkit::showOrHideTouchKeyboard (199 bytes)
Event: 1.627 Thread 0x00000256e4932190 nmethod 1265 0x00000256cd28a090 code [0x00000256cd28a500, 0x00000256cd28c958]
Event: 1.627 Thread 0x00000256e4932190 1267       3       java.awt.Component::updateCursorImmediately (55 bytes)
Event: 1.628 Thread 0x00000256e4932190 nmethod 1267 0x00000256cd28d410 code [0x00000256cd28d620, 0x00000256cd28de90]
Event: 1.688 Thread 0x00000256e4932190 1268       3       java.awt.Container::eventEnabled (49 bytes)
Event: 1.688 Thread 0x00000256e4932190 nmethod 1268 0x00000256cd28e090 code [0x00000256cd28e260, 0x00000256cd28e660]
Event: 1.715 Thread 0x00000256e492daa0 1269       4       java.awt.Container::findComponentAtImpl (161 bytes)
Event: 1.722 Thread 0x00000256e492daa0 nmethod 1269 0x00000256d4b94b90 code [0x00000256d4b94de0, 0x00000256d4b95f28]
Event: 1.792 Thread 0x00000256e4932190 1270       3       java.util.concurrent.locks.AbstractQueuedSynchronizer$ConditionObject::enableWait (84 bytes)
Event: 1.792 Thread 0x00000256e4932190 nmethod 1270 0x00000256cd28e790 code [0x00000256cd28e9c0, 0x00000256cd28f138]
Event: 1.812 Thread 0x00000256e4932190 1271       3       jdk.internal.misc.Unsafe::putIntOpaque (9 bytes)
Event: 1.812 Thread 0x00000256e4932190 nmethod 1271 0x00000256cd28f390 code [0x00000256cd28f520, 0x00000256cd28f638]
Event: 1.823 Thread 0x00000256e492daa0 1272   !   4       sun.awt.AWTAutoShutdown::setToolkitBusy (124 bytes)
Event: 1.825 Thread 0x00000256e492daa0 nmethod 1272 0x00000256d4b96f90 code [0x00000256d4b97140, 0x00000256d4b97708]
Event: 1.894 Thread 0x00000256e492daa0 1273       4       java.security.AccessControlContext::optimize (319 bytes)
Event: 1.896 Thread 0x00000256e492daa0 nmethod 1273 0x00000256d4b97a90 code [0x00000256d4b97c60, 0x00000256d4b97fa8]
Event: 2.748 Thread 0x00000256e492daa0 1274       4       jdk.internal.misc.Unsafe::putReferenceOpaque (9 bytes)
Event: 2.749 Thread 0x00000256e492daa0 nmethod 1274 0x00000256d4b98390 code [0x00000256d4b98500, 0x00000256d4b98660]
Event: 2.779 Thread 0x00000256e492daa0 1275       4       java.util.ArrayList::get (15 bytes)
Event: 2.779 Thread 0x00000256e492daa0 nmethod 1275 0x00000256d4b98710 code [0x00000256d4b988a0, 0x00000256d4b989c0]

GC Heap History (0 events):
No events

Dll operation events (13 events):
Event: 0.009 Loaded shared library C:\Users\pc\.jdks\openjdk-22.0.1\bin\java.dll
Event: 0.042 Loaded shared library C:\Users\pc\.jdks\openjdk-22.0.1\bin\jsvml.dll
Event: 0.085 Loaded shared library C:\Users\pc\.jdks\openjdk-22.0.1\bin\zip.dll
Event: 0.091 Loaded shared library C:\Users\pc\.jdks\openjdk-22.0.1\bin\instrument.dll
Event: 0.098 Loaded shared library C:\Users\pc\.jdks\openjdk-22.0.1\bin\net.dll
Event: 0.099 Loaded shared library C:\Users\pc\.jdks\openjdk-22.0.1\bin\nio.dll
Event: 0.104 Loaded shared library C:\Users\pc\.jdks\openjdk-22.0.1\bin\zip.dll
Event: 0.115 Loaded shared library C:\Program Files\JetBrains\IntelliJ IDEA 2024.1.1\bin\breakgen64.dll
Event: 0.127 Loaded shared library C:\Users\pc\.jdks\openjdk-22.0.1\bin\jimage.dll
Event: 0.139 Loaded shared library C:\Users\pc\.jdks\openjdk-22.0.1\bin\awt.dll
Event: 0.140 Loaded shared library C:\Users\pc\.jdks\openjdk-22.0.1\bin\extnet.dll
Event: 0.291 Loaded shared library C:\Users\pc\.jdks\openjdk-22.0.1\bin\freetype.dll
Event: 0.292 Loaded shared library C:\Users\pc\.jdks\openjdk-22.0.1\bin\fontmanager.dll

Deoptimization events (20 events):
Event: 0.518 Thread 0x00000256c14bc2e0 DEOPT PACKING pc=0x00000256d4b6d28c sp=0x000000c9312fe070
Event: 0.518 Thread 0x00000256c14bc2e0 DEOPT UNPACKING pc=0x00000256d45f46a2 sp=0x000000c9312fe000 mode 2
Event: 0.597 Thread 0x00000256c14bc2e0 Uncommon trap: trap_request=0xffffff45 fr.pc=0x00000256d4b77874 relative=0x0000000000000074
Event: 0.597 Thread 0x00000256c14bc2e0 Uncommon trap: reason=unstable_if action=reinterpret pc=0x00000256d4b77874 method=java.lang.CharacterDataLatin1.toLowerCase(I)I @ 16 c2
Event: 0.597 Thread 0x00000256c14bc2e0 DEOPT PACKING pc=0x00000256d4b77874 sp=0x000000c9312fcda0
Event: 0.597 Thread 0x00000256c14bc2e0 DEOPT UNPACKING pc=0x00000256d45f46a2 sp=0x000000c9312fcd20 mode 2
Event: 0.606 Thread 0x00000256c14bc2e0 Uncommon trap: trap_request=0xffffff45 fr.pc=0x00000256d4b787f4 relative=0x0000000000000414
Event: 0.606 Thread 0x00000256c14bc2e0 Uncommon trap: reason=unstable_if action=reinterpret pc=0x00000256d4b787f4 method=java.lang.CharacterDataLatin1.isUpperCase(I)Z @ 7 c2
Event: 0.606 Thread 0x00000256c14bc2e0 DEOPT PACKING pc=0x00000256d4b787f4 sp=0x000000c9312fd580
Event: 0.606 Thread 0x00000256c14bc2e0 DEOPT UNPACKING pc=0x00000256d45f46a2 sp=0x000000c9312fd488 mode 2
Event: 0.652 Thread 0x00000256c14bc2e0 DEOPT PACKING pc=0x00000256cd09a1cc sp=0x000000c9312fcf30
Event: 0.652 Thread 0x00000256c14bc2e0 DEOPT UNPACKING pc=0x00000256d45f4e42 sp=0x000000c9312fc398 mode 0
Event: 1.180 Thread 0x00000256c14bc2e0 Uncommon trap: trap_request=0xffffffde fr.pc=0x00000256d4b77e44 relative=0x00000000000002e4
Event: 1.180 Thread 0x00000256c14bc2e0 Uncommon trap: reason=class_check action=maybe_recompile pc=0x00000256d4b77e44 method=java.util.HashMap.getNode(Ljava/lang/Object;)Ljava/util/HashMap$Node; @ 82 c2
Event: 1.180 Thread 0x00000256c14bc2e0 DEOPT PACKING pc=0x00000256d4b77e44 sp=0x000000c9312fde20
Event: 1.180 Thread 0x00000256c14bc2e0 DEOPT UNPACKING pc=0x00000256d45f46a2 sp=0x000000c9312fdda0 mode 2
Event: 1.181 Thread 0x00000256c14bc2e0 Uncommon trap: trap_request=0xffffffde fr.pc=0x00000256d4b77e44 relative=0x00000000000002e4
Event: 1.181 Thread 0x00000256c14bc2e0 Uncommon trap: reason=class_check action=maybe_recompile pc=0x00000256d4b77e44 method=java.util.HashMap.getNode(Ljava/lang/Object;)Ljava/util/HashMap$Node; @ 82 c2
Event: 1.181 Thread 0x00000256c14bc2e0 DEOPT PACKING pc=0x00000256d4b77e44 sp=0x000000c9312fde00
Event: 1.181 Thread 0x00000256c14bc2e0 DEOPT UNPACKING pc=0x00000256d45f46a2 sp=0x000000c9312fdd80 mode 2

Classes loaded (20 events):
Event: 1.112 Loading class sun/util/locale/provider/TimeZoneNameProviderImpl done
Event: 1.112 Loading class sun/util/cldr/CLDRTimeZoneNameProviderImpl done
Event: 1.115 Loading class sun/util/locale/provider/BaseLocaleDataMetaInfo
Event: 1.115 Loading class sun/util/locale/provider/BaseLocaleDataMetaInfo done
Event: 1.116 Loading class java/lang/invoke/MethodHandle$1
Event: 1.116 Loading class java/lang/invoke/MethodHandle$1 done
Event: 1.118 Loading class sun/util/resources/cldr/TimeZoneNames
Event: 1.118 Loading class sun/util/resources/TimeZoneNamesBundle
Event: 1.118 Loading class sun/util/resources/OpenListResourceBundle
Event: 1.118 Loading class sun/util/resources/OpenListResourceBundle done
Event: 1.118 Loading class sun/util/resources/TimeZoneNamesBundle done
Event: 1.118 Loading class sun/util/resources/cldr/TimeZoneNames done
Event: 1.118 Loading class sun/util/resources/cldr/TimeZoneNames_en
Event: 1.119 Loading class sun/util/resources/cldr/TimeZoneNames_en done
Event: 1.119 Loading class sun/util/resources/cldr/TimeZoneNames_en_US
Event: 1.119 Loading class sun/util/resources/cldr/TimeZoneNames_en_US done
Event: 1.119 Loading class java/util/LinkedHashMap$LinkedKeySet
Event: 1.119 Loading class java/util/LinkedHashMap$LinkedKeySet done
Event: 1.993 Loading class java/awt/LightweightDispatcher$2
Event: 1.993 Loading class java/awt/LightweightDispatcher$2 done

Classes unloaded (0 events):
No events

Classes redefined (0 events):
No events

Internal exceptions (20 events):
Event: 0.325 Thread 0x00000256c3529b90 Exception <a 'java/lang/ClassNotFoundException'{0x0000000712515be8}: ToggleButton> (0x0000000712515be8) 
thrown [s\open\src\hotspot\share\classfile\systemDictionary.cpp, line 313]
Event: 0.325 Thread 0x00000256c3529b90 Exception <a 'java/lang/ClassNotFoundException'{0x0000000712516028}: javax/swing/JToolBarSeparator> (0x0000000712516028) 
thrown [s\open\src\hotspot\share\classfile\systemDictionary.cpp, line 313]
Event: 0.325 Thread 0x00000256c3529b90 Exception <a 'java/lang/ClassNotFoundException'{0x0000000712516338}: ToolBarSeparator> (0x0000000712516338) 
thrown [s\open\src\hotspot\share\classfile\systemDictionary.cpp, line 313]
Event: 0.325 Thread 0x00000256c3529b90 Exception <a 'java/lang/ClassNotFoundException'{0x0000000712516840}: ToolTip> (0x0000000712516840) 
thrown [s\open\src\hotspot\share\classfile\systemDictionary.cpp, line 313]
Event: 0.326 Thread 0x00000256c3529b90 Exception <a 'java/lang/ClassNotFoundException'{0x0000000712517180}: Tree> (0x0000000712517180) 
thrown [s\open\src\hotspot\share\classfile\systemDictionary.cpp, line 313]
Event: 0.326 Thread 0x00000256c3529b90 Exception <a 'java/lang/ClassNotFoundException'{0x0000000712517678}: Tree> (0x0000000712517678) 
thrown [s\open\src\hotspot\share\classfile\systemDictionary.cpp, line 313]
Event: 0.326 Thread 0x00000256c3529b90 Exception <a 'java/lang/ClassNotFoundException'{0x00000007125179e8}: javax/swing/JTreeCell> (0x00000007125179e8) 
thrown [s\open\src\hotspot\share\classfile\systemDictionary.cpp, line 313]
Event: 0.326 Thread 0x00000256c3529b90 Exception <a 'java/lang/ClassNotFoundException'{0x0000000712517cf0}: TreeCell> (0x0000000712517cf0) 
thrown [s\open\src\hotspot\share\classfile\systemDictionary.cpp, line 313]
Event: 0.327 Thread 0x00000256c3529b90 Exception <a 'java/lang/ClassNotFoundException'{0x0000000712518498}: RootPane> (0x0000000712518498) 
thrown [s\open\src\hotspot\share\classfile\systemDictionary.cpp, line 313]
Event: 0.328 Thread 0x00000256c3529b90 Exception <a 'java/lang/ClassNotFoundException'{0x000000071251b228}: com/sun/swing/internal/plaf/metal/resources/spi/metalProvider> (0x000000071251b228) 
thrown [s\open\src\hotspot\share\classfile\systemDictionary.cpp, line 313]
Event: 0.329 Thread 0x00000256c3529b90 Exception <a 'java/lang/ClassNotFoundException'{0x000000071251ef78}: com/sun/swing/internal/plaf/basic/resources/spi/basicProvider> (0x000000071251ef78) 
thrown [s\open\src\hotspot\share\classfile\systemDictionary.cpp, line 313]
Event: 0.495 Thread 0x00000256c14bc2e0 Exception <a 'java/lang/ClassNotFoundException'{0x0000000712200fc0}: com/sun/swing/internal/plaf/synth/resources/spi/synthProvider> (0x0000000712200fc0) 
thrown [s\open\src\hotspot\share\classfile\systemDictionary.cpp, line 313]
Event: 0.508 Thread 0x00000256c14bc2e0 Exception <a 'java/lang/NoSuchMethodError'{0x0000000712244320}: 'int java.lang.invoke.Invokers$Holder.invokeExact_MT(java.lang.Object, java.lang.Object)'> (0x0000000712244320) 
thrown [s\open\src\hotspot\share\interpreter\linkResolver.cpp, line 774]
Event: 0.512 Thread 0x00000256c14bc2e0 Exception <a 'java/lang/NoSuchMethodError'{0x000000071224bae0}: 'java.lang.Object java.lang.invoke.DirectMethodHandle$Holder.newInvokeSpecial(java.lang.Object, java.lang.Object, int)'> (0x000000071224bae0) 
thrown [s\open\src\hotspot\share\interpreter\linkResolver.cpp, line 774]
Event: 0.513 Thread 0x00000256c14bc2e0 Exception <a 'java/lang/NoSuchMethodError'{0x0000000712250970}: 'int java.lang.invoke.DirectMethodHandle$Holder.invokeSpecial(java.lang.Object, java.lang.Object, java.lang.Object, int)'> (0x0000000712250970) 
thrown [s\open\src\hotspot\share\interpreter\linkResolver.cpp, line 774]
Event: 0.515 Thread 0x00000256c14bc2e0 Exception <a 'java/lang/NoSuchMethodError'{0x0000000712263328}: 'java.lang.Object java.lang.invoke.DirectMethodHandle$Holder.invokeStatic(java.lang.Object, java.lang.Object, java.lang.Object, java.lang.Object, int)'> (0x0000000712263328) 
thrown [s\open\src\hotspot\share\interpreter\linkResolver.cpp, line 774]
Event: 0.517 Thread 0x00000256c14bc2e0 Exception <a 'java/lang/NoSuchMethodError'{0x000000071226ecd8}: 'int java.lang.invoke.DirectMethodHandle$Holder.invokeSpecial(java.lang.Object, java.lang.Object, java.lang.Object)'> (0x000000071226ecd8) 
thrown [s\open\src\hotspot\share\interpreter\linkResolver.cpp, line 774]
Event: 0.529 Thread 0x00000256c1444a40 Exception <a 'java/lang/NoSuchMethodError'{0x000000071277f118}: 'void java.lang.invoke.DirectMethodHandle$Holder.invokeVirtual(java.lang.Object, java.lang.Object)'> (0x000000071277f118) 
thrown [s\open\src\hotspot\share\interpreter\linkResolver.cpp, line 774]
Event: 0.542 Thread 0x00000256c14bc2e0 Exception <a 'java/lang/NoSuchMethodError'{0x00000007122aca10}: 'void java.lang.invoke.DirectMethodHandle$Holder.invokeStaticInit(java.lang.Object)'> (0x00000007122aca10) 
thrown [s\open\src\hotspot\share\interpreter\linkResolver.cpp, line 774]
Event: 1.120 Thread 0x00000256e49291e0 Exception <a 'java/lang/NoSuchMethodError'{0x0000000712188820}: 'java.lang.Object java.lang.invoke.Invokers$Holder.invokeExact_MT(java.lang.Object, java.lang.Object, java.lang.Object, java.lang.Object, java.lang.Object, java.lang.Object)'> (0x0000000712188820) 
thrown [s\open\src\hotspot\share\interpreter\linkResolver.cpp, line 774]

ZGC Phase Switch (0 events):
No events

VM Operations (15 events):
Event: 0.067 Executing VM operation: HandshakeAllThreads (Deoptimize)
Event: 0.067 Executing VM operation: HandshakeAllThreads (Deoptimize) done
Event: 0.535 Executing VM operation: HandshakeAllThreads (Deoptimize)
Event: 0.535 Executing VM operation: HandshakeAllThreads (Deoptimize) done
Event: 0.684 Executing VM operation: HandshakeAllThreads (Deoptimize)
Event: 0.684 Executing VM operation: HandshakeAllThreads (Deoptimize) done
Event: 1.117 Executing VM operation: HandshakeAllThreads (Deoptimize)
Event: 1.117 Executing VM operation: HandshakeAllThreads (Deoptimize) done
Event: 1.117 Executing VM operation: Cleanup
Event: 1.117 Executing VM operation: Cleanup done
Event: 2.131 Executing VM operation: Cleanup
Event: 2.131 Executing VM operation: Cleanup done
Event: 3.144 Executing VM operation: Cleanup
Event: 3.144 Executing VM operation: Cleanup done
Event: 3.439 Executing VM operation: Exit

Events (20 events):
Event: 0.040 Thread 0x00000256e4929c40 Thread added: 0x00000256e4929c40
Event: 0.040 Thread 0x00000256e492c900 Thread added: 0x00000256e492c900
Event: 0.040 Thread 0x00000256e492daa0 Thread added: 0x00000256e492daa0
Event: 0.040 Thread 0x00000256e4932190 Thread added: 0x00000256e4932190
Event: 0.060 Thread 0x00000256e48ed530 Thread added: 0x00000256e48ed530
Event: 0.115 Thread 0x00000256c135e510 Thread added: 0x00000256c135e510
Event: 0.115 Thread 0x00000256c1361ec0 Thread added: 0x00000256c1361ec0
Event: 0.198 Thread 0x00000256c143deb0 Thread added: 0x00000256c143deb0
Event: 0.200 Thread 0x00000256c14411c0 Thread added: 0x00000256c14411c0
Event: 0.201 Thread 0x00000256c1444a40 Thread added: 0x00000256c1444a40
Event: 0.340 Thread 0x00000256c14bc2e0 Thread added: 0x00000256c14bc2e0
Event: 0.340 Thread 0x00000256c3529b90 Thread exited: 0x00000256c3529b90
Event: 0.340 Thread 0x00000256c3529b90 Thread added: 0x00000256c3529b90
Event: 0.583 Thread 0x00000256c267cf20 Thread added: 0x00000256c267cf20
Event: 3.337 Thread 0x00000256c267c890 Thread added: 0x00000256c267c890
Event: 3.337 Thread 0x00000256c267dc40 Thread added: 0x00000256c267dc40
Event: 3.338 Thread 0x00000256c267c890 Thread exited: 0x00000256c267c890
Event: 3.338 Thread 0x00000256c267cf20 Thread exited: 0x00000256c267cf20
Event: 3.356 Thread 0x00000256c1444a40 Thread exited: 0x00000256c1444a40
Event: 3.439 Thread 0x00000256c267dc40 Thread exited: 0x00000256c267dc40


Dynamic libraries:
0x00007ff63de80000 - 0x00007ff63de8e000 	C:\Users\pc\.jdks\openjdk-22.0.1\bin\java.exe
0x00007ff833dd0000 - 0x00007ff833fc8000 	C:\Windows\SYSTEM32\ntdll.dll
0x00007ff833990000 - 0x00007ff833a4d000 	C:\Windows\System32\KERNEL32.DLL
0x00007ff831880000 - 0x00007ff831b76000 	C:\Windows\System32\KERNELBASE.dll
0x00007ff831d00000 - 0x00007ff831e00000 	C:\Windows\System32\ucrtbase.dll
0x00007ff82cf60000 - 0x00007ff82cf77000 	C:\Users\pc\.jdks\openjdk-22.0.1\bin\jli.dll
0x00007ff828e50000 - 0x00007ff828e6b000 	C:\Users\pc\.jdks\openjdk-22.0.1\bin\VCRUNTIME140.dll
0x00007ff8328c0000 - 0x00007ff832a5f000 	C:\Windows\System32\USER32.dll
0x00007ff831530000 - 0x00007ff831552000 	C:\Windows\System32\win32u.dll
0x00007ff81bec0000 - 0x00007ff81c15a000 	C:\Windows\WinSxS\amd64_microsoft.windows.common-controls_6595b64144ccf1df_6.0.19041.4355_none_60b8b9eb71f62e16\COMCTL32.dll
0x00007ff8327b0000 - 0x00007ff8327db000 	C:\Windows\System32\GDI32.dll
0x00007ff831760000 - 0x00007ff831877000 	C:\Windows\System32\gdi32full.dll
0x00007ff832ac0000 - 0x00007ff832b5e000 	C:\Windows\System32\msvcrt.dll
0x00007ff831bd0000 - 0x00007ff831c6d000 	C:\Windows\System32\msvcp_win.dll
0x00007ff833020000 - 0x00007ff833052000 	C:\Windows\System32\IMM32.DLL
0x00007ff82cf40000 - 0x00007ff82cf4c000 	C:\Users\pc\.jdks\openjdk-22.0.1\bin\vcruntime140_1.dll
0x00007ff8092b0000 - 0x00007ff80933e000 	C:\Users\pc\.jdks\openjdk-22.0.1\bin\msvcp140.dll
0x00007fff687b0000 - 0x00007fff694f7000 	C:\Users\pc\.jdks\openjdk-22.0.1\bin\server\jvm.dll
0x00007ff8337b0000 - 0x00007ff833860000 	C:\Windows\System32\ADVAPI32.dll
0x00007ff832b60000 - 0x00007ff832c00000 	C:\Windows\System32\sechost.dll
0x00007ff832680000 - 0x00007ff8327a3000 	C:\Windows\System32\RPCRT4.dll
0x00007ff831730000 - 0x00007ff831757000 	C:\Windows\System32\bcrypt.dll
0x00007ff833920000 - 0x00007ff83398b000 	C:\Windows\System32\WS2_32.dll
0x00007ff830bc0000 - 0x00007ff830c0b000 	C:\Windows\SYSTEM32\POWRPROF.dll
0x00007ff828de0000 - 0x00007ff828e07000 	C:\Windows\SYSTEM32\WINMM.dll
0x00007ff82ab40000 - 0x00007ff82ab4a000 	C:\Windows\SYSTEM32\VERSION.dll
0x00007ff830b30000 - 0x00007ff830b42000 	C:\Windows\SYSTEM32\UMPDC.dll
0x00007ff82f2e0000 - 0x00007ff82f2f2000 	C:\Windows\SYSTEM32\kernel.appcore.dll
0x00007ff82a840000 - 0x00007ff82a84a000 	C:\Users\pc\.jdks\openjdk-22.0.1\bin\jimage.dll
0x00007ff823940000 - 0x00007ff823b24000 	C:\Windows\SYSTEM32\DBGHELP.DLL
0x00007ff8168b0000 - 0x00007ff8168e4000 	C:\Windows\SYSTEM32\dbgcore.DLL
0x00007ff831c70000 - 0x00007ff831cf2000 	C:\Windows\System32\bcryptPrimitives.dll
0x00007ff825f00000 - 0x00007ff825f0f000 	C:\Users\pc\.jdks\openjdk-22.0.1\bin\instrument.dll
0x00007ff825f10000 - 0x00007ff825f2e000 	C:\Users\pc\.jdks\openjdk-22.0.1\bin\java.dll
0x00007ff831e60000 - 0x00007ff8325cd000 	C:\Windows\System32\SHELL32.dll
0x00007ff833b80000 - 0x00007ff833cab000 	C:\Windows\System32\ole32.dll
0x00007ff832c00000 - 0x00007ff832f53000 	C:\Windows\System32\combase.dll
0x00007ff82f4e0000 - 0x00007ff82fc7d000 	C:\Windows\SYSTEM32\windows.storage.dll
0x00007ff830dc0000 - 0x00007ff830dee000 	C:\Windows\SYSTEM32\Wldp.dll
0x00007ff833cb0000 - 0x00007ff833d7d000 	C:\Windows\System32\OLEAUT32.dll
0x00007ff833700000 - 0x00007ff8337ad000 	C:\Windows\System32\SHCORE.dll
0x00007ff832a60000 - 0x00007ff832ab5000 	C:\Windows\System32\shlwapi.dll
0x00007ff8313b0000 - 0x00007ff8313d4000 	C:\Windows\SYSTEM32\profapi.dll
0x00007ffffb1c0000 - 0x00007ffffb297000 	C:\Users\pc\.jdks\openjdk-22.0.1\bin\jsvml.dll
0x00007ff825e30000 - 0x00007ff825e47000 	C:\Users\pc\.jdks\openjdk-22.0.1\bin\zip.dll
0x00007ff825ef0000 - 0x00007ff825f00000 	C:\Users\pc\.jdks\openjdk-22.0.1\bin\net.dll
0x00007ff830b50000 - 0x00007ff830bba000 	C:\Windows\system32\mswsock.dll
0x00007ff825e50000 - 0x00007ff825e66000 	C:\Users\pc\.jdks\openjdk-22.0.1\bin\nio.dll
0x00007ff815d10000 - 0x00007ff815d2a000 	C:\Program Files\JetBrains\IntelliJ IDEA 2024.1.1\bin\breakgen64.dll
0x00007fffd1ff0000 - 0x00007fffd217d000 	C:\Users\pc\.jdks\openjdk-22.0.1\bin\awt.dll
0x00007ff82ec30000 - 0x00007ff82ecc0000 	C:\Windows\SYSTEM32\apphelp.dll
0x00007ff825ee0000 - 0x00007ff825ee9000 	C:\Users\pc\.jdks\openjdk-22.0.1\bin\extnet.dll
0x00007ff82edf0000 - 0x00007ff82ee8e000 	C:\Windows\system32\uxtheme.dll
0x0000000180000000 - 0x0000000188188000 	C:\Program Files (x86)\ASUS\GPUTweakIII\GTIII-OSD\x64\GTIII-OSD64-VK.dll
0x00007ff805630000 - 0x00007ff805794000 	C:\Windows\SYSTEM32\vulkan-1.dll
0x00007ff831b80000 - 0x00007ff831bce000 	C:\Windows\System32\CFGMGR32.dll
0x00007ff82fcc0000 - 0x00007ff82fdb2000 	C:\Windows\system32\dxgi.dll
0x00007ff833a50000 - 0x00007ff833b64000 	C:\Windows\System32\MSCTF.dll
0x00007ff82f100000 - 0x00007ff82f12f000 	C:\Windows\system32\DWMAPI.DLL
0x00007fffd2fe0000 - 0x00007fffd3067000 	C:\Users\pc\.jdks\openjdk-22.0.1\bin\freetype.dll
0x00007fffcf9f0000 - 0x00007fffcfac7000 	C:\Users\pc\.jdks\openjdk-22.0.1\bin\fontmanager.dll
0x00007fffe50e0000 - 0x00007fffe5205000 	C:\Windows\system32\opengl32.dll
0x00007ffff4d90000 - 0x00007ffff4dbc000 	C:\Windows\SYSTEM32\GLU32.dll
0x00007ff831030000 - 0x00007ff831042000 	C:\Windows\SYSTEM32\msasn1.dll
0x00007ff82aa00000 - 0x00007ff82aa31000 	C:\Windows\SYSTEM32\cryptnet.dll
0x00007ff8315d0000 - 0x00007ff83172e000 	C:\Windows\System32\CRYPT32.dll
0x00007ff82a870000 - 0x00007ff82a9b7000 	C:\Windows\SYSTEM32\drvstore.dll
0x00007ff831200000 - 0x00007ff831233000 	C:\Windows\SYSTEM32\devobj.dll
0x00007ff830d30000 - 0x00007ff830d3c000 	C:\Windows\SYSTEM32\cryptbase.dll
0x00007ff831560000 - 0x00007ff8315c7000 	C:\Windows\System32\wintrust.dll
0x00007ff832660000 - 0x00007ff83267d000 	C:\Windows\System32\imagehlp.dll
0x00007ff830e00000 - 0x00007ff830e18000 	C:\Windows\SYSTEM32\CRYPTSP.dll
0x00007ff830410000 - 0x00007ff830444000 	C:\Windows\system32\rsaenh.dll
0x00007ff826400000 - 0x00007ff82861e000 	C:\Windows\System32\DriverStore\FileRepository\nv_dispig.inf_amd64_de8e1115ac61e38a\nvgpucomp64.dll
0x00007ff82fc90000 - 0x00007ff82fcb3000 	C:\Windows\SYSTEM32\gpapi.dll
0x00007ff829d90000 - 0x00007ff829dcb000 	C:\Windows\SYSTEM32\dxcore.dll
0x00007ff825600000 - 0x00007ff8256f9000 	C:\Windows\SYSTEM32\textinputframework.dll
0x00007ff82e920000 - 0x00007ff82ea12000 	C:\Windows\System32\CoreMessaging.dll
0x00007ff82e5c0000 - 0x00007ff82e91b000 	C:\Windows\System32\CoreUIComponents.dll
0x00007ff830530000 - 0x00007ff830563000 	C:\Windows\SYSTEM32\ntmarta.dll
0x00007ff82def0000 - 0x00007ff82e047000 	C:\Windows\SYSTEM32\wintypes.dll
0x00000256f07d0000 - 0x00000256f8a70000 	C:\Program Files (x86)\ASUS\GPUTweakIII\GTIII-OSD\x64\GTIII-OSD64.dll
0x00007fff99580000 - 0x00007fff997e3000 	C:\Windows\SYSTEM32\d3dx9_43.dll
0x00007ff82d940000 - 0x00007ff82dd9d000 	C:\Windows\SYSTEM32\D3DCOMPILER_47.dll
0x00007fffe5890000 - 0x00007fffe58c1000 	C:\Windows\SYSTEM32\d3d10_1.dll
0x00007fffe5ba0000 - 0x00007fffe5bc5000 	C:\Windows\SYSTEM32\d3d12.dll
0x00007ff814c10000 - 0x00007ff814c1d000 	C:\Windows\SYSTEM32\d3d10_1core.dll
0x00007ff82d110000 - 0x00007ff82d373000 	C:\Windows\SYSTEM32\d3d11.dll
0x00000256f8a70000 - 0x0000025700bdb000 	C:\Program Files (x86)\ASUS\GPUTweakIII\GTIII-OSD\x64\GTIII-OSD64-GL.dll
0x00007ff833d80000 - 0x00007ff833d88000 	C:\Windows\System32\PSAPI.DLL
0x0000000072580000 - 0x00000000725e3000 	C:\Program Files (x86)\ASUS\GPUTweakIII\GTIII-OSD\x64\glew32.dll

dbghelp: loaded successfully - version: 4.0.5 - missing functions: none
symbol engine: initialized successfully - sym options: 0x614 - pdb path: .;C:\Users\pc\.jdks\openjdk-22.0.1\bin;C:\Windows\SYSTEM32;C:\Windows\WinSxS\amd64_microsoft.windows.common-controls_6595b64144ccf1df_6.0.19041.4355_none_60b8b9eb71f62e16;C:\Users\pc\.jdks\openjdk-22.0.1\bin\server;C:\Program Files\JetBrains\IntelliJ IDEA 2024.1.1\bin;C:\Program Files (x86)\ASUS\GPUTweakIII\GTIII-OSD\x64;C:\Windows\System32\DriverStore\FileRepository\nv_dispig.inf_amd64_de8e1115ac61e38a

VM Arguments:
jvm_args: -javaagent:C:\Program Files\JetBrains\IntelliJ IDEA 2024.1.1\lib\idea_rt.jar=63716:C:\Program Files\JetBrains\IntelliJ IDEA 2024.1.1\bin -Dfile.encoding=windows-1252 -Dsun.stdout.encoding=windows-1252 -Dsun.stderr.encoding=windows-1252 
java_command: NewJFramone
java_class_path (initial): C:\Users\pc\IdeaProjects\Transport\out\production\Transport
Launcher Type: SUN_STANDARD

[Global flags]
     intx CICompilerCount                          = 4                                         {product} {ergonomic}
     uint ConcGCThreads                            = 3                                         {product} {ergonomic}
     uint G1ConcRefinementThreads                  = 10                                        {product} {ergonomic}
   size_t G1HeapRegionSize                         = 2097152                                   {product} {ergonomic}
   size_t InitialHeapSize                          = 266338304                                 {product} {ergonomic}
   size_t MarkStackSize                            = 4194304                                   {product} {ergonomic}
   size_t MaxHeapSize                              = 4246732800                                {product} {ergonomic}
   size_t MaxNewSize                               = 2548039680                                {product} {ergonomic}
   size_t MinHeapDeltaBytes                        = 2097152                                   {product} {ergonomic}
   size_t MinHeapSize                              = 8388608                                   {product} {ergonomic}
    uintx NonNMethodCodeHeapSize                   = 5839372                                {pd product} {ergonomic}
    uintx NonProfiledCodeHeapSize                  = 122909434                              {pd product} {ergonomic}
    uintx ProfiledCodeHeapSize                     = 122909434                              {pd product} {ergonomic}
    uintx ReservedCodeCacheSize                    = 251658240                              {pd product} {ergonomic}
     bool SegmentedCodeCache                       = true                                      {product} {ergonomic}
   size_t SoftMaxHeapSize                          = 4246732800                             {manageable} {ergonomic}
     bool UseCompressedOops                        = true                           {product lp64_product} {ergonomic}
     bool UseG1GC                                  = true                                      {product} {ergonomic}
     bool UseLargePagesIndividualAllocation        = false                                  {pd product} {ergonomic}

Logging:
Log output configuration:
 #0: stdout all=off uptime,level,tags foldmultilines=false
 #1: stderr all=off uptime,level,tags foldmultilines=false

Environment Variables:
PATH=C:\Program Files (x86)\Common Files\Oracle\Java\java8path;C:\Program Files (x86)\Common Files\Oracle\Java\javapath;C:\Windows\system32;C:\Windows;C:\Windows\System32\Wbem;C:\Windows\System32\WindowsPowerShell\v1.0\;C:\Windows\System32\OpenSSH\;C:\Program Files (x86)\NVIDIA Corporation\PhysX\Common;C:\Program Files\Cloudflare\Cloudflare WARP\;C:\Program Files\Git\cmd;C:\Program Files\dotnet\;C:\Users\pc\AppData\Local\Microsoft\WindowsApps;;C:\Users\pc\AppData\Local\Programs\Microsoft VS Code\bin;E:\New folder (2)\IntelliJ IDEA 2023.2.2\bin;;C:\Program Files\JetBrains\IntelliJ IDEA Educational Edition 2022.2.2\bin;;C:\Program Files\JetBrains\IntelliJ IDEA Community Edition 2023.2.5\bin;
USERNAME=pc
OS=Windows_NT
PROCESSOR_IDENTIFIER=Intel64 Family 6 Model 151 Stepping 5, GenuineIntel
TMP=C:\Users\pc\AppData\Local\Temp
TEMP=C:\Users\pc\AppData\Local\Temp




Periodic native trim disabled

---------------  S Y S T E M  ---------------

OS:
 Windows 10 , 64 bit Build 19041 (10.0.19041.3636)
OS uptime: 0 days 3:25 hours
Hyper-V role detected

CPU: total 12 (initial active 12) (6 cores per cpu, 2 threads per core) family 6 model 151 stepping 5 microcode 0x18, cx8, cmov, fxsr, ht, mmx, 3dnowpref, sse, sse2, sse3, ssse3, sse4.1, sse4.2, popcnt, lzcnt, tsc, tscinvbit, avx, avx2, aes, erms, clmul, bmi1, bmi2, adx, sha, fma, vzeroupper, clflush, clflushopt, clwb, hv, rdtscp, rdpid, fsrm, f16c, cet_ibt, cet_ss
Processor Information for all 12 processors :
  Max Mhz: 2500, Current Mhz: 2500, Mhz Limit: 2500

Memory: 4k page, system-wide physical 16197M (4946M free)
TotalPageFile size 32069M (AvailPageFile size 7442M)
current process WorkingSet (physical memory assigned to process): 94M, peak: 100M
current process commit charge ("private bytes"): 766M, peak: 777M

vm_info: OpenJDK 64-Bit Server VM (22.0.1+8-16) for windows-amd64 JRE (22.0.1+8-16), built on 2024-03-12T10:33:16Z by "mach5one" with MS VC++ 17.6 (VS2022)

END.
