#
# A fatal error has been detected by the Java Runtime Environment:
#
#  EXCEPTION_ACCESS_VIOLATION (0xc0000005) at pc=0x00000196e36a2e99, pid=28008, tid=8884
#
# JRE version: OpenJDK Runtime Environment (22.0.1+8) (build 22.0.1+8-16)
# Java VM: OpenJDK 64-Bit Server VM (22.0.1+8-16, mixed mode, sharing, tiered, compressed oops, compressed class ptrs, g1 gc, windows-amd64)
# Problematic frame:
# C  [GTIII-OSD64.dll+0x2e99]
#
# No core dump will be written. Minidumps are not enabled by default on client versions of Windows
#
# If you would like to submit a bug report, please visit:
#   https://bugreport.java.com/bugreport/crash.jsp
#

---------------  S U M M A R Y ------------

Command Line: -javaagent:C:\Program Files\JetBrains\IntelliJ IDEA 2024.1.1\lib\idea_rt.jar=55440:C:\Program Files\JetBrains\IntelliJ IDEA 2024.1.1\bin -Dfile.encoding=windows-1252 -Dsun.stdout.encoding=windows-1252 -Dsun.stderr.encoding=windows-1252 NewJFramone

Host: 12th Gen Intel(R) Core(TM) i5-12400F, 12 cores, 15G,  Windows 10 , 64 bit Build 19041 (10.0.19041.3636)
Time: Mon May 13 00:19:40 2024 Egypt Daylight Time elapsed time: 4.539759 seconds (0d 0h 0m 4s)

---------------  T H R E A D  ---------------

Current thread (0x00000196ff0a5250):  VMThread "VM Thread"          [id=8884, stack(0x00000010de800000,0x00000010de900000) (1024K)]

Stack: [0x00000010de800000,0x00000010de900000],  sp=0x00000010de8fef60,  free space=1019k
Native frames: (J=compiled Java code, j=interpreted, Vv=VM code, C=native code)
C  [GTIII-OSD64.dll+0x2e99]  (no source info available)
C  [GTIII-OSD64.dll+0x3884]  (no source info available)
C  [GTIII-OSD64.dll+0x330ef]  (no source info available)
C  [GTIII-OSD64.dll+0x35e80]  (no source info available)
C  [GTIII-OSD64.dll+0x2f1ba]  (no source info available)
C  [GTIII-OSD64.dll+0x2f237]  (no source info available)
C  [GTIII-OSD64.dll+0x2f787]  (no source info available)
C  [GTIII-OSD64.dll+0xd97ac]  (no source info available)
C  [ntdll.dll+0x19a1d]  (no source info available)
C  [ntdll.dll+0x5dcda]  (no source info available)
C  [ntdll.dll+0x5da8d]  (no source info available)
C  [KERNEL32.DLL+0x1e3bb]  (no source info available)
C  [ucrtbase.dll+0x205bc]  (no source info available)
C  [ucrtbase.dll+0x2045f]  (no source info available)
V  [jvm.dll+0x6db40b]  (no source info available)
V  [jvm.dll+0x6daf40]  (no source info available)
V  [jvm.dll+0x3e1ea4]  (no source info available)
V  [jvm.dll+0x87d7d0]  (no source info available)
V  [jvm.dll+0x87eb57]  (no source info available)
V  [jvm.dll+0x87f0d0]  (no source info available)
V  [jvm.dll+0x87f373]  (no source info available)
V  [jvm.dll+0x81d44b]  (no source info available)
V  [jvm.dll+0x6e0915]  (no source info available)
C  [ucrtbase.dll+0x21bb2]  (no source info available)
C  [KERNEL32.DLL+0x17344]  (no source info available)
C  [ntdll.dll+0x526b1]  (no source info available)


siginfo: EXCEPTION_ACCESS_VIOLATION (0xc0000005), reading address 0x00007ffe846371d0


Registers:
RAX=0x0000000000000000, RBX=0x00000196da9609e0, RCX=0x0000000000000006, RDX=0x0000000000000000
RSP=0x00000010de8fef60, RBP=0x0000000000000006, RSI=0x0000000000000000, RDI=0x00007ffe846371d0
R8 =0x00000010de8fefd0, R9 =0x0000000000000001, R10=0x0000000000000000, R11=0x00000010de8fef60
R12=0x00000196e3779884, R13=0x00007ffe925f3b20, R14=0x0000000000000005, R15=0x00000010de8fefd0
RIP=0x00000196e36a2e99, EFLAGS=0x0000000000010246


Register to memory mapping:

RAX=0x0 is null
RBX=0x00000196da9609e0 points into unknown readable memory: 0x0000000000000001 | 01 00 00 00 00 00 00 00
RCX=0x0000000000000006 is an unknown value
RDX=0x0 is null
RSP=0x00000010de8fef60 points into unknown readable memory: 0x00000196e36a0000 | 00 00 6a e3 96 01 00 00
RBP=0x0000000000000006 is an unknown value
RSI=0x0 is null
RDI=0x00007ffe846371d0 is an unknown value
R8 =0x00000010de8fefd0 points into unknown readable memory: 0x0000000000000000 | 00 00 00 00 00 00 00 00
R9 =0x0000000000000001 is an unknown value
R10=0x0 is null
R11=0x00000010de8fef60 points into unknown readable memory: 0x00000196e36a0000 | 00 00 6a e3 96 01 00 00
R12=0x00000196e3779884 GTIII-OSD64.dll
R13=0x00007ffe925f3b20 jvm.dll
R14=0x0000000000000005 is an unknown value
R15=0x00000010de8fefd0 points into unknown readable memory: 0x0000000000000000 | 00 00 00 00 00 00 00 00

Top of Stack: (sp=0x00000010de8fef60)
0x00000010de8fef60:   00000196e36a0000 0000000000000002
0x00000010de8fef70:   0000000000000000 00000196e36a2cfb
0x00000010de8fef80:   0000000000000000 0000000000000000
0x00000010de8fef90:   0000000000000001 00000196e36a0000
0x00000010de8fefa0:   0000000000000002 00000196e36a3884
0x00000010de8fefb0:   0000000000000001 0000000000000006
0x00000010de8fefc0:   00000010de8ff3b0 0000000000000000
0x00000010de8fefd0:   0000000000000000 0000000000000000
0x00000010de8fefe0:   0000000000000001 00000196e36d30ef
0x00000010de8feff0:   0000000000000001 00000196e36a0000
0x00000010de8ff000:   00000010de8fef78 00000010de8ff3b0
0x00000010de8ff010:   0000000000000001 00000196e36d5e80
0x00000010de8ff020:   00000010de8ff080 00000000000022b4
0x00000010de8ff030:   00000196eb77e3c4 0000000000006d68
0x00000010de8ff040:   0000000000006d68 00000196e36cf1ba
0x00000010de8ff050:   0000000000000000 00007ffed5d74041
0x00000010de8ff060:   000000000000c33a 00000196e36a0000
0x00000010de8ff070:   0000000000000000 00000196e36cf237
0x00000010de8ff080:   0000000000000000 00000196e1f710e0
0x00000010de8ff090:   00000010de8ff080 0000019600000001
0x00000010de8ff0a0:   0000000000000000 00000196e36cf787
0x00000010de8ff0b0:   00000196da910750 00007ffed6c09877
0x00000010de8ff0c0:   0000000000000001 000000006f930000
0x00000010de8ff0d0:   00007ffe925f3b20 000000006f930000
0x00000010de8ff0e0:   0000000000000001 00007ffed6c09993
0x00000010de8ff0f0:   0000000000000001 00000196e37797ac
0x00000010de8ff100:   0000000000000001 000000007ffe0385
0x00000010de8ff110:   0000000000000000 000000006f94fad5
0x00000010de8ff120:   00000196f2839b38 00007ffed477f05b
0x00000010de8ff130:   0000000000000001 0000000000000016
0x00000010de8ff140:   00000196e36a0000 000000007ffe0384
0x00000010de8ff150:   0000000000000000 00007ffed6c09a1d 

Instructions: (pc=0x00000196e36a2e99)
0x00000196e36a2d99:   03 1d e1 2c 0c 08 c7 44 24 30 22 00 00 00 48 8b
0x00000196e36a2da9:   43 08 48 89 44 24 20 48 8b 43 18 48 83 c0 1e 48
0x00000196e36a2db9:   89 44 24 28 e8 42 0b 00 00 85 c0 75 07 b8 08 00
0x00000196e36a2dc9:   00 00 eb 5b 83 7c 24 34 00 48 8b 4b 08 74 16 8b
0x00000196e36a2dd9:   41 fb 89 43 20 0f b7 41 ff 66 89 43 24 8a 41 01
0x00000196e36a2de9:   88 43 26 eb 0b 8b 01 89 43 20 8a 41 04 88 43 24
0x00000196e36a2df9:   8a 44 24 34 80 63 28 fe 24 01 08 43 28 8b 44 24
0x00000196e36a2e09:   38 83 63 2c f0 83 e0 0f 09 43 2c 48 8b 44 24 3c
0x00000196e36a2e19:   48 89 43 30 48 8b 44 24 44 48 89 43 38 33 c0 48
0x00000196e36a2e29:   8b 4c 24 50 48 33 cc e8 2b 5a 0d 00 48 83 c4 60
0x00000196e36a2e39:   5b c3 cc 48 89 5c 24 10 48 89 6c 24 18 48 89 74
0x00000196e36a2e49:   24 20 57 41 56 41 57 48 83 ec 30 8b d9 4d 8b f8
0x00000196e36a2e59:   48 c1 e3 06 8b f2 48 03 1d 1a 2c 0c 08 8b e9 48
0x00000196e36a2e69:   8b 7b 08 85 d2 74 0f 8b cd e8 01 ff ff ff 85 c0
0x00000196e36a2e79:   0f 85 16 01 00 00 8a 43 28 24 01 74 04 48 83 ef
0x00000196e36a2e89:   05 0f b6 c0 4c 8d 34 45 05 00 00 00 85 f6 75 3d
0x00000196e36a2e99:   80 3f e9 75 38 4c 63 57 01 48 8b 43 18 49 83 c2
0x00000196e36a2ea9:   05 4c 03 d7 48 83 c0 10 49 3b c2 74 20 48 8b 53
0x00000196e36a2eb9:   08 4c 8d 0d 7b ff ff ff 49 8b 4a f8 44 8b c5 4c
0x00000196e36a2ec9:   89 7c 24 20 41 ff 52 f0 e9 bf 00 00 00 4c 8d 4c
0x00000196e36a2ed9:   24 50 41 b8 40 00 00 00 49 8b d6 48 8b cf ff 15
0x00000196e36a2ee9:   93 b4 12 00 85 c0 75 0a b8 0a 00 00 00 e9 9a 00
0x00000196e36a2ef9:   00 00 85 f6 74 1f c6 07 e9 8b 43 18 2b c7 83 c0
0x00000196e36a2f09:   0b 89 47 01 f6 43 28 01 74 2c 48 8b 43 08 66 c7
0x00000196e36a2f19:   00 eb f9 eb 21 8b 43 20 f6 43 28 01 89 07 74 10
0x00000196e36a2f29:   0f b7 43 24 66 89 47 04 8a 43 26 88 47 06 eb 06
0x00000196e36a2f39:   8a 43 24 88 47 04 44 8b 44 24 50 4c 8d 4c 24 50
0x00000196e36a2f49:   49 8b d6 48 8b cf ff 15 2b b4 12 00 ff 15 05 b2
0x00000196e36a2f59:   12 00 4d 8b c6 48 8b d7 48 8b c8 ff 15 2e b3 12
0x00000196e36a2f69:   00 44 8b c6 8b d5 49 8b cf e8 e9 fb ff ff 80 63
0x00000196e36a2f79:   28 fd 40 80 e6 01 40 8a c6 40 c0 e6 02 02 c0 0a
0x00000196e36a2f89:   43 28 24 fb 40 0a c6 88 43 28 33 c0 48 8b 5c 24 


Stack slot to memory mapping:

stack at sp + 0 slots: 0x00000196e36a0000 GTIII-OSD64.dll
stack at sp + 1 slots: 0x0000000000000002 is an unknown value
stack at sp + 2 slots: 0x0 is null
stack at sp + 3 slots: 0x00000196e36a2cfb GTIII-OSD64.dll
stack at sp + 4 slots: 0x0 is null
stack at sp + 5 slots: 0x0 is null
stack at sp + 6 slots: 0x0000000000000001 is an unknown value
stack at sp + 7 slots: 0x00000196e36a0000 GTIII-OSD64.dll

VM_Operation (0x00000010df2febf0): Exit, mode: safepoint, requested by thread 0x00000196da4a87c0


---------------  P R O C E S S  ---------------

Threads class SMR info:
_java_thread_list=0x00000196da49e8d0, length=15, elements={
0x00000196ff0c1c60, 0x00000196ff0c2b80, 0x00000196ff0c8650, 0x00000196ff0cb520,
0x00000196ff0cbf80, 0x00000196ff0cc9e0, 0x00000196ff0cdf90, 0x00000196ff0d2a60,
0x00000196ff08b740, 0x00000196da2f20d0, 0x00000196da36dd30, 0x00000196da40bf40,
0x00000196da40ee90, 0x00000196da4a87c0, 0x00000196f285f0d0
}

Java Threads: ( => current thread )
  0x00000196ff0c1c60 JavaThread "Reference Handler"          daemon [_thread_blocked, id=5204, stack(0x00000010de900000,0x00000010dea00000) (1024K)]
  0x00000196ff0c2b80 JavaThread "Finalizer"                  daemon [_thread_blocked, id=27792, stack(0x00000010dea00000,0x00000010deb00000) (1024K)]
  0x00000196ff0c8650 JavaThread "Signal Dispatcher"          daemon [_thread_blocked, id=24548, stack(0x00000010deb00000,0x00000010dec00000) (1024K)]
  0x00000196ff0cb520 JavaThread "Attach Listener"            daemon [_thread_blocked, id=16084, stack(0x00000010dec00000,0x00000010ded00000) (1024K)]
  0x00000196ff0cbf80 JavaThread "Service Thread"             daemon [_thread_blocked, id=4500, stack(0x00000010ded00000,0x00000010dee00000) (1024K)]
  0x00000196ff0cc9e0 JavaThread "Monitor Deflation Thread"   daemon [_thread_blocked, id=9940, stack(0x00000010dee00000,0x00000010def00000) (1024K)]
  0x00000196ff0cdf90 JavaThread "C2 CompilerThread0"         daemon [_thread_blocked, id=2156, stack(0x00000010def00000,0x00000010df000000) (1024K)]
  0x00000196ff0d2a60 JavaThread "C1 CompilerThread0"         daemon [_thread_blocked, id=17692, stack(0x00000010df000000,0x00000010df100000) (1024K)]
  0x00000196ff08b740 JavaThread "Common-Cleaner"             daemon [_thread_blocked, id=11908, stack(0x00000010df100000,0x00000010df200000) (1024K)]
  0x00000196da2f20d0 JavaThread "Monitor Ctrl-Break"         daemon [_thread_in_native, id=14268, stack(0x00000010df300000,0x00000010df400000) (1024K)]
  0x00000196da36dd30 JavaThread "Notification Thread"        daemon [_thread_blocked, id=28264, stack(0x00000010df400000,0x00000010df500000) (1024K)]
  0x00000196da40bf40 JavaThread "Java2D Disposer"            daemon [_thread_blocked, id=7424, stack(0x00000010df500000,0x00000010df600000) (1024K)]
  0x00000196da40ee90 JavaThread "AWT-Shutdown"                      [_thread_blocked, id=26480, stack(0x00000010df600000,0x00000010df700000) (1024K)]
  0x00000196da4a87c0 JavaThread "AWT-EventQueue-0"                  [_thread_blocked, id=24500, stack(0x00000010df200000,0x00000010df300000) (1024K)]
  0x00000196f285f0d0 JavaThread "DestroyJavaVM"                     [_thread_blocked, id=26744, stack(0x00000010de100000,0x00000010de200000) (1024K)]
Total: 15

Other Threads:
=>0x00000196ff0a5250 VMThread "VM Thread"                           [id=8884, stack(0x00000010de800000,0x00000010de900000) (1024K)]
  0x00000196f4c33cd0 WorkerThread "GC Thread#0"                     [id=28532, stack(0x00000010de200000,0x00000010de300000) (1024K)]
  0x00000196f4c44b80 ConcurrentGCThread "G1 Main Marker"            terminated
  0x00000196f4c45e30 WorkerThread "G1 Conc#0"                       [id=2536, stack(0x00000010de400000,0x00000010de500000) (1024K)]
  0x00000196fef5b540 ConcurrentGCThread "G1 Refine#0"               terminated
  0x00000196fef5c0c0 ConcurrentGCThread "G1 Service"                terminated
Total: 6

Threads with active compile tasks:
Total: 0

VM state: at safepoint (shutting down)

VM Mutex/Monitor currently owned by a thread:  ([mutex/lock_event])
[0x00007ffe925cbbb8] Threads_lock - owner thread: 0x00000196ff0a5250
[0x00007ffe925cbcb8] Heap_lock - owner thread: 0x00000196da4a87c0

Heap address: 0x0000000702e00000, size: 4050 MB, Compressed Oops mode: Zero based, Oop shift amount: 3

CDS archive(s) mapped at: [0x0000019695000000-0x0000019695c50000-0x0000019695c50000), size 12910592, SharedBaseAddress: 0x0000019695000000, ArchiveRelocationMode: 1.
Compressed class space mapped at: 0x0000019696000000-0x00000196d6000000, reserved size: 1073741824
Narrow klass base: 0x0000019695000000, Narrow klass shift: 0, Narrow klass range: 0x41000000

GC Precious Log:
 CardTable entry size: 512
 Card Set container configuration: InlinePtr #cards 4 size 8 Array Of Cards #cards 16 size 48 Howl #buckets 8 coarsen threshold 3686 Howl Bitmap #cards 512 size 80 coarsen threshold 460 Card regions per heap region 1 cards per card region 4096
 CPUs: 12 total, 12 available
 Memory: 16197M
 Large Page Support: Disabled
 NUMA Support: Disabled
 Compressed Oops: Enabled (Zero based)
 Heap Region Size: 2M
 Heap Min Capacity: 8M
 Heap Initial Capacity: 254M
 Heap Max Capacity: 4050M
 Pre-touch: Disabled
 Parallel Workers: 10
 Concurrent Workers: 3
 Concurrent Refinement Workers: 10
 Periodic GC: Disabled

Heap:
 garbage-first heap   total reserved 4147200K, committed 260096K, used 12288K [0x0000000702e00000, 0x0000000800000000)
  region size 2048K, 7 young (14336K), 0 survivors (0K)
 Metaspace       used 9726K, committed 9984K, reserved 1114112K
  class space    used 1106K, committed 1216K, reserved 1048576K

Heap Regions: E=young(eden), S=young(survivor), O=old, HS=humongous(starts), HC=humongous(continues), CS=collection set, F=free, TAMS=top-at-mark-start, PB=parsable bottom
|   0|0x0000000702e00000, 0x0000000702e00000, 0x0000000703000000|  0%| F|  |TAMS 0x0000000702e00000| PB 0x0000000702e00000| Untracked |  0
|   1|0x0000000703000000, 0x0000000703000000, 0x0000000703200000|  0%| F|  |TAMS 0x0000000703000000| PB 0x0000000703000000| Untracked |  0
|   2|0x0000000703200000, 0x0000000703200000, 0x0000000703400000|  0%| F|  |TAMS 0x0000000703200000| PB 0x0000000703200000| Untracked |  0
|   3|0x0000000703400000, 0x0000000703400000, 0x0000000703600000|  0%| F|  |TAMS 0x0000000703400000| PB 0x0000000703400000| Untracked |  0
|   4|0x0000000703600000, 0x0000000703600000, 0x0000000703800000|  0%| F|  |TAMS 0x0000000703600000| PB 0x0000000703600000| Untracked |  0
|   5|0x0000000703800000, 0x0000000703800000, 0x0000000703a00000|  0%| F|  |TAMS 0x0000000703800000| PB 0x0000000703800000| Untracked |  0
|   6|0x0000000703a00000, 0x0000000703a00000, 0x0000000703c00000|  0%| F|  |TAMS 0x0000000703a00000| PB 0x0000000703a00000| Untracked |  0
|   7|0x0000000703c00000, 0x0000000703c00000, 0x0000000703e00000|  0%| F|  |TAMS 0x0000000703c00000| PB 0x0000000703c00000| Untracked |  0
|   8|0x0000000703e00000, 0x0000000703e00000, 0x0000000704000000|  0%| F|  |TAMS 0x0000000703e00000| PB 0x0000000703e00000| Untracked |  0
|   9|0x0000000704000000, 0x0000000704000000, 0x0000000704200000|  0%| F|  |TAMS 0x0000000704000000| PB 0x0000000704000000| Untracked |  0
|  10|0x0000000704200000, 0x0000000704200000, 0x0000000704400000|  0%| F|  |TAMS 0x0000000704200000| PB 0x0000000704200000| Untracked |  0
|  11|0x0000000704400000, 0x0000000704400000, 0x0000000704600000|  0%| F|  |TAMS 0x0000000704400000| PB 0x0000000704400000| Untracked |  0
|  12|0x0000000704600000, 0x0000000704600000, 0x0000000704800000|  0%| F|  |TAMS 0x0000000704600000| PB 0x0000000704600000| Untracked |  0
|  13|0x0000000704800000, 0x0000000704800000, 0x0000000704a00000|  0%| F|  |TAMS 0x0000000704800000| PB 0x0000000704800000| Untracked |  0
|  14|0x0000000704a00000, 0x0000000704a00000, 0x0000000704c00000|  0%| F|  |TAMS 0x0000000704a00000| PB 0x0000000704a00000| Untracked |  0
|  15|0x0000000704c00000, 0x0000000704c00000, 0x0000000704e00000|  0%| F|  |TAMS 0x0000000704c00000| PB 0x0000000704c00000| Untracked |  0
|  16|0x0000000704e00000, 0x0000000704e00000, 0x0000000705000000|  0%| F|  |TAMS 0x0000000704e00000| PB 0x0000000704e00000| Untracked |  0
|  17|0x0000000705000000, 0x0000000705000000, 0x0000000705200000|  0%| F|  |TAMS 0x0000000705000000| PB 0x0000000705000000| Untracked |  0
|  18|0x0000000705200000, 0x0000000705200000, 0x0000000705400000|  0%| F|  |TAMS 0x0000000705200000| PB 0x0000000705200000| Untracked |  0
|  19|0x0000000705400000, 0x0000000705400000, 0x0000000705600000|  0%| F|  |TAMS 0x0000000705400000| PB 0x0000000705400000| Untracked |  0
|  20|0x0000000705600000, 0x0000000705600000, 0x0000000705800000|  0%| F|  |TAMS 0x0000000705600000| PB 0x0000000705600000| Untracked |  0
|  21|0x0000000705800000, 0x0000000705800000, 0x0000000705a00000|  0%| F|  |TAMS 0x0000000705800000| PB 0x0000000705800000| Untracked |  0
|  22|0x0000000705a00000, 0x0000000705a00000, 0x0000000705c00000|  0%| F|  |TAMS 0x0000000705a00000| PB 0x0000000705a00000| Untracked |  0
|  23|0x0000000705c00000, 0x0000000705c00000, 0x0000000705e00000|  0%| F|  |TAMS 0x0000000705c00000| PB 0x0000000705c00000| Untracked |  0
|  24|0x0000000705e00000, 0x0000000705e00000, 0x0000000706000000|  0%| F|  |TAMS 0x0000000705e00000| PB 0x0000000705e00000| Untracked |  0
|  25|0x0000000706000000, 0x0000000706000000, 0x0000000706200000|  0%| F|  |TAMS 0x0000000706000000| PB 0x0000000706000000| Untracked |  0
|  26|0x0000000706200000, 0x0000000706200000, 0x0000000706400000|  0%| F|  |TAMS 0x0000000706200000| PB 0x0000000706200000| Untracked |  0
|  27|0x0000000706400000, 0x0000000706400000, 0x0000000706600000|  0%| F|  |TAMS 0x0000000706400000| PB 0x0000000706400000| Untracked |  0
|  28|0x0000000706600000, 0x0000000706600000, 0x0000000706800000|  0%| F|  |TAMS 0x0000000706600000| PB 0x0000000706600000| Untracked |  0
|  29|0x0000000706800000, 0x0000000706800000, 0x0000000706a00000|  0%| F|  |TAMS 0x0000000706800000| PB 0x0000000706800000| Untracked |  0
|  30|0x0000000706a00000, 0x0000000706a00000, 0x0000000706c00000|  0%| F|  |TAMS 0x0000000706a00000| PB 0x0000000706a00000| Untracked |  0
|  31|0x0000000706c00000, 0x0000000706c00000, 0x0000000706e00000|  0%| F|  |TAMS 0x0000000706c00000| PB 0x0000000706c00000| Untracked |  0
|  32|0x0000000706e00000, 0x0000000706e00000, 0x0000000707000000|  0%| F|  |TAMS 0x0000000706e00000| PB 0x0000000706e00000| Untracked |  0
|  33|0x0000000707000000, 0x0000000707000000, 0x0000000707200000|  0%| F|  |TAMS 0x0000000707000000| PB 0x0000000707000000| Untracked |  0
|  34|0x0000000707200000, 0x0000000707200000, 0x0000000707400000|  0%| F|  |TAMS 0x0000000707200000| PB 0x0000000707200000| Untracked |  0
|  35|0x0000000707400000, 0x0000000707400000, 0x0000000707600000|  0%| F|  |TAMS 0x0000000707400000| PB 0x0000000707400000| Untracked |  0
|  36|0x0000000707600000, 0x0000000707600000, 0x0000000707800000|  0%| F|  |TAMS 0x0000000707600000| PB 0x0000000707600000| Untracked |  0
|  37|0x0000000707800000, 0x0000000707800000, 0x0000000707a00000|  0%| F|  |TAMS 0x0000000707800000| PB 0x0000000707800000| Untracked |  0
|  38|0x0000000707a00000, 0x0000000707a00000, 0x0000000707c00000|  0%| F|  |TAMS 0x0000000707a00000| PB 0x0000000707a00000| Untracked |  0
|  39|0x0000000707c00000, 0x0000000707c00000, 0x0000000707e00000|  0%| F|  |TAMS 0x0000000707c00000| PB 0x0000000707c00000| Untracked |  0
|  40|0x0000000707e00000, 0x0000000707e00000, 0x0000000708000000|  0%| F|  |TAMS 0x0000000707e00000| PB 0x0000000707e00000| Untracked |  0
|  41|0x0000000708000000, 0x0000000708000000, 0x0000000708200000|  0%| F|  |TAMS 0x0000000708000000| PB 0x0000000708000000| Untracked |  0
|  42|0x0000000708200000, 0x0000000708200000, 0x0000000708400000|  0%| F|  |TAMS 0x0000000708200000| PB 0x0000000708200000| Untracked |  0
|  43|0x0000000708400000, 0x0000000708400000, 0x0000000708600000|  0%| F|  |TAMS 0x0000000708400000| PB 0x0000000708400000| Untracked |  0
|  44|0x0000000708600000, 0x0000000708600000, 0x0000000708800000|  0%| F|  |TAMS 0x0000000708600000| PB 0x0000000708600000| Untracked |  0
|  45|0x0000000708800000, 0x0000000708800000, 0x0000000708a00000|  0%| F|  |TAMS 0x0000000708800000| PB 0x0000000708800000| Untracked |  0
|  46|0x0000000708a00000, 0x0000000708a00000, 0x0000000708c00000|  0%| F|  |TAMS 0x0000000708a00000| PB 0x0000000708a00000| Untracked |  0
|  47|0x0000000708c00000, 0x0000000708c00000, 0x0000000708e00000|  0%| F|  |TAMS 0x0000000708c00000| PB 0x0000000708c00000| Untracked |  0
|  48|0x0000000708e00000, 0x0000000708e00000, 0x0000000709000000|  0%| F|  |TAMS 0x0000000708e00000| PB 0x0000000708e00000| Untracked |  0
|  49|0x0000000709000000, 0x0000000709000000, 0x0000000709200000|  0%| F|  |TAMS 0x0000000709000000| PB 0x0000000709000000| Untracked |  0
|  50|0x0000000709200000, 0x0000000709200000, 0x0000000709400000|  0%| F|  |TAMS 0x0000000709200000| PB 0x0000000709200000| Untracked |  0
|  51|0x0000000709400000, 0x0000000709400000, 0x0000000709600000|  0%| F|  |TAMS 0x0000000709400000| PB 0x0000000709400000| Untracked |  0
|  52|0x0000000709600000, 0x0000000709600000, 0x0000000709800000|  0%| F|  |TAMS 0x0000000709600000| PB 0x0000000709600000| Untracked |  0
|  53|0x0000000709800000, 0x0000000709800000, 0x0000000709a00000|  0%| F|  |TAMS 0x0000000709800000| PB 0x0000000709800000| Untracked |  0
|  54|0x0000000709a00000, 0x0000000709a00000, 0x0000000709c00000|  0%| F|  |TAMS 0x0000000709a00000| PB 0x0000000709a00000| Untracked |  0
|  55|0x0000000709c00000, 0x0000000709c00000, 0x0000000709e00000|  0%| F|  |TAMS 0x0000000709c00000| PB 0x0000000709c00000| Untracked |  0
|  56|0x0000000709e00000, 0x0000000709e00000, 0x000000070a000000|  0%| F|  |TAMS 0x0000000709e00000| PB 0x0000000709e00000| Untracked |  0
|  57|0x000000070a000000, 0x000000070a000000, 0x000000070a200000|  0%| F|  |TAMS 0x000000070a000000| PB 0x000000070a000000| Untracked |  0
|  58|0x000000070a200000, 0x000000070a200000, 0x000000070a400000|  0%| F|  |TAMS 0x000000070a200000| PB 0x000000070a200000| Untracked |  0
|  59|0x000000070a400000, 0x000000070a400000, 0x000000070a600000|  0%| F|  |TAMS 0x000000070a400000| PB 0x000000070a400000| Untracked |  0
|  60|0x000000070a600000, 0x000000070a600000, 0x000000070a800000|  0%| F|  |TAMS 0x000000070a600000| PB 0x000000070a600000| Untracked |  0
|  61|0x000000070a800000, 0x000000070a800000, 0x000000070aa00000|  0%| F|  |TAMS 0x000000070a800000| PB 0x000000070a800000| Untracked |  0
|  62|0x000000070aa00000, 0x000000070aa00000, 0x000000070ac00000|  0%| F|  |TAMS 0x000000070aa00000| PB 0x000000070aa00000| Untracked |  0
|  63|0x000000070ac00000, 0x000000070ac00000, 0x000000070ae00000|  0%| F|  |TAMS 0x000000070ac00000| PB 0x000000070ac00000| Untracked |  0
|  64|0x000000070ae00000, 0x000000070ae00000, 0x000000070b000000|  0%| F|  |TAMS 0x000000070ae00000| PB 0x000000070ae00000| Untracked |  0
|  65|0x000000070b000000, 0x000000070b000000, 0x000000070b200000|  0%| F|  |TAMS 0x000000070b000000| PB 0x000000070b000000| Untracked |  0
|  66|0x000000070b200000, 0x000000070b200000, 0x000000070b400000|  0%| F|  |TAMS 0x000000070b200000| PB 0x000000070b200000| Untracked |  0
|  67|0x000000070b400000, 0x000000070b400000, 0x000000070b600000|  0%| F|  |TAMS 0x000000070b400000| PB 0x000000070b400000| Untracked |  0
|  68|0x000000070b600000, 0x000000070b600000, 0x000000070b800000|  0%| F|  |TAMS 0x000000070b600000| PB 0x000000070b600000| Untracked |  0
|  69|0x000000070b800000, 0x000000070b800000, 0x000000070ba00000|  0%| F|  |TAMS 0x000000070b800000| PB 0x000000070b800000| Untracked |  0
|  70|0x000000070ba00000, 0x000000070ba00000, 0x000000070bc00000|  0%| F|  |TAMS 0x000000070ba00000| PB 0x000000070ba00000| Untracked |  0
|  71|0x000000070bc00000, 0x000000070bc00000, 0x000000070be00000|  0%| F|  |TAMS 0x000000070bc00000| PB 0x000000070bc00000| Untracked |  0
|  72|0x000000070be00000, 0x000000070be00000, 0x000000070c000000|  0%| F|  |TAMS 0x000000070be00000| PB 0x000000070be00000| Untracked |  0
|  73|0x000000070c000000, 0x000000070c000000, 0x000000070c200000|  0%| F|  |TAMS 0x000000070c000000| PB 0x000000070c000000| Untracked |  0
|  74|0x000000070c200000, 0x000000070c200000, 0x000000070c400000|  0%| F|  |TAMS 0x000000070c200000| PB 0x000000070c200000| Untracked |  0
|  75|0x000000070c400000, 0x000000070c400000, 0x000000070c600000|  0%| F|  |TAMS 0x000000070c400000| PB 0x000000070c400000| Untracked |  0
|  76|0x000000070c600000, 0x000000070c600000, 0x000000070c800000|  0%| F|  |TAMS 0x000000070c600000| PB 0x000000070c600000| Untracked |  0
|  77|0x000000070c800000, 0x000000070c800000, 0x000000070ca00000|  0%| F|  |TAMS 0x000000070c800000| PB 0x000000070c800000| Untracked |  0
|  78|0x000000070ca00000, 0x000000070ca00000, 0x000000070cc00000|  0%| F|  |TAMS 0x000000070ca00000| PB 0x000000070ca00000| Untracked |  0
|  79|0x000000070cc00000, 0x000000070cc00000, 0x000000070ce00000|  0%| F|  |TAMS 0x000000070cc00000| PB 0x000000070cc00000| Untracked |  0
|  80|0x000000070ce00000, 0x000000070ce00000, 0x000000070d000000|  0%| F|  |TAMS 0x000000070ce00000| PB 0x000000070ce00000| Untracked |  0
|  81|0x000000070d000000, 0x000000070d000000, 0x000000070d200000|  0%| F|  |TAMS 0x000000070d000000| PB 0x000000070d000000| Untracked |  0
|  82|0x000000070d200000, 0x000000070d200000, 0x000000070d400000|  0%| F|  |TAMS 0x000000070d200000| PB 0x000000070d200000| Untracked |  0
|  83|0x000000070d400000, 0x000000070d400000, 0x000000070d600000|  0%| F|  |TAMS 0x000000070d400000| PB 0x000000070d400000| Untracked |  0
|  84|0x000000070d600000, 0x000000070d600000, 0x000000070d800000|  0%| F|  |TAMS 0x000000070d600000| PB 0x000000070d600000| Untracked |  0
|  85|0x000000070d800000, 0x000000070d800000, 0x000000070da00000|  0%| F|  |TAMS 0x000000070d800000| PB 0x000000070d800000| Untracked |  0
|  86|0x000000070da00000, 0x000000070da00000, 0x000000070dc00000|  0%| F|  |TAMS 0x000000070da00000| PB 0x000000070da00000| Untracked |  0
|  87|0x000000070dc00000, 0x000000070dc00000, 0x000000070de00000|  0%| F|  |TAMS 0x000000070dc00000| PB 0x000000070dc00000| Untracked |  0
|  88|0x000000070de00000, 0x000000070de00000, 0x000000070e000000|  0%| F|  |TAMS 0x000000070de00000| PB 0x000000070de00000| Untracked |  0
|  89|0x000000070e000000, 0x000000070e000000, 0x000000070e200000|  0%| F|  |TAMS 0x000000070e000000| PB 0x000000070e000000| Untracked |  0
|  90|0x000000070e200000, 0x000000070e200000, 0x000000070e400000|  0%| F|  |TAMS 0x000000070e200000| PB 0x000000070e200000| Untracked |  0
|  91|0x000000070e400000, 0x000000070e400000, 0x000000070e600000|  0%| F|  |TAMS 0x000000070e400000| PB 0x000000070e400000| Untracked |  0
|  92|0x000000070e600000, 0x000000070e600000, 0x000000070e800000|  0%| F|  |TAMS 0x000000070e600000| PB 0x000000070e600000| Untracked |  0
|  93|0x000000070e800000, 0x000000070e800000, 0x000000070ea00000|  0%| F|  |TAMS 0x000000070e800000| PB 0x000000070e800000| Untracked |  0
|  94|0x000000070ea00000, 0x000000070ea00000, 0x000000070ec00000|  0%| F|  |TAMS 0x000000070ea00000| PB 0x000000070ea00000| Untracked |  0
|  95|0x000000070ec00000, 0x000000070ec00000, 0x000000070ee00000|  0%| F|  |TAMS 0x000000070ec00000| PB 0x000000070ec00000| Untracked |  0
|  96|0x000000070ee00000, 0x000000070ee00000, 0x000000070f000000|  0%| F|  |TAMS 0x000000070ee00000| PB 0x000000070ee00000| Untracked |  0
|  97|0x000000070f000000, 0x000000070f000000, 0x000000070f200000|  0%| F|  |TAMS 0x000000070f000000| PB 0x000000070f000000| Untracked |  0
|  98|0x000000070f200000, 0x000000070f200000, 0x000000070f400000|  0%| F|  |TAMS 0x000000070f200000| PB 0x000000070f200000| Untracked |  0
|  99|0x000000070f400000, 0x000000070f400000, 0x000000070f600000|  0%| F|  |TAMS 0x000000070f400000| PB 0x000000070f400000| Untracked |  0
| 100|0x000000070f600000, 0x000000070f600000, 0x000000070f800000|  0%| F|  |TAMS 0x000000070f600000| PB 0x000000070f600000| Untracked |  0
| 101|0x000000070f800000, 0x000000070f800000, 0x000000070fa00000|  0%| F|  |TAMS 0x000000070f800000| PB 0x000000070f800000| Untracked |  0
| 102|0x000000070fa00000, 0x000000070fa00000, 0x000000070fc00000|  0%| F|  |TAMS 0x000000070fa00000| PB 0x000000070fa00000| Untracked |  0
| 103|0x000000070fc00000, 0x000000070fc00000, 0x000000070fe00000|  0%| F|  |TAMS 0x000000070fc00000| PB 0x000000070fc00000| Untracked |  0
| 104|0x000000070fe00000, 0x000000070fe00000, 0x0000000710000000|  0%| F|  |TAMS 0x000000070fe00000| PB 0x000000070fe00000| Untracked |  0
| 105|0x0000000710000000, 0x0000000710000000, 0x0000000710200000|  0%| F|  |TAMS 0x0000000710000000| PB 0x0000000710000000| Untracked |  0
| 106|0x0000000710200000, 0x0000000710200000, 0x0000000710400000|  0%| F|  |TAMS 0x0000000710200000| PB 0x0000000710200000| Untracked |  0
| 107|0x0000000710400000, 0x0000000710400000, 0x0000000710600000|  0%| F|  |TAMS 0x0000000710400000| PB 0x0000000710400000| Untracked |  0
| 108|0x0000000710600000, 0x0000000710600000, 0x0000000710800000|  0%| F|  |TAMS 0x0000000710600000| PB 0x0000000710600000| Untracked |  0
| 109|0x0000000710800000, 0x0000000710800000, 0x0000000710a00000|  0%| F|  |TAMS 0x0000000710800000| PB 0x0000000710800000| Untracked |  0
| 110|0x0000000710a00000, 0x0000000710a00000, 0x0000000710c00000|  0%| F|  |TAMS 0x0000000710a00000| PB 0x0000000710a00000| Untracked |  0
| 111|0x0000000710c00000, 0x0000000710c00000, 0x0000000710e00000|  0%| F|  |TAMS 0x0000000710c00000| PB 0x0000000710c00000| Untracked |  0
| 112|0x0000000710e00000, 0x0000000710e00000, 0x0000000711000000|  0%| F|  |TAMS 0x0000000710e00000| PB 0x0000000710e00000| Untracked |  0
| 113|0x0000000711000000, 0x0000000711000000, 0x0000000711200000|  0%| F|  |TAMS 0x0000000711000000| PB 0x0000000711000000| Untracked |  0
| 114|0x0000000711200000, 0x0000000711200000, 0x0000000711400000|  0%| F|  |TAMS 0x0000000711200000| PB 0x0000000711200000| Untracked |  0
| 115|0x0000000711400000, 0x0000000711400000, 0x0000000711600000|  0%| F|  |TAMS 0x0000000711400000| PB 0x0000000711400000| Untracked |  0
| 116|0x0000000711600000, 0x0000000711600000, 0x0000000711800000|  0%| F|  |TAMS 0x0000000711600000| PB 0x0000000711600000| Untracked |  0
| 117|0x0000000711800000, 0x0000000711800000, 0x0000000711a00000|  0%| F|  |TAMS 0x0000000711800000| PB 0x0000000711800000| Untracked |  0
| 118|0x0000000711a00000, 0x0000000711a00000, 0x0000000711c00000|  0%| F|  |TAMS 0x0000000711a00000| PB 0x0000000711a00000| Untracked |  0
| 119|0x0000000711c00000, 0x0000000711c00000, 0x0000000711e00000|  0%| F|  |TAMS 0x0000000711c00000| PB 0x0000000711c00000| Untracked |  0
| 120|0x0000000711e00000, 0x0000000711e7ae28, 0x0000000712000000| 24%| E|  |TAMS 0x0000000711e00000| PB 0x0000000711e00000| Complete |  0
| 121|0x0000000712000000, 0x0000000712200000, 0x0000000712200000|100%| E|CS|TAMS 0x0000000712000000| PB 0x0000000712000000| Complete |  0
| 122|0x0000000712200000, 0x0000000712400000, 0x0000000712400000|100%| E|CS|TAMS 0x0000000712200000| PB 0x0000000712200000| Complete |  0
| 123|0x0000000712400000, 0x0000000712600000, 0x0000000712600000|100%| E|CS|TAMS 0x0000000712400000| PB 0x0000000712400000| Complete |  0
| 124|0x0000000712600000, 0x0000000712800000, 0x0000000712800000|100%| E|CS|TAMS 0x0000000712600000| PB 0x0000000712600000| Complete |  0
| 125|0x0000000712800000, 0x0000000712a00000, 0x0000000712a00000|100%| E|CS|TAMS 0x0000000712800000| PB 0x0000000712800000| Complete |  0
| 126|0x0000000712a00000, 0x0000000712c00000, 0x0000000712c00000|100%| E|CS|TAMS 0x0000000712a00000| PB 0x0000000712a00000| Complete |  0

Card table byte_map: [0x00000196fdc70000,0x00000196fe460000] _byte_map_base: 0x00000196fa459000

Marking Bits: (CMBitMap*) 0x00000196f4c343e0
 Bits: [0x000001968f000000, 0x0000019692f48000)

Polling page: 0x00000196f2b00000

Metaspace:

Usage:
  Non-class:      8.42 MB used.
      Class:      1.08 MB used.
       Both:      9.50 MB used.

Virtual space:
  Non-class space:       64.00 MB reserved,       8.56 MB ( 13%) committed,  1 nodes.
      Class space:        1.00 GB reserved,       1.19 MB ( <1%) committed,  1 nodes.
             Both:        1.06 GB reserved,       9.75 MB ( <1%) committed. 

Chunk freelists:
   Non-Class:  6.99 MB
       Class:  14.72 MB
        Both:  21.71 MB

MaxMetaspaceSize: unlimited
CompressedClassSpaceSize: 1.00 GB
Initial GC threshold: 21.00 MB
Current GC threshold: 21.00 MB
CDS: on
 - commit_granule_bytes: 65536.
 - commit_granule_words: 8192.
 - virtual_space_node_default_size: 8388608.
 - enlarge_chunks_in_place: 1.
 - use_allocation_guard: 0.


Internal statistics:

num_allocs_failed_limit: 0.
num_arena_births: 174.
num_arena_deaths: 0.
num_vsnodes_births: 2.
num_vsnodes_deaths: 0.
num_space_committed: 156.
num_space_uncommitted: 0.
num_chunks_returned_to_freelist: 0.
num_chunks_taken_from_freelist: 225.
num_chunk_merges: 0.
num_chunk_splits: 134.
num_chunks_enlarged: 61.
num_inconsistent_stats: 0.

CodeHeap 'non-profiled nmethods': size=120000Kb used=328Kb max_used=328Kb free=119671Kb
 bounds [0x0000019687ad0000, 0x0000019687d40000, 0x000001968f000000]
CodeHeap 'profiled nmethods': size=120000Kb used=1928Kb max_used=1928Kb free=118071Kb
 bounds [0x0000019680000000, 0x0000019680270000, 0x0000019687530000]
CodeHeap 'non-nmethods': size=5760Kb used=1611Kb max_used=1627Kb free=4148Kb
 bounds [0x0000019687530000, 0x00000196877a0000, 0x0000019687ad0000]
 total_blobs=1871 nmethods=1204 adapters=572
 compilation: enabled
              stopped_count=0, restarted_count=0
 full_count=0

Compilation events (20 events):
Event: 3.118 Thread 0x00000196ff0d2a60 1192       3       java.util.concurrent.locks.AbstractQueuedSynchronizer$Node::<init> (5 bytes)
Event: 3.119 Thread 0x00000196ff0d2a60 nmethod 1192 0x00000196801dac90 code [0x00000196801dae20, 0x00000196801daf88]
Event: 3.123 Thread 0x00000196ff0d2a60 1194   !   3       java.util.concurrent.locks.AbstractQueuedSynchronizer::acquire (424 bytes)
Event: 3.125 Thread 0x00000196ff0d2a60 nmethod 1194 0x00000196801db090 code [0x00000196801db440, 0x00000196801dccd8]
Event: 3.125 Thread 0x00000196ff0d2a60 1195       3       java.lang.Thread::isVirtual (5 bytes)
Event: 3.125 Thread 0x00000196ff0d2a60 nmethod 1195 0x00000196801dd510 code [0x00000196801dd6a0, 0x00000196801dd888]
Event: 3.125 Thread 0x00000196ff0d2a60 1196   !   3       java.util.concurrent.locks.AbstractQueuedSynchronizer$ConditionObject::newConditionNode (78 bytes)
Event: 3.125 Thread 0x00000196ff0d2a60 nmethod 1196 0x00000196801dd910 code [0x00000196801ddb60, 0x00000196801de358]
Event: 3.125 Thread 0x00000196ff0d2a60 1198       3       jdk.internal.misc.Unsafe::putIntOpaque (9 bytes)
Event: 3.125 Thread 0x00000196ff0d2a60 nmethod 1198 0x00000196801de610 code [0x00000196801de7a0, 0x00000196801de8b8]
Event: 3.126 Thread 0x00000196ff0d2a60 1200       3       java.util.concurrent.ForkJoinPool::managedBlock (36 bytes)
Event: 3.126 Thread 0x00000196ff0d2a60 nmethod 1200 0x00000196801de990 code [0x00000196801dec00, 0x00000196801df8e0]
Event: 3.126 Thread 0x00000196ff0d2a60 1202       3       java.util.concurrent.locks.AbstractQueuedSynchronizer$ConditionNode::block (15 bytes)
Event: 3.126 Thread 0x00000196ff0d2a60 nmethod 1202 0x00000196801dfc90 code [0x00000196801dfe80, 0x00000196801e0438]
Event: 3.126 Thread 0x00000196ff0d2a60 1201       3       java.util.concurrent.ForkJoinPool::unmanagedBlock (24 bytes)
Event: 3.127 Thread 0x00000196ff0d2a60 nmethod 1201 0x00000196801e0610 code [0x00000196801e0840, 0x00000196801e1200]
Event: 3.127 Thread 0x00000196ff0d2a60 1203       3       java.util.concurrent.locks.AbstractQueuedSynchronizer::enqueue (72 bytes)
Event: 3.128 Thread 0x00000196ff0d2a60 nmethod 1203 0x00000196801e1510 code [0x00000196801e1740, 0x00000196801e1e28]
Event: 3.131 Thread 0x00000196ff0cdf90 1204       4       java.util.ArrayList$Itr::next (66 bytes)
Event: 3.132 Thread 0x00000196ff0cdf90 nmethod 1204 0x0000019687b21e90 code [0x0000019687b22020, 0x0000019687b22198]

GC Heap History (0 events):
No events

Dll operation events (13 events):
Event: 0.008 Loaded shared library C:\Users\pc\.jdks\openjdk-22.0.1\bin\java.dll
Event: 0.036 Loaded shared library C:\Users\pc\.jdks\openjdk-22.0.1\bin\jsvml.dll
Event: 0.064 Loaded shared library C:\Users\pc\.jdks\openjdk-22.0.1\bin\zip.dll
Event: 0.066 Loaded shared library C:\Users\pc\.jdks\openjdk-22.0.1\bin\instrument.dll
Event: 0.070 Loaded shared library C:\Users\pc\.jdks\openjdk-22.0.1\bin\net.dll
Event: 0.071 Loaded shared library C:\Users\pc\.jdks\openjdk-22.0.1\bin\nio.dll
Event: 0.074 Loaded shared library C:\Users\pc\.jdks\openjdk-22.0.1\bin\zip.dll
Event: 0.080 Loaded shared library C:\Program Files\JetBrains\IntelliJ IDEA 2024.1.1\bin\breakgen64.dll
Event: 0.087 Loaded shared library C:\Users\pc\.jdks\openjdk-22.0.1\bin\extnet.dll
Event: 0.090 Loaded shared library C:\Users\pc\.jdks\openjdk-22.0.1\bin\jimage.dll
Event: 0.112 Loaded shared library C:\Users\pc\.jdks\openjdk-22.0.1\bin\awt.dll
Event: 0.286 Loaded shared library C:\Users\pc\.jdks\openjdk-22.0.1\bin\freetype.dll
Event: 0.289 Loaded shared library C:\Users\pc\.jdks\openjdk-22.0.1\bin\fontmanager.dll

Deoptimization events (20 events):
Event: 0.225 Thread 0x00000196f285f0d0 Uncommon trap: trap_request=0xffffff45 fr.pc=0x0000019687ade830 relative=0x0000000000000870
Event: 0.225 Thread 0x00000196f285f0d0 Uncommon trap: reason=unstable_if action=reinterpret pc=0x0000019687ade830 method=java.util.HashMap.putVal(ILjava/lang/Object;Ljava/lang/Object;ZZ)Ljava/lang/Object; @ 69 c2
Event: 0.225 Thread 0x00000196f285f0d0 DEOPT PACKING pc=0x0000019687ade830 sp=0x00000010de1fe010
Event: 0.225 Thread 0x00000196f285f0d0 DEOPT UNPACKING pc=0x00000196875846a2 sp=0x00000010de1fdfc0 mode 2
Event: 0.642 Thread 0x00000196da4a87c0 DEOPT PACKING pc=0x0000019680031cfc sp=0x00000010df2fd5c0
Event: 0.642 Thread 0x00000196da4a87c0 DEOPT UNPACKING pc=0x0000019687584e42 sp=0x00000010df2fc9e0 mode 0
Event: 0.644 Thread 0x00000196da4a87c0 Uncommon trap: trap_request=0xffffffde fr.pc=0x0000019687afbd8c relative=0x0000000000000c0c
Event: 0.644 Thread 0x00000196da4a87c0 Uncommon trap: reason=class_check action=maybe_recompile pc=0x0000019687afbd8c method=java.util.HashMap.resize()[Ljava/util/HashMap$Node; @ 200 c2
Event: 0.644 Thread 0x00000196da4a87c0 DEOPT PACKING pc=0x0000019687afbd8c sp=0x00000010df2fe0c0
Event: 0.644 Thread 0x00000196da4a87c0 DEOPT UNPACKING pc=0x00000196875846a2 sp=0x00000010df2fe050 mode 2
Event: 0.738 Thread 0x00000196da4a87c0 Uncommon trap: trap_request=0xffffff45 fr.pc=0x0000019687b06bf4 relative=0x0000000000000074
Event: 0.738 Thread 0x00000196da4a87c0 Uncommon trap: reason=unstable_if action=reinterpret pc=0x0000019687b06bf4 method=java.lang.CharacterDataLatin1.toLowerCase(I)I @ 16 c2
Event: 0.738 Thread 0x00000196da4a87c0 DEOPT PACKING pc=0x0000019687b06bf4 sp=0x00000010df2fcd70
Event: 0.738 Thread 0x00000196da4a87c0 DEOPT UNPACKING pc=0x00000196875846a2 sp=0x00000010df2fccf0 mode 2
Event: 0.755 Thread 0x00000196da4a87c0 Uncommon trap: trap_request=0xffffff45 fr.pc=0x0000019687b07e74 relative=0x0000000000000414
Event: 0.755 Thread 0x00000196da4a87c0 Uncommon trap: reason=unstable_if action=reinterpret pc=0x0000019687b07e74 method=java.lang.CharacterDataLatin1.isUpperCase(I)Z @ 7 c2
Event: 0.755 Thread 0x00000196da4a87c0 DEOPT PACKING pc=0x0000019687b07e74 sp=0x00000010df2fd5d0
Event: 0.755 Thread 0x00000196da4a87c0 DEOPT UNPACKING pc=0x00000196875846a2 sp=0x00000010df2fd4d8 mode 2
Event: 0.813 Thread 0x00000196da4a87c0 DEOPT PACKING pc=0x00000196800253cc sp=0x00000010df2fcf80
Event: 0.813 Thread 0x00000196da4a87c0 DEOPT UNPACKING pc=0x0000019687584e42 sp=0x00000010df2fc3e8 mode 0

Classes loaded (20 events):
Event: 2.777 Loading class sun/awt/AWTAccessor$MouseEventAccessor done
Event: 2.777 Loading class java/awt/event/MouseEvent$1 done
Event: 2.778 Loading class java/awt/Cursor$CursorDisposer
Event: 2.778 Loading class java/awt/Cursor$CursorDisposer done
Event: 2.779 Loading class java/awt/Container$MouseEventTargetFilter
Event: 2.779 Loading class java/awt/Container$EventTargetFilter
Event: 2.779 Loading class java/awt/Container$EventTargetFilter done
Event: 2.779 Loading class java/awt/Container$MouseEventTargetFilter done
Event: 2.779 Loading class java/awt/LightweightDispatcher$1
Event: 2.779 Loading class java/awt/LightweightDispatcher$1 done
Event: 2.779 Loading class java/awt/event/AWTEventListenerProxy
Event: 2.779 Loading class java/awt/event/AWTEventListenerProxy done
Event: 2.779 Loading class java/awt/Toolkit$SelectiveAWTEventListener
Event: 2.779 Loading class java/awt/Toolkit$SelectiveAWTEventListener done
Event: 2.779 Loading class java/awt/Toolkit$ToolkitEventMulticaster
Event: 2.779 Loading class java/awt/Toolkit$ToolkitEventMulticaster done
Event: 2.779 Loading class java/awt/event/MouseWheelEvent
Event: 2.779 Loading class java/awt/event/MouseWheelEvent done
Event: 3.147 Loading class java/awt/LightweightDispatcher$2
Event: 3.148 Loading class java/awt/LightweightDispatcher$2 done

Classes unloaded (0 events):
No events

Classes redefined (0 events):
No events

Internal exceptions (20 events):
Event: 0.393 Thread 0x00000196f285f0d0 Exception <a 'java/lang/ClassNotFoundException'{0x0000000712515bc8}: ToggleButton> (0x0000000712515bc8) 
thrown [s\open\src\hotspot\share\classfile\systemDictionary.cpp, line 313]
Event: 0.393 Thread 0x00000196f285f0d0 Exception <a 'java/lang/ClassNotFoundException'{0x0000000712516008}: javax/swing/JToolBarSeparator> (0x0000000712516008) 
thrown [s\open\src\hotspot\share\classfile\systemDictionary.cpp, line 313]
Event: 0.393 Thread 0x00000196f285f0d0 Exception <a 'java/lang/ClassNotFoundException'{0x0000000712516318}: ToolBarSeparator> (0x0000000712516318) 
thrown [s\open\src\hotspot\share\classfile\systemDictionary.cpp, line 313]
Event: 0.394 Thread 0x00000196f285f0d0 Exception <a 'java/lang/ClassNotFoundException'{0x0000000712516820}: ToolTip> (0x0000000712516820) 
thrown [s\open\src\hotspot\share\classfile\systemDictionary.cpp, line 313]
Event: 0.395 Thread 0x00000196f285f0d0 Exception <a 'java/lang/ClassNotFoundException'{0x0000000712517160}: Tree> (0x0000000712517160) 
thrown [s\open\src\hotspot\share\classfile\systemDictionary.cpp, line 313]
Event: 0.395 Thread 0x00000196f285f0d0 Exception <a 'java/lang/ClassNotFoundException'{0x0000000712517658}: Tree> (0x0000000712517658) 
thrown [s\open\src\hotspot\share\classfile\systemDictionary.cpp, line 313]
Event: 0.395 Thread 0x00000196f285f0d0 Exception <a 'java/lang/ClassNotFoundException'{0x00000007125179c8}: javax/swing/JTreeCell> (0x00000007125179c8) 
thrown [s\open\src\hotspot\share\classfile\systemDictionary.cpp, line 313]
Event: 0.396 Thread 0x00000196f285f0d0 Exception <a 'java/lang/ClassNotFoundException'{0x0000000712517cd0}: TreeCell> (0x0000000712517cd0) 
thrown [s\open\src\hotspot\share\classfile\systemDictionary.cpp, line 313]
Event: 0.396 Thread 0x00000196f285f0d0 Exception <a 'java/lang/ClassNotFoundException'{0x0000000712518478}: RootPane> (0x0000000712518478) 
thrown [s\open\src\hotspot\share\classfile\systemDictionary.cpp, line 313]
Event: 0.400 Thread 0x00000196f285f0d0 Exception <a 'java/lang/ClassNotFoundException'{0x000000071251b208}: com/sun/swing/internal/plaf/metal/resources/spi/metalProvider> (0x000000071251b208) 
thrown [s\open\src\hotspot\share\classfile\systemDictionary.cpp, line 313]
Event: 0.401 Thread 0x00000196f285f0d0 Exception <a 'java/lang/ClassNotFoundException'{0x000000071251ef58}: com/sun/swing/internal/plaf/basic/resources/spi/basicProvider> (0x000000071251ef58) 
thrown [s\open\src\hotspot\share\classfile\systemDictionary.cpp, line 313]
Event: 0.618 Thread 0x00000196da4a87c0 Exception <a 'java/lang/ClassNotFoundException'{0x0000000712200fa8}: com/sun/swing/internal/plaf/synth/resources/spi/synthProvider> (0x0000000712200fa8) 
thrown [s\open\src\hotspot\share\classfile\systemDictionary.cpp, line 313]
Event: 0.634 Thread 0x00000196da4a87c0 Exception <a 'java/lang/NoSuchMethodError'{0x0000000712244308}: 'int java.lang.invoke.Invokers$Holder.invokeExact_MT(java.lang.Object, java.lang.Object)'> (0x0000000712244308) 
thrown [s\open\src\hotspot\share\interpreter\linkResolver.cpp, line 774]
Event: 0.639 Thread 0x00000196da4a87c0 Exception <a 'java/lang/NoSuchMethodError'{0x000000071224bac8}: 'java.lang.Object java.lang.invoke.DirectMethodHandle$Holder.newInvokeSpecial(java.lang.Object, java.lang.Object, int)'> (0x000000071224bac8) 
thrown [s\open\src\hotspot\share\interpreter\linkResolver.cpp, line 774]
Event: 0.640 Thread 0x00000196da4a87c0 Exception <a 'java/lang/NoSuchMethodError'{0x0000000712250958}: 'int java.lang.invoke.DirectMethodHandle$Holder.invokeSpecial(java.lang.Object, java.lang.Object, java.lang.Object, int)'> (0x0000000712250958) 
thrown [s\open\src\hotspot\share\interpreter\linkResolver.cpp, line 774]
Event: 0.641 Thread 0x00000196da4a87c0 Exception <a 'java/lang/NoSuchMethodError'{0x0000000712263310}: 'java.lang.Object java.lang.invoke.DirectMethodHandle$Holder.invokeStatic(java.lang.Object, java.lang.Object, java.lang.Object, java.lang.Object, int)'> (0x0000000712263310) 
thrown [s\open\src\hotspot\share\interpreter\linkResolver.cpp, line 774]
Event: 0.642 Thread 0x00000196da4a87c0 Exception <a 'java/lang/NoSuchMethodError'{0x000000071226b908}: 'int java.lang.invoke.DirectMethodHandle$Holder.invokeSpecial(java.lang.Object, java.lang.Object, java.lang.Object)'> (0x000000071226b908) 
thrown [s\open\src\hotspot\share\interpreter\linkResolver.cpp, line 774]
Event: 0.658 Thread 0x00000196da40f910 Exception <a 'java/lang/NoSuchMethodError'{0x000000071277f1d0}: 'void java.lang.invoke.DirectMethodHandle$Holder.invokeVirtual(java.lang.Object, java.lang.Object)'> (0x000000071277f1d0) 
thrown [s\open\src\hotspot\share\interpreter\linkResolver.cpp, line 774]
Event: 0.686 Thread 0x00000196da4a87c0 Exception <a 'java/lang/NoSuchMethodError'{0x00000007122ac838}: 'void java.lang.invoke.DirectMethodHandle$Holder.invokeStaticInit(java.lang.Object)'> (0x00000007122ac838) 
thrown [s\open\src\hotspot\share\interpreter\linkResolver.cpp, line 774]
Event: 1.134 Thread 0x00000196ff0cb520 Exception <a 'java/lang/NoSuchMethodError'{0x0000000712188bc0}: 'java.lang.Object java.lang.invoke.Invokers$Holder.invokeExact_MT(java.lang.Object, java.lang.Object, java.lang.Object, java.lang.Object, java.lang.Object, java.lang.Object)'> (0x0000000712188bc0) 
thrown [s\open\src\hotspot\share\interpreter\linkResolver.cpp, line 774]

ZGC Phase Switch (0 events):
No events

VM Operations (17 events):
Event: 0.055 Executing VM operation: HandshakeAllThreads (Deoptimize)
Event: 0.055 Executing VM operation: HandshakeAllThreads (Deoptimize) done
Event: 0.143 Executing VM operation: HandshakeAllThreads (Deoptimize)
Event: 0.143 Executing VM operation: HandshakeAllThreads (Deoptimize) done
Event: 0.667 Executing VM operation: HandshakeAllThreads (Deoptimize)
Event: 0.667 Executing VM operation: HandshakeAllThreads (Deoptimize) done
Event: 0.843 Executing VM operation: HandshakeAllThreads (Deoptimize)
Event: 0.843 Executing VM operation: HandshakeAllThreads (Deoptimize) done
Event: 1.130 Executing VM operation: HandshakeAllThreads (Deoptimize)
Event: 1.130 Executing VM operation: HandshakeAllThreads (Deoptimize) done
Event: 1.130 Executing VM operation: Cleanup
Event: 1.130 Executing VM operation: Cleanup done
Event: 2.135 Executing VM operation: Cleanup
Event: 2.135 Executing VM operation: Cleanup done
Event: 3.148 Executing VM operation: Cleanup
Event: 3.148 Executing VM operation: Cleanup done
Event: 4.050 Executing VM operation: Exit

Events (20 events):
Event: 0.035 Thread 0x00000196ff0cdf90 Thread added: 0x00000196ff0cdf90
Event: 0.035 Thread 0x00000196ff0d2a60 Thread added: 0x00000196ff0d2a60
Event: 0.050 Thread 0x00000196ff08b740 Thread added: 0x00000196ff08b740
Event: 0.061 Thread 0x00000196da2bf7b0 Thread added: 0x00000196da2bf7b0
Event: 0.081 Thread 0x00000196da2f20d0 Thread added: 0x00000196da2f20d0
Event: 0.081 Thread 0x00000196da36dd30 Thread added: 0x00000196da36dd30
Event: 0.190 Thread 0x00000196da40bf40 Thread added: 0x00000196da40bf40
Event: 0.191 Thread 0x00000196da40ee90 Thread added: 0x00000196da40ee90
Event: 0.193 Thread 0x00000196da40f910 Thread added: 0x00000196da40f910
Event: 0.372 Thread 0x00000196da2bf7b0 Thread exited: 0x00000196da2bf7b0
Event: 0.431 Thread 0x00000196da4a87c0 Thread added: 0x00000196da4a87c0
Event: 0.433 Thread 0x00000196f285f0d0 Thread exited: 0x00000196f285f0d0
Event: 0.433 Thread 0x00000196f285f0d0 Thread added: 0x00000196f285f0d0
Event: 0.727 Thread 0x00000196da4f09e0 Thread added: 0x00000196da4f09e0
Event: 3.941 Thread 0x00000196da4ee280 Thread added: 0x00000196da4ee280
Event: 3.941 Thread 0x00000196da4ed560 Thread added: 0x00000196da4ed560
Event: 3.941 Thread 0x00000196da4ed560 Thread exited: 0x00000196da4ed560
Event: 3.941 Thread 0x00000196da4f09e0 Thread exited: 0x00000196da4f09e0
Event: 4.000 Thread 0x00000196da40f910 Thread exited: 0x00000196da40f910
Event: 4.050 Thread 0x00000196da4ee280 Thread exited: 0x00000196da4ee280


Dynamic libraries:
0x00007ff6a3e10000 - 0x00007ff6a3e1e000 	C:\Users\pc\.jdks\openjdk-22.0.1\bin\java.exe
0x00007ffed6bf0000 - 0x00007ffed6de8000 	C:\Windows\SYSTEM32\ntdll.dll
0x00007ffed5f10000 - 0x00007ffed5fcd000 	C:\Windows\System32\KERNEL32.DLL
0x00007ffed4440000 - 0x00007ffed4736000 	C:\Windows\System32\KERNELBASE.dll
0x00007ffed4770000 - 0x00007ffed4870000 	C:\Windows\System32\ucrtbase.dll
0x00007ffecfe90000 - 0x00007ffecfeab000 	C:\Users\pc\.jdks\openjdk-22.0.1\bin\VCRUNTIME140.dll
0x00007ffecbf40000 - 0x00007ffecbf57000 	C:\Users\pc\.jdks\openjdk-22.0.1\bin\jli.dll
0x00007ffed5d70000 - 0x00007ffed5f0f000 	C:\Windows\System32\USER32.dll
0x00007ffed4740000 - 0x00007ffed4762000 	C:\Windows\System32\win32u.dll
0x00007ffed5fd0000 - 0x00007ffed5ffb000 	C:\Windows\System32\GDI32.dll
0x00007ffed4320000 - 0x00007ffed4437000 	C:\Windows\System32\gdi32full.dll
0x00007ffec54d0000 - 0x00007ffec576a000 	C:\Windows\WinSxS\amd64_microsoft.windows.common-controls_6595b64144ccf1df_6.0.19041.4355_none_60b8b9eb71f62e16\COMCTL32.dll
0x00007ffed4920000 - 0x00007ffed49bd000 	C:\Windows\System32\msvcp_win.dll
0x00007ffed5cd0000 - 0x00007ffed5d6e000 	C:\Windows\System32\msvcrt.dll
0x00007ffed6070000 - 0x00007ffed60a2000 	C:\Windows\System32\IMM32.DLL
0x00007ffed1970000 - 0x00007ffed197c000 	C:\Users\pc\.jdks\openjdk-22.0.1\bin\vcruntime140_1.dll
0x00007ffebb270000 - 0x00007ffebb2fe000 	C:\Users\pc\.jdks\openjdk-22.0.1\bin\msvcp140.dll
0x00007ffe91960000 - 0x00007ffe926a7000 	C:\Users\pc\.jdks\openjdk-22.0.1\bin\server\jvm.dll
0x00007ffed4c20000 - 0x00007ffed4cd0000 	C:\Windows\System32\ADVAPI32.dll
0x00007ffed6120000 - 0x00007ffed61c0000 	C:\Windows\System32\sechost.dll
0x00007ffed65f0000 - 0x00007ffed6713000 	C:\Windows\System32\RPCRT4.dll
0x00007ffed42a0000 - 0x00007ffed42c7000 	C:\Windows\System32\bcrypt.dll
0x00007ffed60b0000 - 0x00007ffed611b000 	C:\Windows\System32\WS2_32.dll
0x00007ffed3970000 - 0x00007ffed39bb000 	C:\Windows\SYSTEM32\POWRPROF.dll
0x00007ffecc460000 - 0x00007ffecc46a000 	C:\Windows\SYSTEM32\VERSION.dll
0x00007ffec6f50000 - 0x00007ffec6f77000 	C:\Windows\SYSTEM32\WINMM.dll
0x00007ffed38c0000 - 0x00007ffed38d2000 	C:\Windows\SYSTEM32\UMPDC.dll
0x00007ffed2100000 - 0x00007ffed2112000 	C:\Windows\SYSTEM32\kernel.appcore.dll
0x00007ffecfe30000 - 0x00007ffecfe3a000 	C:\Users\pc\.jdks\openjdk-22.0.1\bin\jimage.dll
0x00007ffec2520000 - 0x00007ffec2704000 	C:\Windows\SYSTEM32\DBGHELP.DLL
0x00007ffeb9550000 - 0x00007ffeb9584000 	C:\Windows\SYSTEM32\dbgcore.DLL
0x00007ffed4b90000 - 0x00007ffed4c12000 	C:\Windows\System32\bcryptPrimitives.dll
0x00007ffecd9f0000 - 0x00007ffecd9ff000 	C:\Users\pc\.jdks\openjdk-22.0.1\bin\instrument.dll
0x00007ffec2900000 - 0x00007ffec291e000 	C:\Users\pc\.jdks\openjdk-22.0.1\bin\java.dll
0x00007ffed5560000 - 0x00007ffed5ccd000 	C:\Windows\System32\SHELL32.dll
0x00007ffed5430000 - 0x00007ffed555b000 	C:\Windows\System32\ole32.dll
0x00007ffed6290000 - 0x00007ffed65e3000 	C:\Windows\System32\combase.dll
0x00007ffed2300000 - 0x00007ffed2a9d000 	C:\Windows\SYSTEM32\windows.storage.dll
0x00007ffed3be0000 - 0x00007ffed3c0e000 	C:\Windows\SYSTEM32\Wldp.dll
0x00007ffed61c0000 - 0x00007ffed628d000 	C:\Windows\System32\OLEAUT32.dll
0x00007ffed68d0000 - 0x00007ffed697d000 	C:\Windows\System32\SHCORE.dll
0x00007ffed6010000 - 0x00007ffed6065000 	C:\Windows\System32\shlwapi.dll
0x00007ffed41d0000 - 0x00007ffed41f4000 	C:\Windows\SYSTEM32\profapi.dll
0x00007ffeb20a0000 - 0x00007ffeb2177000 	C:\Users\pc\.jdks\openjdk-22.0.1\bin\jsvml.dll
0x00007ffec2880000 - 0x00007ffec2897000 	C:\Users\pc\.jdks\openjdk-22.0.1\bin\zip.dll
0x00007ffec8490000 - 0x00007ffec84a0000 	C:\Users\pc\.jdks\openjdk-22.0.1\bin\net.dll
0x00007ffed39c0000 - 0x00007ffed3a2a000 	C:\Windows\system32\mswsock.dll
0x00007ffebbad0000 - 0x00007ffebbae6000 	C:\Users\pc\.jdks\openjdk-22.0.1\bin\nio.dll
0x00007ffeb2670000 - 0x00007ffeb268a000 	C:\Program Files\JetBrains\IntelliJ IDEA 2024.1.1\bin\breakgen64.dll
0x00007ffec28b0000 - 0x00007ffec28b9000 	C:\Users\pc\.jdks\openjdk-22.0.1\bin\extnet.dll
0x00007ffe8e300000 - 0x00007ffe8e48d000 	C:\Users\pc\.jdks\openjdk-22.0.1\bin\awt.dll
0x00007ffed1a50000 - 0x00007ffed1ae0000 	C:\Windows\SYSTEM32\apphelp.dll
0x00007ffed1c10000 - 0x00007ffed1cae000 	C:\Windows\system32\uxtheme.dll
0x0000000180000000 - 0x0000000188188000 	C:\Program Files (x86)\ASUS\GPUTweakIII\GTIII-OSD\x64\GTIII-OSD64-VK.dll
0x00007ffe31a90000 - 0x00007ffe31bf4000 	C:\Windows\SYSTEM32\vulkan-1.dll
0x00007ffed42d0000 - 0x00007ffed431e000 	C:\Windows\System32\CFGMGR32.dll
0x00007ffed2ae0000 - 0x00007ffed2bd2000 	C:\Windows\system32\dxgi.dll
0x00007ffed6980000 - 0x00007ffed6a94000 	C:\Windows\System32\MSCTF.dll
0x00007ffed1e10000 - 0x00007ffed1e3f000 	C:\Windows\system32\DWMAPI.DLL
0x00007ffe9bf20000 - 0x00007ffe9bfa7000 	C:\Users\pc\.jdks\openjdk-22.0.1\bin\freetype.dll
0x00007ffe915e0000 - 0x00007ffe916b7000 	C:\Users\pc\.jdks\openjdk-22.0.1\bin\fontmanager.dll
0x00007ffe7ea80000 - 0x00007ffe7eba5000 	C:\Windows\system32\opengl32.dll
0x00007ffeb7370000 - 0x00007ffeb739c000 	C:\Windows\SYSTEM32\GLU32.dll
0x00007ffed3e50000 - 0x00007ffed3e62000 	C:\Windows\SYSTEM32\msasn1.dll
0x00007ffecc420000 - 0x00007ffecc451000 	C:\Windows\SYSTEM32\cryptnet.dll
0x00007ffed49c0000 - 0x00007ffed4b1e000 	C:\Windows\System32\CRYPT32.dll
0x00007ffecce50000 - 0x00007ffeccf97000 	C:\Windows\SYSTEM32\drvstore.dll
0x00007ffed4020000 - 0x00007ffed4053000 	C:\Windows\SYSTEM32\devobj.dll
0x00007ffed3b50000 - 0x00007ffed3b5c000 	C:\Windows\SYSTEM32\cryptbase.dll
0x00007ffed4b20000 - 0x00007ffed4b87000 	C:\Windows\System32\wintrust.dll
0x00007ffed6b90000 - 0x00007ffed6bad000 	C:\Windows\System32\imagehlp.dll
0x00007ffed3c20000 - 0x00007ffed3c38000 	C:\Windows\SYSTEM32\CRYPTSP.dll
0x00007ffed3230000 - 0x00007ffed3264000 	C:\Windows\system32\rsaenh.dll
0x00007ffec9ca0000 - 0x00007ffecbebe000 	C:\Windows\System32\DriverStore\FileRepository\nv_dispig.inf_amd64_de8e1115ac61e38a\nvgpucomp64.dll
0x00007ffed2ab0000 - 0x00007ffed2ad3000 	C:\Windows\SYSTEM32\gpapi.dll
0x00007ffeccd10000 - 0x00007ffeccd4b000 	C:\Windows\SYSTEM32\dxcore.dll
0x00007ffec8290000 - 0x00007ffec8389000 	C:\Windows\SYSTEM32\textinputframework.dll
0x00007ffed13e0000 - 0x00007ffed173b000 	C:\Windows\System32\CoreUIComponents.dll
0x00007ffed1740000 - 0x00007ffed1832000 	C:\Windows\System32\CoreMessaging.dll
0x00007ffed3350000 - 0x00007ffed3383000 	C:\Windows\SYSTEM32\ntmarta.dll
0x00007ffed0080000 - 0x00007ffed01d7000 	C:\Windows\SYSTEM32\wintypes.dll
0x00000196e36a0000 - 0x00000196eb940000 	C:\Program Files (x86)\ASUS\GPUTweakIII\GTIII-OSD\x64\GTIII-OSD64.dll
0x00007ffe110d0000 - 0x00007ffe11333000 	C:\Windows\SYSTEM32\d3dx9_43.dll
0x00007ffed01e0000 - 0x00007ffed063d000 	C:\Windows\SYSTEM32\D3DCOMPILER_47.dll
0x00007ffe6c390000 - 0x00007ffe6c3c1000 	C:\Windows\SYSTEM32\d3d10_1.dll
0x00007ffe83cf0000 - 0x00007ffe83d15000 	C:\Windows\SYSTEM32\d3d12.dll
0x00007ffebb360000 - 0x00007ffebb36d000 	C:\Windows\SYSTEM32\d3d10_1core.dll
0x00007ffed0640000 - 0x00007ffed08a3000 	C:\Windows\SYSTEM32\d3d11.dll
0x00000196ff110000 - 0x000001970727b000 	C:\Program Files (x86)\ASUS\GPUTweakIII\GTIII-OSD\x64\GTIII-OSD64-GL.dll
0x00007ffed5360000 - 0x00007ffed5368000 	C:\Windows\System32\PSAPI.DLL
0x000000006f930000 - 0x000000006f993000 	C:\Program Files (x86)\ASUS\GPUTweakIII\GTIII-OSD\x64\glew32.dll

dbghelp: loaded successfully - version: 4.0.5 - missing functions: none
symbol engine: initialized successfully - sym options: 0x614 - pdb path: .;C:\Users\pc\.jdks\openjdk-22.0.1\bin;C:\Windows\SYSTEM32;C:\Windows\WinSxS\amd64_microsoft.windows.common-controls_6595b64144ccf1df_6.0.19041.4355_none_60b8b9eb71f62e16;C:\Users\pc\.jdks\openjdk-22.0.1\bin\server;C:\Program Files\JetBrains\IntelliJ IDEA 2024.1.1\bin;C:\Program Files (x86)\ASUS\GPUTweakIII\GTIII-OSD\x64;C:\Windows\System32\DriverStore\FileRepository\nv_dispig.inf_amd64_de8e1115ac61e38a

VM Arguments:
jvm_args: -javaagent:C:\Program Files\JetBrains\IntelliJ IDEA 2024.1.1\lib\idea_rt.jar=55440:C:\Program Files\JetBrains\IntelliJ IDEA 2024.1.1\bin -Dfile.encoding=windows-1252 -Dsun.stdout.encoding=windows-1252 -Dsun.stderr.encoding=windows-1252 
java_command: NewJFramone
java_class_path (initial): C:\Users\pc\IdeaProjects\Transport\out\production\Transport
Launcher Type: SUN_STANDARD

[Global flags]
     intx CICompilerCount                          = 4                                         {product} {ergonomic}
     uint ConcGCThreads                            = 3                                         {product} {ergonomic}
     uint G1ConcRefinementThreads                  = 10                                        {product} {ergonomic}
   size_t G1HeapRegionSize                         = 2097152                                   {product} {ergonomic}
   size_t InitialHeapSize                          = 266338304                                 {product} {ergonomic}
   size_t MarkStackSize                            = 4194304                                   {product} {ergonomic}
   size_t MaxHeapSize                              = 4246732800                                {product} {ergonomic}
   size_t MaxNewSize                               = 2548039680                                {product} {ergonomic}
   size_t MinHeapDeltaBytes                        = 2097152                                   {product} {ergonomic}
   size_t MinHeapSize                              = 8388608                                   {product} {ergonomic}
    uintx NonNMethodCodeHeapSize                   = 5839372                                {pd product} {ergonomic}
    uintx NonProfiledCodeHeapSize                  = 122909434                              {pd product} {ergonomic}
    uintx ProfiledCodeHeapSize                     = 122909434                              {pd product} {ergonomic}
    uintx ReservedCodeCacheSize                    = 251658240                              {pd product} {ergonomic}
     bool SegmentedCodeCache                       = true                                      {product} {ergonomic}
   size_t SoftMaxHeapSize                          = 4246732800                             {manageable} {ergonomic}
     bool UseCompressedOops                        = true                           {product lp64_product} {ergonomic}
     bool UseG1GC                                  = true                                      {product} {ergonomic}
     bool UseLargePagesIndividualAllocation        = false                                  {pd product} {ergonomic}

Logging:
Log output configuration:
 #0: stdout all=off uptime,level,tags foldmultilines=false
 #1: stderr all=off uptime,level,tags foldmultilines=false

Environment Variables:
PATH=C:\Program Files (x86)\Common Files\Oracle\Java\java8path;C:\Program Files (x86)\Common Files\Oracle\Java\javapath;C:\Windows\system32;C:\Windows;C:\Windows\System32\Wbem;C:\Windows\System32\WindowsPowerShell\v1.0\;C:\Windows\System32\OpenSSH\;C:\Program Files (x86)\NVIDIA Corporation\PhysX\Common;C:\Program Files\Cloudflare\Cloudflare WARP\;C:\Program Files\Git\cmd;C:\Program Files\dotnet\;C:\Users\pc\AppData\Local\Microsoft\WindowsApps;;C:\Users\pc\AppData\Local\Programs\Microsoft VS Code\bin;E:\New folder (2)\IntelliJ IDEA 2023.2.2\bin;;C:\Program Files\JetBrains\IntelliJ IDEA Educational Edition 2022.2.2\bin;;C:\Program Files\JetBrains\IntelliJ IDEA Community Edition 2023.2.5\bin;
USERNAME=pc
OS=Windows_NT
PROCESSOR_IDENTIFIER=Intel64 Family 6 Model 151 Stepping 5, GenuineIntel
TMP=C:\Users\pc\AppData\Local\Temp
TEMP=C:\Users\pc\AppData\Local\Temp




Periodic native trim disabled

---------------  S Y S T E M  ---------------

OS:
 Windows 10 , 64 bit Build 19041 (10.0.19041.3636)
OS uptime: 0 days 5:25 hours
Hyper-V role detected

CPU: total 12 (initial active 12) (6 cores per cpu, 2 threads per core) family 6 model 151 stepping 5 microcode 0x18, cx8, cmov, fxsr, ht, mmx, 3dnowpref, sse, sse2, sse3, ssse3, sse4.1, sse4.2, popcnt, lzcnt, tsc, tscinvbit, avx, avx2, aes, erms, clmul, bmi1, bmi2, adx, sha, fma, vzeroupper, clflush, clflushopt, clwb, hv, rdtscp, rdpid, fsrm, f16c, cet_ibt, cet_ss
Processor Information for all 12 processors :
  Max Mhz: 2500, Current Mhz: 2500, Mhz Limit: 2500

Memory: 4k page, system-wide physical 16197M (6567M free)
TotalPageFile size 32581M (AvailPageFile size 9250M)
current process WorkingSet (physical memory assigned to process): 92M, peak: 98M
current process commit charge ("private bytes"): 766M, peak: 775M

vm_info: OpenJDK 64-Bit Server VM (22.0.1+8-16) for windows-amd64 JRE (22.0.1+8-16), built on 2024-03-12T10:33:16Z by "mach5one" with MS VC++ 17.6 (VS2022)

END.
