#
# A fatal error has been detected by the Java Runtime Environment:
#
#  EXCEPTION_ACCESS_VIOLATION (0xc0000005) at pc=0x000001f6a87c2e99, pid=24096, tid=19716
#
# JRE version: OpenJDK Runtime Environment (22.0.1+8) (build 22.0.1+8-16)
# Java VM: OpenJDK 64-Bit Server VM (22.0.1+8-16, mixed mode, sharing, tiered, compressed oops, compressed class ptrs, g1 gc, windows-amd64)
# Problematic frame:
# C  [GTIII-OSD64.dll+0x2e99]
#
# No core dump will be written. Minidumps are not enabled by default on client versions of Windows
#
# If you would like to submit a bug report, please visit:
#   https://bugreport.java.com/bugreport/crash.jsp
#

---------------  S U M M A R Y ------------

Command Line: -javaagent:C:\Program Files\JetBrains\IntelliJ IDEA 2024.1.1\lib\idea_rt.jar=51481:C:\Program Files\JetBrains\IntelliJ IDEA 2024.1.1\bin -Dfile.encoding=windows-1252 -Dsun.stdout.encoding=windows-1252 -Dsun.stderr.encoding=windows-1252 NewJFramone

Host: 12th Gen Intel(R) Core(TM) i5-12400F, 12 cores, 15G,  Windows 10 , 64 bit Build 19041 (10.0.19041.3636)
Time: Sun May 12 20:33:56 2024 Egypt Daylight Time elapsed time: 9.869082 seconds (0d 0h 0m 9s)

---------------  T H R E A D  ---------------

Current thread (0x000001f659ff7060):  VMThread "VM Thread"          [id=19716, stack(0x00000027ef400000,0x00000027ef500000) (1024K)]

Stack: [0x00000027ef400000,0x00000027ef500000],  sp=0x00000027ef4fef30,  free space=1019k
Native frames: (J=compiled Java code, j=interpreted, Vv=VM code, C=native code)
C  [GTIII-OSD64.dll+0x2e99]  (no source info available)
C  [GTIII-OSD64.dll+0x3884]  (no source info available)
C  [GTIII-OSD64.dll+0x330ef]  (no source info available)
C  [GTIII-OSD64.dll+0x35e80]  (no source info available)
C  [GTIII-OSD64.dll+0x2f1ba]  (no source info available)
C  [GTIII-OSD64.dll+0x2f237]  (no source info available)
C  [GTIII-OSD64.dll+0x2f787]  (no source info available)
C  [GTIII-OSD64.dll+0xd97ac]  (no source info available)
C  [ntdll.dll+0x19a1d]  (no source info available)
C  [ntdll.dll+0x5dcda]  (no source info available)
C  [ntdll.dll+0x5da8d]  (no source info available)
C  [KERNEL32.DLL+0x1e3bb]  (no source info available)
C  [ucrtbase.dll+0x205bc]  (no source info available)
C  [ucrtbase.dll+0x2045f]  (no source info available)
V  [jvm.dll+0x6db40b]  (no source info available)
V  [jvm.dll+0x6daf40]  (no source info available)
V  [jvm.dll+0x3e1ea4]  (no source info available)
V  [jvm.dll+0x87d7d0]  (no source info available)
V  [jvm.dll+0x87eb57]  (no source info available)
V  [jvm.dll+0x87f0d0]  (no source info available)
V  [jvm.dll+0x87f373]  (no source info available)
V  [jvm.dll+0x81d44b]  (no source info available)
V  [jvm.dll+0x6e0915]  (no source info available)
C  [ucrtbase.dll+0x21bb2]  (no source info available)
C  [KERNEL32.DLL+0x17344]  (no source info available)
C  [ntdll.dll+0x526b1]  (no source info available)


siginfo: EXCEPTION_ACCESS_VIOLATION (0xc0000005), reading address 0x00007ffe846371d0


Registers:
RAX=0x0000000000000000, RBX=0x000001f6a01809e0, RCX=0x0000000000000006, RDX=0x0000000000000000
RSP=0x00000027ef4fef30, RBP=0x0000000000000006, RSI=0x0000000000000000, RDI=0x00007ffe846371d0
R8 =0x00000027ef4fefa0, R9 =0x0000000000000001, R10=0x0000000000000000, R11=0x00000027ef4fef30
R12=0x000001f6a8899884, R13=0x00007ffe925f3b20, R14=0x0000000000000005, R15=0x00000027ef4fefa0
RIP=0x000001f6a87c2e99, EFLAGS=0x0000000000010246


Register to memory mapping:

RAX=0x0 is null
RBX=0x000001f6a01809e0 points into unknown readable memory: 0x0000000000000001 | 01 00 00 00 00 00 00 00
RCX=0x0000000000000006 is an unknown value
RDX=0x0 is null
RSP=0x00000027ef4fef30 points into unknown readable memory: 0x000001f6a87c0000 | 00 00 7c a8 f6 01 00 00
RBP=0x0000000000000006 is an unknown value
RSI=0x0 is null
RDI=0x00007ffe846371d0 is an unknown value
R8 =0x00000027ef4fefa0 points into unknown readable memory: 0x0000000000000000 | 00 00 00 00 00 00 00 00
R9 =0x0000000000000001 is an unknown value
R10=0x0 is null
R11=0x00000027ef4fef30 points into unknown readable memory: 0x000001f6a87c0000 | 00 00 7c a8 f6 01 00 00
R12=0x000001f6a8899884 GTIII-OSD64.dll
R13=0x00007ffe925f3b20 jvm.dll
R14=0x0000000000000005 is an unknown value
R15=0x00000027ef4fefa0 points into unknown readable memory: 0x0000000000000000 | 00 00 00 00 00 00 00 00

Top of Stack: (sp=0x00000027ef4fef30)
0x00000027ef4fef30:   000001f6a87c0000 0000000000000002
0x00000027ef4fef40:   0000000000000000 000001f6a87c2cfb
0x00000027ef4fef50:   0000000000000000 0000000000000000
0x00000027ef4fef60:   0000000000000001 000001f6a87c0000
0x00000027ef4fef70:   0000000000000002 000001f6a87c3884
0x00000027ef4fef80:   0000000000000001 0000000000000006
0x00000027ef4fef90:   00000027ef4ff380 0000000000000000
0x00000027ef4fefa0:   0000000000000000 0000000000000000
0x00000027ef4fefb0:   0000000000000001 000001f6a87f30ef
0x00000027ef4fefc0:   0000000000000001 000001f6a87c0000
0x00000027ef4fefd0:   00000027ef4fef48 00000027ef4ff380
0x00000027ef4fefe0:   0000000000000001 000001f6a87f5e80
0x00000027ef4feff0:   00000027ef4ff050 0000000000004d04
0x00000027ef4ff000:   000001f6b089e3c4 0000000000005e20
0x00000027ef4ff010:   0000000000005e20 000001f6a87ef1ba
0x00000027ef4ff020:   0000000000000000 00007ffed5d74041
0x00000027ef4ff030:   000000000000c33a 000001f6a87c0000
0x00000027ef4ff040:   0000000000000000 000001f6a87ef237
0x00000027ef4ff050:   0000000000000000 000001f6a7276430
0x00000027ef4ff060:   00000027ef4ff050 000001f600000001
0x00000027ef4ff070:   0000000000000000 000001f6a87ef787
0x00000027ef4ff080:   000001f6a0070750 00007ffed6c09877
0x00000027ef4ff090:   0000000000000001 000000006f930000
0x00000027ef4ff0a0:   00007ffe925f3b20 000000006f930000
0x00000027ef4ff0b0:   0000000000000001 00007ffed6c09993
0x00000027ef4ff0c0:   0000000000000001 000001f6a88997ac
0x00000027ef4ff0d0:   0000000000000001 000000007ffe0385
0x00000027ef4ff0e0:   0000000000000000 000000006f94fad5
0x00000027ef4ff0f0:   000001f638afcd38 00007ffed477f05b
0x00000027ef4ff100:   0000000000000001 0000000000000016
0x00000027ef4ff110:   000001f6a87c0000 000000007ffe0384
0x00000027ef4ff120:   0000000000000000 00007ffed6c09a1d 

Instructions: (pc=0x000001f6a87c2e99)
0x000001f6a87c2d99:   03 1d e1 2c 0c 08 c7 44 24 30 22 00 00 00 48 8b
0x000001f6a87c2da9:   43 08 48 89 44 24 20 48 8b 43 18 48 83 c0 1e 48
0x000001f6a87c2db9:   89 44 24 28 e8 42 0b 00 00 85 c0 75 07 b8 08 00
0x000001f6a87c2dc9:   00 00 eb 5b 83 7c 24 34 00 48 8b 4b 08 74 16 8b
0x000001f6a87c2dd9:   41 fb 89 43 20 0f b7 41 ff 66 89 43 24 8a 41 01
0x000001f6a87c2de9:   88 43 26 eb 0b 8b 01 89 43 20 8a 41 04 88 43 24
0x000001f6a87c2df9:   8a 44 24 34 80 63 28 fe 24 01 08 43 28 8b 44 24
0x000001f6a87c2e09:   38 83 63 2c f0 83 e0 0f 09 43 2c 48 8b 44 24 3c
0x000001f6a87c2e19:   48 89 43 30 48 8b 44 24 44 48 89 43 38 33 c0 48
0x000001f6a87c2e29:   8b 4c 24 50 48 33 cc e8 2b 5a 0d 00 48 83 c4 60
0x000001f6a87c2e39:   5b c3 cc 48 89 5c 24 10 48 89 6c 24 18 48 89 74
0x000001f6a87c2e49:   24 20 57 41 56 41 57 48 83 ec 30 8b d9 4d 8b f8
0x000001f6a87c2e59:   48 c1 e3 06 8b f2 48 03 1d 1a 2c 0c 08 8b e9 48
0x000001f6a87c2e69:   8b 7b 08 85 d2 74 0f 8b cd e8 01 ff ff ff 85 c0
0x000001f6a87c2e79:   0f 85 16 01 00 00 8a 43 28 24 01 74 04 48 83 ef
0x000001f6a87c2e89:   05 0f b6 c0 4c 8d 34 45 05 00 00 00 85 f6 75 3d
0x000001f6a87c2e99:   80 3f e9 75 38 4c 63 57 01 48 8b 43 18 49 83 c2
0x000001f6a87c2ea9:   05 4c 03 d7 48 83 c0 10 49 3b c2 74 20 48 8b 53
0x000001f6a87c2eb9:   08 4c 8d 0d 7b ff ff ff 49 8b 4a f8 44 8b c5 4c
0x000001f6a87c2ec9:   89 7c 24 20 41 ff 52 f0 e9 bf 00 00 00 4c 8d 4c
0x000001f6a87c2ed9:   24 50 41 b8 40 00 00 00 49 8b d6 48 8b cf ff 15
0x000001f6a87c2ee9:   93 b4 12 00 85 c0 75 0a b8 0a 00 00 00 e9 9a 00
0x000001f6a87c2ef9:   00 00 85 f6 74 1f c6 07 e9 8b 43 18 2b c7 83 c0
0x000001f6a87c2f09:   0b 89 47 01 f6 43 28 01 74 2c 48 8b 43 08 66 c7
0x000001f6a87c2f19:   00 eb f9 eb 21 8b 43 20 f6 43 28 01 89 07 74 10
0x000001f6a87c2f29:   0f b7 43 24 66 89 47 04 8a 43 26 88 47 06 eb 06
0x000001f6a87c2f39:   8a 43 24 88 47 04 44 8b 44 24 50 4c 8d 4c 24 50
0x000001f6a87c2f49:   49 8b d6 48 8b cf ff 15 2b b4 12 00 ff 15 05 b2
0x000001f6a87c2f59:   12 00 4d 8b c6 48 8b d7 48 8b c8 ff 15 2e b3 12
0x000001f6a87c2f69:   00 44 8b c6 8b d5 49 8b cf e8 e9 fb ff ff 80 63
0x000001f6a87c2f79:   28 fd 40 80 e6 01 40 8a c6 40 c0 e6 02 02 c0 0a
0x000001f6a87c2f89:   43 28 24 fb 40 0a c6 88 43 28 33 c0 48 8b 5c 24 


Stack slot to memory mapping:

stack at sp + 0 slots: 0x000001f6a87c0000 GTIII-OSD64.dll
stack at sp + 1 slots: 0x0000000000000002 is an unknown value
stack at sp + 2 slots: 0x0 is null
stack at sp + 3 slots: 0x000001f6a87c2cfb GTIII-OSD64.dll
stack at sp + 4 slots: 0x0 is null
stack at sp + 5 slots: 0x0 is null
stack at sp + 6 slots: 0x0000000000000001 is an unknown value
stack at sp + 7 slots: 0x000001f6a87c0000 GTIII-OSD64.dll

VM_Operation (0x00000027f04fe710): Exit, mode: safepoint, requested by thread 0x000001f65a504860


---------------  P R O C E S S  ---------------

Threads class SMR info:
_java_thread_list=0x000001f65a48a960, length=15, elements={
0x000001f65a013f20, 0x000001f65a014d40, 0x000001f65a01a1f0, 0x000001f65a01d800,
0x000001f65a01e670, 0x000001f65a029b20, 0x000001f65a036200, 0x000001f65a0390c0,
0x000001f65a20b040, 0x000001f65a39c670, 0x000001f65a39cce0, 0x000001f65a4822f0,
0x000001f65a489d20, 0x000001f65a504860, 0x000001f638b1fc80
}

Java Threads: ( => current thread )
  0x000001f65a013f20 JavaThread "Reference Handler"          daemon [_thread_blocked, id=23304, stack(0x00000027ef500000,0x00000027ef600000) (1024K)]
  0x000001f65a014d40 JavaThread "Finalizer"                  daemon [_thread_blocked, id=8664, stack(0x00000027ef600000,0x00000027ef700000) (1024K)]
  0x000001f65a01a1f0 JavaThread "Signal Dispatcher"          daemon [_thread_blocked, id=20652, stack(0x00000027ef700000,0x00000027ef800000) (1024K)]
  0x000001f65a01d800 JavaThread "Attach Listener"            daemon [_thread_blocked, id=17132, stack(0x00000027ef800000,0x00000027ef900000) (1024K)]
  0x000001f65a01e670 JavaThread "Service Thread"             daemon [_thread_blocked, id=10076, stack(0x00000027ef900000,0x00000027efa00000) (1024K)]
  0x000001f65a029b20 JavaThread "Monitor Deflation Thread"   daemon [_thread_blocked, id=18544, stack(0x00000027efa00000,0x00000027efb00000) (1024K)]
  0x000001f65a036200 JavaThread "C2 CompilerThread0"         daemon [_thread_blocked, id=10596, stack(0x00000027efb00000,0x00000027efc00000) (1024K)]
  0x000001f65a0390c0 JavaThread "C1 CompilerThread0"         daemon [_thread_blocked, id=27096, stack(0x00000027efc00000,0x00000027efd00000) (1024K)]
  0x000001f65a20b040 JavaThread "Common-Cleaner"             daemon [_thread_blocked, id=1464, stack(0x00000027efd00000,0x00000027efe00000) (1024K)]
  0x000001f65a39c670 JavaThread "Monitor Ctrl-Break"         daemon [_thread_in_native, id=10128, stack(0x00000027eff00000,0x00000027f0000000) (1024K)]
  0x000001f65a39cce0 JavaThread "Notification Thread"        daemon [_thread_blocked, id=6524, stack(0x00000027f0000000,0x00000027f0100000) (1024K)]
  0x000001f65a4822f0 JavaThread "Java2D Disposer"            daemon [_thread_blocked, id=3752, stack(0x00000027f0100000,0x00000027f0200000) (1024K)]
  0x000001f65a489d20 JavaThread "AWT-Shutdown"                      [_thread_blocked, id=5164, stack(0x00000027f0200000,0x00000027f0300000) (1024K)]
  0x000001f65a504860 JavaThread "AWT-EventQueue-0"                  [_thread_blocked, id=4404, stack(0x00000027f0400000,0x00000027f0500000) (1024K)]
  0x000001f638b1fc80 JavaThread "DestroyJavaVM"                     [_thread_blocked, id=17276, stack(0x00000027eed00000,0x00000027eee00000) (1024K)]
Total: 15

Other Threads:
=>0x000001f659ff7060 VMThread "VM Thread"                           [id=19716, stack(0x00000027ef400000,0x00000027ef500000) (1024K)]
  0x000001f63ac468a0 WorkerThread "GC Thread#0"                     [id=25696, stack(0x00000027eee00000,0x00000027eef00000) (1024K)]
  0x000001f63ac57750 ConcurrentGCThread "G1 Main Marker"            terminated
  0x000001f63ac58260 WorkerThread "G1 Conc#0"                       [id=22272, stack(0x00000027ef000000,0x00000027ef100000) (1024K)]
  0x000001f63acae970 ConcurrentGCThread "G1 Refine#0"               terminated
  0x000001f659eb32d0 ConcurrentGCThread "G1 Service"                terminated
Total: 6

Threads with active compile tasks:
Total: 0

VM state: at safepoint (shutting down)

VM Mutex/Monitor currently owned by a thread:  ([mutex/lock_event])
[0x00007ffe925cbbb8] Threads_lock - owner thread: 0x000001f659ff7060
[0x00007ffe925cbcb8] Heap_lock - owner thread: 0x000001f65a504860

Heap address: 0x0000000702e00000, size: 4050 MB, Compressed Oops mode: Zero based, Oop shift amount: 3

CDS archive(s) mapped at: [0x000001f65b000000-0x000001f65bc50000-0x000001f65bc50000), size 12910592, SharedBaseAddress: 0x000001f65b000000, ArchiveRelocationMode: 1.
Compressed class space mapped at: 0x000001f65c000000-0x000001f69c000000, reserved size: 1073741824
Narrow klass base: 0x000001f65b000000, Narrow klass shift: 0, Narrow klass range: 0x41000000

GC Precious Log:
 CardTable entry size: 512
 Card Set container configuration: InlinePtr #cards 4 size 8 Array Of Cards #cards 16 size 48 Howl #buckets 8 coarsen threshold 3686 Howl Bitmap #cards 512 size 80 coarsen threshold 460 Card regions per heap region 1 cards per card region 4096
 CPUs: 12 total, 12 available
 Memory: 16197M
 Large Page Support: Disabled
 NUMA Support: Disabled
 Compressed Oops: Enabled (Zero based)
 Heap Region Size: 2M
 Heap Min Capacity: 8M
 Heap Initial Capacity: 254M
 Heap Max Capacity: 4050M
 Pre-touch: Disabled
 Parallel Workers: 10
 Concurrent Workers: 3
 Concurrent Refinement Workers: 10
 Periodic GC: Disabled

Heap:
 garbage-first heap   total reserved 4147200K, committed 260096K, used 10240K [0x0000000702e00000, 0x0000000800000000)
  region size 2048K, 6 young (12288K), 0 survivors (0K)
 Metaspace       used 9604K, committed 9856K, reserved 1114112K
  class space    used 1106K, committed 1216K, reserved 1048576K

Heap Regions: E=young(eden), S=young(survivor), O=old, HS=humongous(starts), HC=humongous(continues), CS=collection set, F=free, TAMS=top-at-mark-start, PB=parsable bottom
|   0|0x0000000702e00000, 0x0000000702e00000, 0x0000000703000000|  0%| F|  |TAMS 0x0000000702e00000| PB 0x0000000702e00000| Untracked |  0
|   1|0x0000000703000000, 0x0000000703000000, 0x0000000703200000|  0%| F|  |TAMS 0x0000000703000000| PB 0x0000000703000000| Untracked |  0
|   2|0x0000000703200000, 0x0000000703200000, 0x0000000703400000|  0%| F|  |TAMS 0x0000000703200000| PB 0x0000000703200000| Untracked |  0
|   3|0x0000000703400000, 0x0000000703400000, 0x0000000703600000|  0%| F|  |TAMS 0x0000000703400000| PB 0x0000000703400000| Untracked |  0
|   4|0x0000000703600000, 0x0000000703600000, 0x0000000703800000|  0%| F|  |TAMS 0x0000000703600000| PB 0x0000000703600000| Untracked |  0
|   5|0x0000000703800000, 0x0000000703800000, 0x0000000703a00000|  0%| F|  |TAMS 0x0000000703800000| PB 0x0000000703800000| Untracked |  0
|   6|0x0000000703a00000, 0x0000000703a00000, 0x0000000703c00000|  0%| F|  |TAMS 0x0000000703a00000| PB 0x0000000703a00000| Untracked |  0
|   7|0x0000000703c00000, 0x0000000703c00000, 0x0000000703e00000|  0%| F|  |TAMS 0x0000000703c00000| PB 0x0000000703c00000| Untracked |  0
|   8|0x0000000703e00000, 0x0000000703e00000, 0x0000000704000000|  0%| F|  |TAMS 0x0000000703e00000| PB 0x0000000703e00000| Untracked |  0
|   9|0x0000000704000000, 0x0000000704000000, 0x0000000704200000|  0%| F|  |TAMS 0x0000000704000000| PB 0x0000000704000000| Untracked |  0
|  10|0x0000000704200000, 0x0000000704200000, 0x0000000704400000|  0%| F|  |TAMS 0x0000000704200000| PB 0x0000000704200000| Untracked |  0
|  11|0x0000000704400000, 0x0000000704400000, 0x0000000704600000|  0%| F|  |TAMS 0x0000000704400000| PB 0x0000000704400000| Untracked |  0
|  12|0x0000000704600000, 0x0000000704600000, 0x0000000704800000|  0%| F|  |TAMS 0x0000000704600000| PB 0x0000000704600000| Untracked |  0
|  13|0x0000000704800000, 0x0000000704800000, 0x0000000704a00000|  0%| F|  |TAMS 0x0000000704800000| PB 0x0000000704800000| Untracked |  0
|  14|0x0000000704a00000, 0x0000000704a00000, 0x0000000704c00000|  0%| F|  |TAMS 0x0000000704a00000| PB 0x0000000704a00000| Untracked |  0
|  15|0x0000000704c00000, 0x0000000704c00000, 0x0000000704e00000|  0%| F|  |TAMS 0x0000000704c00000| PB 0x0000000704c00000| Untracked |  0
|  16|0x0000000704e00000, 0x0000000704e00000, 0x0000000705000000|  0%| F|  |TAMS 0x0000000704e00000| PB 0x0000000704e00000| Untracked |  0
|  17|0x0000000705000000, 0x0000000705000000, 0x0000000705200000|  0%| F|  |TAMS 0x0000000705000000| PB 0x0000000705000000| Untracked |  0
|  18|0x0000000705200000, 0x0000000705200000, 0x0000000705400000|  0%| F|  |TAMS 0x0000000705200000| PB 0x0000000705200000| Untracked |  0
|  19|0x0000000705400000, 0x0000000705400000, 0x0000000705600000|  0%| F|  |TAMS 0x0000000705400000| PB 0x0000000705400000| Untracked |  0
|  20|0x0000000705600000, 0x0000000705600000, 0x0000000705800000|  0%| F|  |TAMS 0x0000000705600000| PB 0x0000000705600000| Untracked |  0
|  21|0x0000000705800000, 0x0000000705800000, 0x0000000705a00000|  0%| F|  |TAMS 0x0000000705800000| PB 0x0000000705800000| Untracked |  0
|  22|0x0000000705a00000, 0x0000000705a00000, 0x0000000705c00000|  0%| F|  |TAMS 0x0000000705a00000| PB 0x0000000705a00000| Untracked |  0
|  23|0x0000000705c00000, 0x0000000705c00000, 0x0000000705e00000|  0%| F|  |TAMS 0x0000000705c00000| PB 0x0000000705c00000| Untracked |  0
|  24|0x0000000705e00000, 0x0000000705e00000, 0x0000000706000000|  0%| F|  |TAMS 0x0000000705e00000| PB 0x0000000705e00000| Untracked |  0
|  25|0x0000000706000000, 0x0000000706000000, 0x0000000706200000|  0%| F|  |TAMS 0x0000000706000000| PB 0x0000000706000000| Untracked |  0
|  26|0x0000000706200000, 0x0000000706200000, 0x0000000706400000|  0%| F|  |TAMS 0x0000000706200000| PB 0x0000000706200000| Untracked |  0
|  27|0x0000000706400000, 0x0000000706400000, 0x0000000706600000|  0%| F|  |TAMS 0x0000000706400000| PB 0x0000000706400000| Untracked |  0
|  28|0x0000000706600000, 0x0000000706600000, 0x0000000706800000|  0%| F|  |TAMS 0x0000000706600000| PB 0x0000000706600000| Untracked |  0
|  29|0x0000000706800000, 0x0000000706800000, 0x0000000706a00000|  0%| F|  |TAMS 0x0000000706800000| PB 0x0000000706800000| Untracked |  0
|  30|0x0000000706a00000, 0x0000000706a00000, 0x0000000706c00000|  0%| F|  |TAMS 0x0000000706a00000| PB 0x0000000706a00000| Untracked |  0
|  31|0x0000000706c00000, 0x0000000706c00000, 0x0000000706e00000|  0%| F|  |TAMS 0x0000000706c00000| PB 0x0000000706c00000| Untracked |  0
|  32|0x0000000706e00000, 0x0000000706e00000, 0x0000000707000000|  0%| F|  |TAMS 0x0000000706e00000| PB 0x0000000706e00000| Untracked |  0
|  33|0x0000000707000000, 0x0000000707000000, 0x0000000707200000|  0%| F|  |TAMS 0x0000000707000000| PB 0x0000000707000000| Untracked |  0
|  34|0x0000000707200000, 0x0000000707200000, 0x0000000707400000|  0%| F|  |TAMS 0x0000000707200000| PB 0x0000000707200000| Untracked |  0
|  35|0x0000000707400000, 0x0000000707400000, 0x0000000707600000|  0%| F|  |TAMS 0x0000000707400000| PB 0x0000000707400000| Untracked |  0
|  36|0x0000000707600000, 0x0000000707600000, 0x0000000707800000|  0%| F|  |TAMS 0x0000000707600000| PB 0x0000000707600000| Untracked |  0
|  37|0x0000000707800000, 0x0000000707800000, 0x0000000707a00000|  0%| F|  |TAMS 0x0000000707800000| PB 0x0000000707800000| Untracked |  0
|  38|0x0000000707a00000, 0x0000000707a00000, 0x0000000707c00000|  0%| F|  |TAMS 0x0000000707a00000| PB 0x0000000707a00000| Untracked |  0
|  39|0x0000000707c00000, 0x0000000707c00000, 0x0000000707e00000|  0%| F|  |TAMS 0x0000000707c00000| PB 0x0000000707c00000| Untracked |  0
|  40|0x0000000707e00000, 0x0000000707e00000, 0x0000000708000000|  0%| F|  |TAMS 0x0000000707e00000| PB 0x0000000707e00000| Untracked |  0
|  41|0x0000000708000000, 0x0000000708000000, 0x0000000708200000|  0%| F|  |TAMS 0x0000000708000000| PB 0x0000000708000000| Untracked |  0
|  42|0x0000000708200000, 0x0000000708200000, 0x0000000708400000|  0%| F|  |TAMS 0x0000000708200000| PB 0x0000000708200000| Untracked |  0
|  43|0x0000000708400000, 0x0000000708400000, 0x0000000708600000|  0%| F|  |TAMS 0x0000000708400000| PB 0x0000000708400000| Untracked |  0
|  44|0x0000000708600000, 0x0000000708600000, 0x0000000708800000|  0%| F|  |TAMS 0x0000000708600000| PB 0x0000000708600000| Untracked |  0
|  45|0x0000000708800000, 0x0000000708800000, 0x0000000708a00000|  0%| F|  |TAMS 0x0000000708800000| PB 0x0000000708800000| Untracked |  0
|  46|0x0000000708a00000, 0x0000000708a00000, 0x0000000708c00000|  0%| F|  |TAMS 0x0000000708a00000| PB 0x0000000708a00000| Untracked |  0
|  47|0x0000000708c00000, 0x0000000708c00000, 0x0000000708e00000|  0%| F|  |TAMS 0x0000000708c00000| PB 0x0000000708c00000| Untracked |  0
|  48|0x0000000708e00000, 0x0000000708e00000, 0x0000000709000000|  0%| F|  |TAMS 0x0000000708e00000| PB 0x0000000708e00000| Untracked |  0
|  49|0x0000000709000000, 0x0000000709000000, 0x0000000709200000|  0%| F|  |TAMS 0x0000000709000000| PB 0x0000000709000000| Untracked |  0
|  50|0x0000000709200000, 0x0000000709200000, 0x0000000709400000|  0%| F|  |TAMS 0x0000000709200000| PB 0x0000000709200000| Untracked |  0
|  51|0x0000000709400000, 0x0000000709400000, 0x0000000709600000|  0%| F|  |TAMS 0x0000000709400000| PB 0x0000000709400000| Untracked |  0
|  52|0x0000000709600000, 0x0000000709600000, 0x0000000709800000|  0%| F|  |TAMS 0x0000000709600000| PB 0x0000000709600000| Untracked |  0
|  53|0x0000000709800000, 0x0000000709800000, 0x0000000709a00000|  0%| F|  |TAMS 0x0000000709800000| PB 0x0000000709800000| Untracked |  0
|  54|0x0000000709a00000, 0x0000000709a00000, 0x0000000709c00000|  0%| F|  |TAMS 0x0000000709a00000| PB 0x0000000709a00000| Untracked |  0
|  55|0x0000000709c00000, 0x0000000709c00000, 0x0000000709e00000|  0%| F|  |TAMS 0x0000000709c00000| PB 0x0000000709c00000| Untracked |  0
|  56|0x0000000709e00000, 0x0000000709e00000, 0x000000070a000000|  0%| F|  |TAMS 0x0000000709e00000| PB 0x0000000709e00000| Untracked |  0
|  57|0x000000070a000000, 0x000000070a000000, 0x000000070a200000|  0%| F|  |TAMS 0x000000070a000000| PB 0x000000070a000000| Untracked |  0
|  58|0x000000070a200000, 0x000000070a200000, 0x000000070a400000|  0%| F|  |TAMS 0x000000070a200000| PB 0x000000070a200000| Untracked |  0
|  59|0x000000070a400000, 0x000000070a400000, 0x000000070a600000|  0%| F|  |TAMS 0x000000070a400000| PB 0x000000070a400000| Untracked |  0
|  60|0x000000070a600000, 0x000000070a600000, 0x000000070a800000|  0%| F|  |TAMS 0x000000070a600000| PB 0x000000070a600000| Untracked |  0
|  61|0x000000070a800000, 0x000000070a800000, 0x000000070aa00000|  0%| F|  |TAMS 0x000000070a800000| PB 0x000000070a800000| Untracked |  0
|  62|0x000000070aa00000, 0x000000070aa00000, 0x000000070ac00000|  0%| F|  |TAMS 0x000000070aa00000| PB 0x000000070aa00000| Untracked |  0
|  63|0x000000070ac00000, 0x000000070ac00000, 0x000000070ae00000|  0%| F|  |TAMS 0x000000070ac00000| PB 0x000000070ac00000| Untracked |  0
|  64|0x000000070ae00000, 0x000000070ae00000, 0x000000070b000000|  0%| F|  |TAMS 0x000000070ae00000| PB 0x000000070ae00000| Untracked |  0
|  65|0x000000070b000000, 0x000000070b000000, 0x000000070b200000|  0%| F|  |TAMS 0x000000070b000000| PB 0x000000070b000000| Untracked |  0
|  66|0x000000070b200000, 0x000000070b200000, 0x000000070b400000|  0%| F|  |TAMS 0x000000070b200000| PB 0x000000070b200000| Untracked |  0
|  67|0x000000070b400000, 0x000000070b400000, 0x000000070b600000|  0%| F|  |TAMS 0x000000070b400000| PB 0x000000070b400000| Untracked |  0
|  68|0x000000070b600000, 0x000000070b600000, 0x000000070b800000|  0%| F|  |TAMS 0x000000070b600000| PB 0x000000070b600000| Untracked |  0
|  69|0x000000070b800000, 0x000000070b800000, 0x000000070ba00000|  0%| F|  |TAMS 0x000000070b800000| PB 0x000000070b800000| Untracked |  0
|  70|0x000000070ba00000, 0x000000070ba00000, 0x000000070bc00000|  0%| F|  |TAMS 0x000000070ba00000| PB 0x000000070ba00000| Untracked |  0
|  71|0x000000070bc00000, 0x000000070bc00000, 0x000000070be00000|  0%| F|  |TAMS 0x000000070bc00000| PB 0x000000070bc00000| Untracked |  0
|  72|0x000000070be00000, 0x000000070be00000, 0x000000070c000000|  0%| F|  |TAMS 0x000000070be00000| PB 0x000000070be00000| Untracked |  0
|  73|0x000000070c000000, 0x000000070c000000, 0x000000070c200000|  0%| F|  |TAMS 0x000000070c000000| PB 0x000000070c000000| Untracked |  0
|  74|0x000000070c200000, 0x000000070c200000, 0x000000070c400000|  0%| F|  |TAMS 0x000000070c200000| PB 0x000000070c200000| Untracked |  0
|  75|0x000000070c400000, 0x000000070c400000, 0x000000070c600000|  0%| F|  |TAMS 0x000000070c400000| PB 0x000000070c400000| Untracked |  0
|  76|0x000000070c600000, 0x000000070c600000, 0x000000070c800000|  0%| F|  |TAMS 0x000000070c600000| PB 0x000000070c600000| Untracked |  0
|  77|0x000000070c800000, 0x000000070c800000, 0x000000070ca00000|  0%| F|  |TAMS 0x000000070c800000| PB 0x000000070c800000| Untracked |  0
|  78|0x000000070ca00000, 0x000000070ca00000, 0x000000070cc00000|  0%| F|  |TAMS 0x000000070ca00000| PB 0x000000070ca00000| Untracked |  0
|  79|0x000000070cc00000, 0x000000070cc00000, 0x000000070ce00000|  0%| F|  |TAMS 0x000000070cc00000| PB 0x000000070cc00000| Untracked |  0
|  80|0x000000070ce00000, 0x000000070ce00000, 0x000000070d000000|  0%| F|  |TAMS 0x000000070ce00000| PB 0x000000070ce00000| Untracked |  0
|  81|0x000000070d000000, 0x000000070d000000, 0x000000070d200000|  0%| F|  |TAMS 0x000000070d000000| PB 0x000000070d000000| Untracked |  0
|  82|0x000000070d200000, 0x000000070d200000, 0x000000070d400000|  0%| F|  |TAMS 0x000000070d200000| PB 0x000000070d200000| Untracked |  0
|  83|0x000000070d400000, 0x000000070d400000, 0x000000070d600000|  0%| F|  |TAMS 0x000000070d400000| PB 0x000000070d400000| Untracked |  0
|  84|0x000000070d600000, 0x000000070d600000, 0x000000070d800000|  0%| F|  |TAMS 0x000000070d600000| PB 0x000000070d600000| Untracked |  0
|  85|0x000000070d800000, 0x000000070d800000, 0x000000070da00000|  0%| F|  |TAMS 0x000000070d800000| PB 0x000000070d800000| Untracked |  0
|  86|0x000000070da00000, 0x000000070da00000, 0x000000070dc00000|  0%| F|  |TAMS 0x000000070da00000| PB 0x000000070da00000| Untracked |  0
|  87|0x000000070dc00000, 0x000000070dc00000, 0x000000070de00000|  0%| F|  |TAMS 0x000000070dc00000| PB 0x000000070dc00000| Untracked |  0
|  88|0x000000070de00000, 0x000000070de00000, 0x000000070e000000|  0%| F|  |TAMS 0x000000070de00000| PB 0x000000070de00000| Untracked |  0
|  89|0x000000070e000000, 0x000000070e000000, 0x000000070e200000|  0%| F|  |TAMS 0x000000070e000000| PB 0x000000070e000000| Untracked |  0
|  90|0x000000070e200000, 0x000000070e200000, 0x000000070e400000|  0%| F|  |TAMS 0x000000070e200000| PB 0x000000070e200000| Untracked |  0
|  91|0x000000070e400000, 0x000000070e400000, 0x000000070e600000|  0%| F|  |TAMS 0x000000070e400000| PB 0x000000070e400000| Untracked |  0
|  92|0x000000070e600000, 0x000000070e600000, 0x000000070e800000|  0%| F|  |TAMS 0x000000070e600000| PB 0x000000070e600000| Untracked |  0
|  93|0x000000070e800000, 0x000000070e800000, 0x000000070ea00000|  0%| F|  |TAMS 0x000000070e800000| PB 0x000000070e800000| Untracked |  0
|  94|0x000000070ea00000, 0x000000070ea00000, 0x000000070ec00000|  0%| F|  |TAMS 0x000000070ea00000| PB 0x000000070ea00000| Untracked |  0
|  95|0x000000070ec00000, 0x000000070ec00000, 0x000000070ee00000|  0%| F|  |TAMS 0x000000070ec00000| PB 0x000000070ec00000| Untracked |  0
|  96|0x000000070ee00000, 0x000000070ee00000, 0x000000070f000000|  0%| F|  |TAMS 0x000000070ee00000| PB 0x000000070ee00000| Untracked |  0
|  97|0x000000070f000000, 0x000000070f000000, 0x000000070f200000|  0%| F|  |TAMS 0x000000070f000000| PB 0x000000070f000000| Untracked |  0
|  98|0x000000070f200000, 0x000000070f200000, 0x000000070f400000|  0%| F|  |TAMS 0x000000070f200000| PB 0x000000070f200000| Untracked |  0
|  99|0x000000070f400000, 0x000000070f400000, 0x000000070f600000|  0%| F|  |TAMS 0x000000070f400000| PB 0x000000070f400000| Untracked |  0
| 100|0x000000070f600000, 0x000000070f600000, 0x000000070f800000|  0%| F|  |TAMS 0x000000070f600000| PB 0x000000070f600000| Untracked |  0
| 101|0x000000070f800000, 0x000000070f800000, 0x000000070fa00000|  0%| F|  |TAMS 0x000000070f800000| PB 0x000000070f800000| Untracked |  0
| 102|0x000000070fa00000, 0x000000070fa00000, 0x000000070fc00000|  0%| F|  |TAMS 0x000000070fa00000| PB 0x000000070fa00000| Untracked |  0
| 103|0x000000070fc00000, 0x000000070fc00000, 0x000000070fe00000|  0%| F|  |TAMS 0x000000070fc00000| PB 0x000000070fc00000| Untracked |  0
| 104|0x000000070fe00000, 0x000000070fe00000, 0x0000000710000000|  0%| F|  |TAMS 0x000000070fe00000| PB 0x000000070fe00000| Untracked |  0
| 105|0x0000000710000000, 0x0000000710000000, 0x0000000710200000|  0%| F|  |TAMS 0x0000000710000000| PB 0x0000000710000000| Untracked |  0
| 106|0x0000000710200000, 0x0000000710200000, 0x0000000710400000|  0%| F|  |TAMS 0x0000000710200000| PB 0x0000000710200000| Untracked |  0
| 107|0x0000000710400000, 0x0000000710400000, 0x0000000710600000|  0%| F|  |TAMS 0x0000000710400000| PB 0x0000000710400000| Untracked |  0
| 108|0x0000000710600000, 0x0000000710600000, 0x0000000710800000|  0%| F|  |TAMS 0x0000000710600000| PB 0x0000000710600000| Untracked |  0
| 109|0x0000000710800000, 0x0000000710800000, 0x0000000710a00000|  0%| F|  |TAMS 0x0000000710800000| PB 0x0000000710800000| Untracked |  0
| 110|0x0000000710a00000, 0x0000000710a00000, 0x0000000710c00000|  0%| F|  |TAMS 0x0000000710a00000| PB 0x0000000710a00000| Untracked |  0
| 111|0x0000000710c00000, 0x0000000710c00000, 0x0000000710e00000|  0%| F|  |TAMS 0x0000000710c00000| PB 0x0000000710c00000| Untracked |  0
| 112|0x0000000710e00000, 0x0000000710e00000, 0x0000000711000000|  0%| F|  |TAMS 0x0000000710e00000| PB 0x0000000710e00000| Untracked |  0
| 113|0x0000000711000000, 0x0000000711000000, 0x0000000711200000|  0%| F|  |TAMS 0x0000000711000000| PB 0x0000000711000000| Untracked |  0
| 114|0x0000000711200000, 0x0000000711200000, 0x0000000711400000|  0%| F|  |TAMS 0x0000000711200000| PB 0x0000000711200000| Untracked |  0
| 115|0x0000000711400000, 0x0000000711400000, 0x0000000711600000|  0%| F|  |TAMS 0x0000000711400000| PB 0x0000000711400000| Untracked |  0
| 116|0x0000000711600000, 0x0000000711600000, 0x0000000711800000|  0%| F|  |TAMS 0x0000000711600000| PB 0x0000000711600000| Untracked |  0
| 117|0x0000000711800000, 0x0000000711800000, 0x0000000711a00000|  0%| F|  |TAMS 0x0000000711800000| PB 0x0000000711800000| Untracked |  0
| 118|0x0000000711a00000, 0x0000000711a00000, 0x0000000711c00000|  0%| F|  |TAMS 0x0000000711a00000| PB 0x0000000711a00000| Untracked |  0
| 119|0x0000000711c00000, 0x0000000711c00000, 0x0000000711e00000|  0%| F|  |TAMS 0x0000000711c00000| PB 0x0000000711c00000| Untracked |  0
| 120|0x0000000711e00000, 0x0000000711e00000, 0x0000000712000000|  0%| F|  |TAMS 0x0000000711e00000| PB 0x0000000711e00000| Untracked |  0
| 121|0x0000000712000000, 0x0000000712170ae8, 0x0000000712200000| 72%| E|  |TAMS 0x0000000712000000| PB 0x0000000712000000| Complete |  0
| 122|0x0000000712200000, 0x0000000712400000, 0x0000000712400000|100%| E|CS|TAMS 0x0000000712200000| PB 0x0000000712200000| Complete |  0
| 123|0x0000000712400000, 0x0000000712600000, 0x0000000712600000|100%| E|CS|TAMS 0x0000000712400000| PB 0x0000000712400000| Complete |  0
| 124|0x0000000712600000, 0x0000000712800000, 0x0000000712800000|100%| E|CS|TAMS 0x0000000712600000| PB 0x0000000712600000| Complete |  0
| 125|0x0000000712800000, 0x0000000712a00000, 0x0000000712a00000|100%| E|CS|TAMS 0x0000000712800000| PB 0x0000000712800000| Complete |  0
| 126|0x0000000712a00000, 0x0000000712c00000, 0x0000000712c00000|100%| E|CS|TAMS 0x0000000712a00000| PB 0x0000000712a00000| Complete |  0

Card table byte_map: [0x000001f652c70000,0x000001f653460000] _byte_map_base: 0x000001f64f459000

Marking Bits: (CMBitMap*) 0x000001f63ac46fb0
 Bits: [0x000001f653460000, 0x000001f6573a8000)

Polling page: 0x000001f63a3b0000

Metaspace:

Usage:
  Non-class:      8.30 MB used.
      Class:      1.08 MB used.
       Both:      9.38 MB used.

Virtual space:
  Non-class space:       64.00 MB reserved,       8.44 MB ( 13%) committed,  1 nodes.
      Class space:        1.00 GB reserved,       1.19 MB ( <1%) committed,  1 nodes.
             Both:        1.06 GB reserved,       9.62 MB ( <1%) committed. 

Chunk freelists:
   Non-Class:  6.99 MB
       Class:  14.72 MB
        Both:  21.71 MB

MaxMetaspaceSize: unlimited
CompressedClassSpaceSize: 1.00 GB
Initial GC threshold: 21.00 MB
Current GC threshold: 21.00 MB
CDS: on
 - commit_granule_bytes: 65536.
 - commit_granule_words: 8192.
 - virtual_space_node_default_size: 8388608.
 - enlarge_chunks_in_place: 1.
 - use_allocation_guard: 0.


Internal statistics:

num_allocs_failed_limit: 0.
num_arena_births: 174.
num_arena_deaths: 0.
num_vsnodes_births: 2.
num_vsnodes_deaths: 0.
num_space_committed: 154.
num_space_uncommitted: 0.
num_chunks_returned_to_freelist: 0.
num_chunks_taken_from_freelist: 225.
num_chunk_merges: 0.
num_chunk_splits: 134.
num_chunks_enlarged: 61.
num_inconsistent_stats: 0.

CodeHeap 'non-profiled nmethods': size=120000Kb used=313Kb max_used=313Kb free=119686Kb
 bounds [0x000001f64aa00000, 0x000001f64ac70000, 0x000001f651f30000]
CodeHeap 'profiled nmethods': size=120000Kb used=1688Kb max_used=1688Kb free=118311Kb
 bounds [0x000001f642f30000, 0x000001f6431a0000, 0x000001f64a460000]
CodeHeap 'non-nmethods': size=5760Kb used=1611Kb max_used=1625Kb free=4148Kb
 bounds [0x000001f64a460000, 0x000001f64a6d0000, 0x000001f64aa00000]
 total_blobs=1794 nmethods=1127 adapters=572
 compilation: enabled
              stopped_count=0, restarted_count=0
 full_count=0

Compilation events (20 events):
Event: 7.726 Thread 0x000001f65a0390c0 nmethod 1116 0x000001f6430d2510 code [0x000001f6430d26a0, 0x000001f6430d2808]
Event: 7.726 Thread 0x000001f65a0390c0 1120       3       sun.awt.windows.WObjectPeer::getPeerForTarget (10 bytes)
Event: 7.726 Thread 0x000001f65a0390c0 nmethod 1120 0x000001f6430d2890 code [0x000001f6430d2b00, 0x000001f6430d34c8]
Event: 7.727 Thread 0x000001f65a036200 nmethod 1117 0x000001f64aa4dd90 code [0x000001f64aa4df20, 0x000001f64aa4e090]
Event: 7.729 Thread 0x000001f65a036200 1121       4       java.util.concurrent.locks.ReentrantLock$Sync::tryRelease (51 bytes)
Event: 7.729 Thread 0x000001f65a0390c0 1122       3       java.lang.Thread::isVirtual (5 bytes)
Event: 7.729 Thread 0x000001f65a0390c0 nmethod 1122 0x000001f6430d3810 code [0x000001f6430d39a0, 0x000001f6430d3b88]
Event: 7.730 Thread 0x000001f65a036200 nmethod 1121 0x000001f64aa4e210 code [0x000001f64aa4e380, 0x000001f64aa4e4b0]
Event: 7.730 Thread 0x000001f65a0390c0 1123       3       java.util.concurrent.locks.AbstractQueuedSynchronizer$ConditionObject::canReacquire (38 bytes)
Event: 7.730 Thread 0x000001f65a0390c0 nmethod 1123 0x000001f6430d3c10 code [0x000001f6430d3dc0, 0x000001f6430d4120]
Event: 7.730 Thread 0x000001f65a0390c0 1124       3       java.awt.EventQueue::noEvents (29 bytes)
Event: 7.730 Thread 0x000001f65a0390c0 nmethod 1124 0x000001f6430d4290 code [0x000001f6430d4440, 0x000001f6430d4698]
Event: 7.730 Thread 0x000001f65a0390c0 1125   !   3       sun.awt.AWTAutoShutdown::notifyThreadBusy (88 bytes)
Event: 7.730 Thread 0x000001f65a0390c0 nmethod 1125 0x000001f6430d4790 code [0x000001f6430d49a0, 0x000001f6430d4f60]
Event: 7.730 Thread 0x000001f65a0390c0 1126       3       java.util.concurrent.locks.LockSupport::setCurrentBlocker (14 bytes)
Event: 7.730 Thread 0x000001f65a0390c0 nmethod 1126 0x000001f6430d5290 code [0x000001f6430d5440, 0x000001f6430d5668]
Event: 7.734 Thread 0x000001f65a0390c0 1127       3       jdk.internal.misc.Unsafe::getAndBitwiseAndInt (27 bytes)
Event: 7.735 Thread 0x000001f65a0390c0 nmethod 1127 0x000001f6430d5710 code [0x000001f6430d58c0, 0x000001f6430d5af0]
Event: 7.735 Thread 0x000001f65a0390c0 1128       3       java.util.concurrent.locks.AbstractQueuedSynchronizer$Node::getAndUnsetStatus (14 bytes)
Event: 7.735 Thread 0x000001f65a0390c0 nmethod 1128 0x000001f6430d5c10 code [0x000001f6430d5dc0, 0x000001f6430d6060]

GC Heap History (0 events):
No events

Dll operation events (13 events):
Event: 0.009 Loaded shared library C:\Users\pc\.jdks\openjdk-22.0.1\bin\java.dll
Event: 0.027 Loaded shared library C:\Users\pc\.jdks\openjdk-22.0.1\bin\jsvml.dll
Event: 0.047 Loaded shared library C:\Users\pc\.jdks\openjdk-22.0.1\bin\zip.dll
Event: 0.050 Loaded shared library C:\Users\pc\.jdks\openjdk-22.0.1\bin\instrument.dll
Event: 0.053 Loaded shared library C:\Users\pc\.jdks\openjdk-22.0.1\bin\net.dll
Event: 0.054 Loaded shared library C:\Users\pc\.jdks\openjdk-22.0.1\bin\nio.dll
Event: 0.056 Loaded shared library C:\Users\pc\.jdks\openjdk-22.0.1\bin\zip.dll
Event: 0.086 Loaded shared library C:\Program Files\JetBrains\IntelliJ IDEA 2024.1.1\bin\breakgen64.dll
Event: 0.094 Loaded shared library C:\Users\pc\.jdks\openjdk-22.0.1\bin\extnet.dll
Event: 0.099 Loaded shared library C:\Users\pc\.jdks\openjdk-22.0.1\bin\jimage.dll
Event: 0.117 Loaded shared library C:\Users\pc\.jdks\openjdk-22.0.1\bin\awt.dll
Event: 0.245 Loaded shared library C:\Users\pc\.jdks\openjdk-22.0.1\bin\freetype.dll
Event: 0.248 Loaded shared library C:\Users\pc\.jdks\openjdk-22.0.1\bin\fontmanager.dll

Deoptimization events (20 events):
Event: 0.465 Thread 0x000001f65a504860 DEOPT PACKING pc=0x000001f642f6387c sp=0x00000027f04fd070
Event: 0.465 Thread 0x000001f65a504860 DEOPT UNPACKING pc=0x000001f64a4b4e42 sp=0x00000027f04fc490 mode 0
Event: 0.466 Thread 0x000001f65a504860 Uncommon trap: trap_request=0xffffffde fr.pc=0x000001f64aa2c7f4 relative=0x0000000000000bf4
Event: 0.466 Thread 0x000001f65a504860 Uncommon trap: reason=class_check action=maybe_recompile pc=0x000001f64aa2c7f4 method=java.util.HashMap.resize()[Ljava/util/HashMap$Node; @ 200 c2
Event: 0.466 Thread 0x000001f65a504860 DEOPT PACKING pc=0x000001f64aa2c7f4 sp=0x00000027f04fdb70
Event: 0.466 Thread 0x000001f65a504860 DEOPT UNPACKING pc=0x000001f64a4b46a2 sp=0x00000027f04fdb00 mode 2
Event: 0.544 Thread 0x000001f65a504860 Uncommon trap: trap_request=0xffffff45 fr.pc=0x000001f64aa35ff4 relative=0x0000000000000074
Event: 0.544 Thread 0x000001f65a504860 Uncommon trap: reason=unstable_if action=reinterpret pc=0x000001f64aa35ff4 method=java.lang.CharacterDataLatin1.toLowerCase(I)I @ 16 c2
Event: 0.544 Thread 0x000001f65a504860 DEOPT PACKING pc=0x000001f64aa35ff4 sp=0x00000027f04fc8a0
Event: 0.544 Thread 0x000001f65a504860 DEOPT UNPACKING pc=0x000001f64a4b46a2 sp=0x00000027f04fc820 mode 2
Event: 0.553 Thread 0x000001f65a504860 Uncommon trap: trap_request=0xffffff45 fr.pc=0x000001f64aa36f74 relative=0x0000000000000414
Event: 0.553 Thread 0x000001f65a504860 Uncommon trap: reason=unstable_if action=reinterpret pc=0x000001f64aa36f74 method=java.lang.CharacterDataLatin1.isUpperCase(I)Z @ 7 c2
Event: 0.553 Thread 0x000001f65a504860 DEOPT PACKING pc=0x000001f64aa36f74 sp=0x00000027f04fd080
Event: 0.553 Thread 0x000001f65a504860 DEOPT UNPACKING pc=0x000001f64a4b46a2 sp=0x00000027f04fcf88 mode 2
Event: 0.613 Thread 0x000001f65a504860 DEOPT PACKING pc=0x000001f642f55d4c sp=0x00000027f04fca30
Event: 0.613 Thread 0x000001f65a504860 DEOPT UNPACKING pc=0x000001f64a4b4e42 sp=0x00000027f04fbe98 mode 0
Event: 7.731 Thread 0x000001f65a504860 Uncommon trap: trap_request=0xffffff45 fr.pc=0x000001f64aa4e02c relative=0x000000000000010c
Event: 7.731 Thread 0x000001f65a504860 Uncommon trap: reason=unstable_if action=reinterpret pc=0x000001f64aa4e02c method=java.util.concurrent.locks.AbstractQueuedSynchronizer.signalNext(Ljava/util/concurrent/locks/AbstractQueuedSynchronizer$Node;)V @ 17 c2
Event: 7.731 Thread 0x000001f65a504860 DEOPT PACKING pc=0x000001f64aa4e02c sp=0x00000027f04fef30
Event: 7.731 Thread 0x000001f65a504860 DEOPT UNPACKING pc=0x000001f64a4b46a2 sp=0x00000027f04feeb0 mode 2

Classes loaded (20 events):
Event: 7.207 Loading class sun/awt/AWTAccessor$MouseEventAccessor done
Event: 7.207 Loading class java/awt/event/MouseEvent$1 done
Event: 7.208 Loading class java/awt/Cursor$CursorDisposer
Event: 7.208 Loading class java/awt/Cursor$CursorDisposer done
Event: 7.208 Loading class java/awt/Container$MouseEventTargetFilter
Event: 7.208 Loading class java/awt/Container$EventTargetFilter
Event: 7.208 Loading class java/awt/Container$EventTargetFilter done
Event: 7.208 Loading class java/awt/Container$MouseEventTargetFilter done
Event: 7.208 Loading class java/awt/LightweightDispatcher$1
Event: 7.208 Loading class java/awt/LightweightDispatcher$1 done
Event: 7.208 Loading class java/awt/event/AWTEventListenerProxy
Event: 7.208 Loading class java/awt/event/AWTEventListenerProxy done
Event: 7.208 Loading class java/awt/Toolkit$SelectiveAWTEventListener
Event: 7.208 Loading class java/awt/Toolkit$SelectiveAWTEventListener done
Event: 7.208 Loading class java/awt/Toolkit$ToolkitEventMulticaster
Event: 7.209 Loading class java/awt/Toolkit$ToolkitEventMulticaster done
Event: 7.209 Loading class java/awt/event/MouseWheelEvent
Event: 7.209 Loading class java/awt/event/MouseWheelEvent done
Event: 7.339 Loading class java/awt/LightweightDispatcher$2
Event: 7.339 Loading class java/awt/LightweightDispatcher$2 done

Classes unloaded (0 events):
No events

Classes redefined (0 events):
No events

Internal exceptions (20 events):
Event: 0.299 Thread 0x000001f638b1fc80 Exception <a 'java/lang/ClassNotFoundException'{0x00000007125158f0}: ToggleButton> (0x00000007125158f0) 
thrown [s\open\src\hotspot\share\classfile\systemDictionary.cpp, line 313]
Event: 0.299 Thread 0x000001f638b1fc80 Exception <a 'java/lang/ClassNotFoundException'{0x0000000712515d30}: javax/swing/JToolBarSeparator> (0x0000000712515d30) 
thrown [s\open\src\hotspot\share\classfile\systemDictionary.cpp, line 313]
Event: 0.299 Thread 0x000001f638b1fc80 Exception <a 'java/lang/ClassNotFoundException'{0x0000000712516040}: ToolBarSeparator> (0x0000000712516040) 
thrown [s\open\src\hotspot\share\classfile\systemDictionary.cpp, line 313]
Event: 0.299 Thread 0x000001f638b1fc80 Exception <a 'java/lang/ClassNotFoundException'{0x0000000712516548}: ToolTip> (0x0000000712516548) 
thrown [s\open\src\hotspot\share\classfile\systemDictionary.cpp, line 313]
Event: 0.300 Thread 0x000001f638b1fc80 Exception <a 'java/lang/ClassNotFoundException'{0x0000000712516e88}: Tree> (0x0000000712516e88) 
thrown [s\open\src\hotspot\share\classfile\systemDictionary.cpp, line 313]
Event: 0.300 Thread 0x000001f638b1fc80 Exception <a 'java/lang/ClassNotFoundException'{0x0000000712517380}: Tree> (0x0000000712517380) 
thrown [s\open\src\hotspot\share\classfile\systemDictionary.cpp, line 313]
Event: 0.300 Thread 0x000001f638b1fc80 Exception <a 'java/lang/ClassNotFoundException'{0x00000007125176f0}: javax/swing/JTreeCell> (0x00000007125176f0) 
thrown [s\open\src\hotspot\share\classfile\systemDictionary.cpp, line 313]
Event: 0.300 Thread 0x000001f638b1fc80 Exception <a 'java/lang/ClassNotFoundException'{0x00000007125179f8}: TreeCell> (0x00000007125179f8) 
thrown [s\open\src\hotspot\share\classfile\systemDictionary.cpp, line 313]
Event: 0.301 Thread 0x000001f638b1fc80 Exception <a 'java/lang/ClassNotFoundException'{0x00000007125181a0}: RootPane> (0x00000007125181a0) 
thrown [s\open\src\hotspot\share\classfile\systemDictionary.cpp, line 313]
Event: 0.303 Thread 0x000001f638b1fc80 Exception <a 'java/lang/ClassNotFoundException'{0x000000071251af30}: com/sun/swing/internal/plaf/metal/resources/spi/metalProvider> (0x000000071251af30) 
thrown [s\open\src\hotspot\share\classfile\systemDictionary.cpp, line 313]
Event: 0.304 Thread 0x000001f638b1fc80 Exception <a 'java/lang/ClassNotFoundException'{0x000000071251ec80}: com/sun/swing/internal/plaf/basic/resources/spi/basicProvider> (0x000000071251ec80) 
thrown [s\open\src\hotspot\share\classfile\systemDictionary.cpp, line 313]
Event: 0.446 Thread 0x000001f65a504860 Exception <a 'java/lang/ClassNotFoundException'{0x0000000712585e90}: com/sun/swing/internal/plaf/synth/resources/spi/synthProvider> (0x0000000712585e90) 
thrown [s\open\src\hotspot\share\classfile\systemDictionary.cpp, line 313]
Event: 0.459 Thread 0x000001f65a504860 Exception <a 'java/lang/NoSuchMethodError'{0x00000007125c91f0}: 'int java.lang.invoke.Invokers$Holder.invokeExact_MT(java.lang.Object, java.lang.Object)'> (0x00000007125c91f0) 
thrown [s\open\src\hotspot\share\interpreter\linkResolver.cpp, line 774]
Event: 0.463 Thread 0x000001f65a504860 Exception <a 'java/lang/NoSuchMethodError'{0x00000007125d09b0}: 'java.lang.Object java.lang.invoke.DirectMethodHandle$Holder.newInvokeSpecial(java.lang.Object, java.lang.Object, int)'> (0x00000007125d09b0) 
thrown [s\open\src\hotspot\share\interpreter\linkResolver.cpp, line 774]
Event: 0.464 Thread 0x000001f65a504860 Exception <a 'java/lang/NoSuchMethodError'{0x00000007125d5840}: 'int java.lang.invoke.DirectMethodHandle$Holder.invokeSpecial(java.lang.Object, java.lang.Object, java.lang.Object, int)'> (0x00000007125d5840) 
thrown [s\open\src\hotspot\share\interpreter\linkResolver.cpp, line 774]
Event: 0.465 Thread 0x000001f65a504860 Exception <a 'java/lang/NoSuchMethodError'{0x00000007125e81f8}: 'java.lang.Object java.lang.invoke.DirectMethodHandle$Holder.invokeStatic(java.lang.Object, java.lang.Object, java.lang.Object, java.lang.Object, int)'> (0x00000007125e81f8) 
thrown [s\open\src\hotspot\share\interpreter\linkResolver.cpp, line 774]
Event: 0.465 Thread 0x000001f65a504860 Exception <a 'java/lang/NoSuchMethodError'{0x0000000712205190}: 'int java.lang.invoke.DirectMethodHandle$Holder.invokeSpecial(java.lang.Object, java.lang.Object, java.lang.Object)'> (0x0000000712205190) 
thrown [s\open\src\hotspot\share\interpreter\linkResolver.cpp, line 774]
Event: 0.476 Thread 0x000001f65a48b230 Exception <a 'java/lang/NoSuchMethodError'{0x000000071277f118}: 'void java.lang.invoke.DirectMethodHandle$Holder.invokeVirtual(java.lang.Object, java.lang.Object)'> (0x000000071277f118) 
thrown [s\open\src\hotspot\share\interpreter\linkResolver.cpp, line 774]
Event: 0.492 Thread 0x000001f65a504860 Exception <a 'java/lang/NoSuchMethodError'{0x0000000712245e68}: 'void java.lang.invoke.DirectMethodHandle$Holder.invokeStaticInit(java.lang.Object)'> (0x0000000712245e68) 
thrown [s\open\src\hotspot\share\interpreter\linkResolver.cpp, line 774]
Event: 1.208 Thread 0x000001f65a01d800 Exception <a 'java/lang/NoSuchMethodError'{0x0000000712091238}: 'java.lang.Object java.lang.invoke.Invokers$Holder.invokeExact_MT(java.lang.Object, java.lang.Object, java.lang.Object, java.lang.Object, java.lang.Object, java.lang.Object)'> (0x0000000712091238) 
thrown [s\open\src\hotspot\share\interpreter\linkResolver.cpp, line 774]

ZGC Phase Switch (0 events):
No events

VM Operations (15 events):
Event: 0.142 Executing VM operation: HandshakeAllThreads (Deoptimize)
Event: 0.142 Executing VM operation: HandshakeAllThreads (Deoptimize) done
Event: 0.483 Executing VM operation: HandshakeAllThreads (Deoptimize)
Event: 0.483 Executing VM operation: HandshakeAllThreads (Deoptimize) done
Event: 1.205 Executing VM operation: HandshakeAllThreads (Deoptimize)
Event: 1.205 Executing VM operation: HandshakeAllThreads (Deoptimize) done
Event: 1.205 Executing VM operation: Cleanup
Event: 1.205 Executing VM operation: Cleanup done
Event: 2.218 Executing VM operation: Cleanup
Event: 2.218 Executing VM operation: Cleanup done
Event: 7.257 Executing VM operation: Cleanup
Event: 7.257 Executing VM operation: Cleanup done
Event: 8.272 Executing VM operation: Cleanup
Event: 8.272 Executing VM operation: Cleanup done
Event: 9.372 Executing VM operation: Exit

Events (20 events):
Event: 0.026 Thread 0x000001f65a036200 Thread added: 0x000001f65a036200
Event: 0.026 Thread 0x000001f65a0390c0 Thread added: 0x000001f65a0390c0
Event: 0.037 Thread 0x000001f65a20b040 Thread added: 0x000001f65a20b040
Event: 0.044 Thread 0x000001f65a25c090 Thread added: 0x000001f65a25c090
Event: 0.086 Thread 0x000001f65a39c670 Thread added: 0x000001f65a39c670
Event: 0.086 Thread 0x000001f65a39cce0 Thread added: 0x000001f65a39cce0
Event: 0.174 Thread 0x000001f65a4822f0 Thread added: 0x000001f65a4822f0
Event: 0.176 Thread 0x000001f65a489d20 Thread added: 0x000001f65a489d20
Event: 0.177 Thread 0x000001f65a48b230 Thread added: 0x000001f65a48b230
Event: 0.315 Thread 0x000001f65a504860 Thread added: 0x000001f65a504860
Event: 0.315 Thread 0x000001f638b1fc80 Thread exited: 0x000001f638b1fc80
Event: 0.315 Thread 0x000001f638b1fc80 Thread added: 0x000001f638b1fc80
Event: 0.446 Thread 0x000001f65a25c090 Thread exited: 0x000001f65a25c090
Event: 0.528 Thread 0x000001f6a09938c0 Thread added: 0x000001f6a09938c0
Event: 9.261 Thread 0x000001f6a0992ba0 Thread added: 0x000001f6a0992ba0
Event: 9.262 Thread 0x000001f6a0995300 Thread added: 0x000001f6a0995300
Event: 9.262 Thread 0x000001f6a0995300 Thread exited: 0x000001f6a0995300
Event: 9.262 Thread 0x000001f6a09938c0 Thread exited: 0x000001f6a09938c0
Event: 9.298 Thread 0x000001f65a48b230 Thread exited: 0x000001f65a48b230
Event: 9.372 Thread 0x000001f6a0992ba0 Thread exited: 0x000001f6a0992ba0


Dynamic libraries:
0x00007ff6a3e10000 - 0x00007ff6a3e1e000 	C:\Users\pc\.jdks\openjdk-22.0.1\bin\java.exe
0x00007ffed6bf0000 - 0x00007ffed6de8000 	C:\Windows\SYSTEM32\ntdll.dll
0x00007ffed5f10000 - 0x00007ffed5fcd000 	C:\Windows\System32\KERNEL32.DLL
0x00007ffed4440000 - 0x00007ffed4736000 	C:\Windows\System32\KERNELBASE.dll
0x00007ffed4770000 - 0x00007ffed4870000 	C:\Windows\System32\ucrtbase.dll
0x00007ffecbf40000 - 0x00007ffecbf5b000 	C:\Users\pc\.jdks\openjdk-22.0.1\bin\VCRUNTIME140.dll
0x00007ffecfe90000 - 0x00007ffecfea7000 	C:\Users\pc\.jdks\openjdk-22.0.1\bin\jli.dll
0x00007ffed5d70000 - 0x00007ffed5f0f000 	C:\Windows\System32\USER32.dll
0x00007ffed4740000 - 0x00007ffed4762000 	C:\Windows\System32\win32u.dll
0x00007ffec54d0000 - 0x00007ffec576a000 	C:\Windows\WinSxS\amd64_microsoft.windows.common-controls_6595b64144ccf1df_6.0.19041.4355_none_60b8b9eb71f62e16\COMCTL32.dll
0x00007ffed5fd0000 - 0x00007ffed5ffb000 	C:\Windows\System32\GDI32.dll
0x00007ffed5cd0000 - 0x00007ffed5d6e000 	C:\Windows\System32\msvcrt.dll
0x00007ffed4320000 - 0x00007ffed4437000 	C:\Windows\System32\gdi32full.dll
0x00007ffed4920000 - 0x00007ffed49bd000 	C:\Windows\System32\msvcp_win.dll
0x00007ffed6070000 - 0x00007ffed60a2000 	C:\Windows\System32\IMM32.DLL
0x00007ffed1970000 - 0x00007ffed197c000 	C:\Users\pc\.jdks\openjdk-22.0.1\bin\vcruntime140_1.dll
0x00007ffebb270000 - 0x00007ffebb2fe000 	C:\Users\pc\.jdks\openjdk-22.0.1\bin\msvcp140.dll
0x00007ffe91960000 - 0x00007ffe926a7000 	C:\Users\pc\.jdks\openjdk-22.0.1\bin\server\jvm.dll
0x00007ffed4c20000 - 0x00007ffed4cd0000 	C:\Windows\System32\ADVAPI32.dll
0x00007ffed6120000 - 0x00007ffed61c0000 	C:\Windows\System32\sechost.dll
0x00007ffed65f0000 - 0x00007ffed6713000 	C:\Windows\System32\RPCRT4.dll
0x00007ffed42a0000 - 0x00007ffed42c7000 	C:\Windows\System32\bcrypt.dll
0x00007ffed60b0000 - 0x00007ffed611b000 	C:\Windows\System32\WS2_32.dll
0x00007ffed3970000 - 0x00007ffed39bb000 	C:\Windows\SYSTEM32\POWRPROF.dll
0x00007ffecc460000 - 0x00007ffecc46a000 	C:\Windows\SYSTEM32\VERSION.dll
0x00007ffec6f50000 - 0x00007ffec6f77000 	C:\Windows\SYSTEM32\WINMM.dll
0x00007ffed38c0000 - 0x00007ffed38d2000 	C:\Windows\SYSTEM32\UMPDC.dll
0x00007ffed2100000 - 0x00007ffed2112000 	C:\Windows\SYSTEM32\kernel.appcore.dll
0x00007ffecfe30000 - 0x00007ffecfe3a000 	C:\Users\pc\.jdks\openjdk-22.0.1\bin\jimage.dll
0x00007ffec2520000 - 0x00007ffec2704000 	C:\Windows\SYSTEM32\DBGHELP.DLL
0x00007ffeb9550000 - 0x00007ffeb9584000 	C:\Windows\SYSTEM32\dbgcore.DLL
0x00007ffed4b90000 - 0x00007ffed4c12000 	C:\Windows\System32\bcryptPrimitives.dll
0x00007ffecd9f0000 - 0x00007ffecd9ff000 	C:\Users\pc\.jdks\openjdk-22.0.1\bin\instrument.dll
0x00007ffec2900000 - 0x00007ffec291e000 	C:\Users\pc\.jdks\openjdk-22.0.1\bin\java.dll
0x00007ffed5560000 - 0x00007ffed5ccd000 	C:\Windows\System32\SHELL32.dll
0x00007ffed5430000 - 0x00007ffed555b000 	C:\Windows\System32\ole32.dll
0x00007ffed6290000 - 0x00007ffed65e3000 	C:\Windows\System32\combase.dll
0x00007ffed2300000 - 0x00007ffed2a9d000 	C:\Windows\SYSTEM32\windows.storage.dll
0x00007ffed3be0000 - 0x00007ffed3c0e000 	C:\Windows\SYSTEM32\Wldp.dll
0x00007ffed61c0000 - 0x00007ffed628d000 	C:\Windows\System32\OLEAUT32.dll
0x00007ffed68d0000 - 0x00007ffed697d000 	C:\Windows\System32\SHCORE.dll
0x00007ffed6010000 - 0x00007ffed6065000 	C:\Windows\System32\shlwapi.dll
0x00007ffed41d0000 - 0x00007ffed41f4000 	C:\Windows\SYSTEM32\profapi.dll
0x00007ffeb20a0000 - 0x00007ffeb2177000 	C:\Users\pc\.jdks\openjdk-22.0.1\bin\jsvml.dll
0x00007ffebbad0000 - 0x00007ffebbae7000 	C:\Users\pc\.jdks\openjdk-22.0.1\bin\zip.dll
0x00007ffecf5c0000 - 0x00007ffecf5d0000 	C:\Users\pc\.jdks\openjdk-22.0.1\bin\net.dll
0x00007ffed39c0000 - 0x00007ffed3a2a000 	C:\Windows\system32\mswsock.dll
0x00007ffec2880000 - 0x00007ffec2896000 	C:\Users\pc\.jdks\openjdk-22.0.1\bin\nio.dll
0x00007ffebbab0000 - 0x00007ffebbaca000 	C:\Program Files\JetBrains\IntelliJ IDEA 2024.1.1\bin\breakgen64.dll
0x00007ffec8490000 - 0x00007ffec8499000 	C:\Users\pc\.jdks\openjdk-22.0.1\bin\extnet.dll
0x00007ffe9c2d0000 - 0x00007ffe9c45d000 	C:\Users\pc\.jdks\openjdk-22.0.1\bin\awt.dll
0x00007ffed1a50000 - 0x00007ffed1ae0000 	C:\Windows\SYSTEM32\apphelp.dll
0x00007ffed1c10000 - 0x00007ffed1cae000 	C:\Windows\system32\uxtheme.dll
0x0000000180000000 - 0x0000000188188000 	C:\Program Files (x86)\ASUS\GPUTweakIII\GTIII-OSD\x64\GTIII-OSD64-VK.dll
0x00007ffe31a90000 - 0x00007ffe31bf4000 	C:\Windows\SYSTEM32\vulkan-1.dll
0x00007ffed42d0000 - 0x00007ffed431e000 	C:\Windows\System32\CFGMGR32.dll
0x00007ffed2ae0000 - 0x00007ffed2bd2000 	C:\Windows\system32\dxgi.dll
0x00007ffed6980000 - 0x00007ffed6a94000 	C:\Windows\System32\MSCTF.dll
0x00007ffed1e10000 - 0x00007ffed1e3f000 	C:\Windows\system32\DWMAPI.DLL
0x00007ffeb2010000 - 0x00007ffeb2097000 	C:\Users\pc\.jdks\openjdk-22.0.1\bin\freetype.dll
0x00007ffea2a30000 - 0x00007ffea2b07000 	C:\Users\pc\.jdks\openjdk-22.0.1\bin\fontmanager.dll
0x00007ffe7ea80000 - 0x00007ffe7eba5000 	C:\Windows\system32\opengl32.dll
0x00007ffeb7370000 - 0x00007ffeb739c000 	C:\Windows\SYSTEM32\GLU32.dll
0x00007ffed3e50000 - 0x00007ffed3e62000 	C:\Windows\SYSTEM32\msasn1.dll
0x00007ffecc420000 - 0x00007ffecc451000 	C:\Windows\SYSTEM32\cryptnet.dll
0x00007ffed49c0000 - 0x00007ffed4b1e000 	C:\Windows\System32\CRYPT32.dll
0x00007ffecce50000 - 0x00007ffeccf97000 	C:\Windows\SYSTEM32\drvstore.dll
0x00007ffed4020000 - 0x00007ffed4053000 	C:\Windows\SYSTEM32\devobj.dll
0x00007ffed3b50000 - 0x00007ffed3b5c000 	C:\Windows\SYSTEM32\cryptbase.dll
0x00007ffed4b20000 - 0x00007ffed4b87000 	C:\Windows\System32\wintrust.dll
0x00007ffed6b90000 - 0x00007ffed6bad000 	C:\Windows\System32\imagehlp.dll
0x00007ffed3c20000 - 0x00007ffed3c38000 	C:\Windows\SYSTEM32\CRYPTSP.dll
0x00007ffed3230000 - 0x00007ffed3264000 	C:\Windows\system32\rsaenh.dll
0x00007ffec9ca0000 - 0x00007ffecbebe000 	C:\Windows\System32\DriverStore\FileRepository\nv_dispig.inf_amd64_de8e1115ac61e38a\nvgpucomp64.dll
0x00007ffed2ab0000 - 0x00007ffed2ad3000 	C:\Windows\SYSTEM32\gpapi.dll
0x00007ffeccd10000 - 0x00007ffeccd4b000 	C:\Windows\SYSTEM32\dxcore.dll
0x00007ffec8290000 - 0x00007ffec8389000 	C:\Windows\SYSTEM32\textinputframework.dll
0x00007ffed1740000 - 0x00007ffed1832000 	C:\Windows\System32\CoreMessaging.dll
0x00007ffed13e0000 - 0x00007ffed173b000 	C:\Windows\System32\CoreUIComponents.dll
0x00007ffed0080000 - 0x00007ffed01d7000 	C:\Windows\SYSTEM32\wintypes.dll
0x00007ffed3350000 - 0x00007ffed3383000 	C:\Windows\SYSTEM32\ntmarta.dll
0x000001f6a87c0000 - 0x000001f6b0a60000 	C:\Program Files (x86)\ASUS\GPUTweakIII\GTIII-OSD\x64\GTIII-OSD64.dll
0x00007ffe110d0000 - 0x00007ffe11333000 	C:\Windows\SYSTEM32\d3dx9_43.dll
0x00007ffe6c390000 - 0x00007ffe6c3c1000 	C:\Windows\SYSTEM32\d3d10_1.dll
0x00007ffed01e0000 - 0x00007ffed063d000 	C:\Windows\SYSTEM32\D3DCOMPILER_47.dll
0x00007ffe83cf0000 - 0x00007ffe83d15000 	C:\Windows\SYSTEM32\d3d12.dll
0x00007ffebb360000 - 0x00007ffebb36d000 	C:\Windows\SYSTEM32\d3d10_1core.dll
0x00007ffed0640000 - 0x00007ffed08a3000 	C:\Windows\SYSTEM32\d3d11.dll
0x000001f6b0a60000 - 0x000001f6b8bcb000 	C:\Program Files (x86)\ASUS\GPUTweakIII\GTIII-OSD\x64\GTIII-OSD64-GL.dll
0x00007ffed5360000 - 0x00007ffed5368000 	C:\Windows\System32\PSAPI.DLL
0x000000006f930000 - 0x000000006f993000 	C:\Program Files (x86)\ASUS\GPUTweakIII\GTIII-OSD\x64\glew32.dll

dbghelp: loaded successfully - version: 4.0.5 - missing functions: none
symbol engine: initialized successfully - sym options: 0x614 - pdb path: .;C:\Users\pc\.jdks\openjdk-22.0.1\bin;C:\Windows\SYSTEM32;C:\Windows\WinSxS\amd64_microsoft.windows.common-controls_6595b64144ccf1df_6.0.19041.4355_none_60b8b9eb71f62e16;C:\Users\pc\.jdks\openjdk-22.0.1\bin\server;C:\Program Files\JetBrains\IntelliJ IDEA 2024.1.1\bin;C:\Program Files (x86)\ASUS\GPUTweakIII\GTIII-OSD\x64;C:\Windows\System32\DriverStore\FileRepository\nv_dispig.inf_amd64_de8e1115ac61e38a

VM Arguments:
jvm_args: -javaagent:C:\Program Files\JetBrains\IntelliJ IDEA 2024.1.1\lib\idea_rt.jar=51481:C:\Program Files\JetBrains\IntelliJ IDEA 2024.1.1\bin -Dfile.encoding=windows-1252 -Dsun.stdout.encoding=windows-1252 -Dsun.stderr.encoding=windows-1252 
java_command: NewJFramone
java_class_path (initial): C:\Users\pc\IdeaProjects\Transport\out\production\Transport
Launcher Type: SUN_STANDARD

[Global flags]
     intx CICompilerCount                          = 4                                         {product} {ergonomic}
     uint ConcGCThreads                            = 3                                         {product} {ergonomic}
     uint G1ConcRefinementThreads                  = 10                                        {product} {ergonomic}
   size_t G1HeapRegionSize                         = 2097152                                   {product} {ergonomic}
   size_t InitialHeapSize                          = 266338304                                 {product} {ergonomic}
   size_t MarkStackSize                            = 4194304                                   {product} {ergonomic}
   size_t MaxHeapSize                              = 4246732800                                {product} {ergonomic}
   size_t MaxNewSize                               = 2548039680                                {product} {ergonomic}
   size_t MinHeapDeltaBytes                        = 2097152                                   {product} {ergonomic}
   size_t MinHeapSize                              = 8388608                                   {product} {ergonomic}
    uintx NonNMethodCodeHeapSize                   = 5839372                                {pd product} {ergonomic}
    uintx NonProfiledCodeHeapSize                  = 122909434                              {pd product} {ergonomic}
    uintx ProfiledCodeHeapSize                     = 122909434                              {pd product} {ergonomic}
    uintx ReservedCodeCacheSize                    = 251658240                              {pd product} {ergonomic}
     bool SegmentedCodeCache                       = true                                      {product} {ergonomic}
   size_t SoftMaxHeapSize                          = 4246732800                             {manageable} {ergonomic}
     bool UseCompressedOops                        = true                           {product lp64_product} {ergonomic}
     bool UseG1GC                                  = true                                      {product} {ergonomic}
     bool UseLargePagesIndividualAllocation        = false                                  {pd product} {ergonomic}

Logging:
Log output configuration:
 #0: stdout all=off uptime,level,tags foldmultilines=false
 #1: stderr all=off uptime,level,tags foldmultilines=false

Environment Variables:
PATH=C:\Program Files (x86)\Common Files\Oracle\Java\java8path;C:\Program Files (x86)\Common Files\Oracle\Java\javapath;C:\Windows\system32;C:\Windows;C:\Windows\System32\Wbem;C:\Windows\System32\WindowsPowerShell\v1.0\;C:\Windows\System32\OpenSSH\;C:\Program Files (x86)\NVIDIA Corporation\PhysX\Common;C:\Program Files\Cloudflare\Cloudflare WARP\;C:\Program Files\Git\cmd;C:\Program Files\dotnet\;C:\Users\pc\AppData\Local\Microsoft\WindowsApps;;C:\Users\pc\AppData\Local\Programs\Microsoft VS Code\bin;E:\New folder (2)\IntelliJ IDEA 2023.2.2\bin;;C:\Program Files\JetBrains\IntelliJ IDEA Educational Edition 2022.2.2\bin;;C:\Program Files\JetBrains\IntelliJ IDEA Community Edition 2023.2.5\bin;
USERNAME=pc
OS=Windows_NT
PROCESSOR_IDENTIFIER=Intel64 Family 6 Model 151 Stepping 5, GenuineIntel
TMP=C:\Users\pc\AppData\Local\Temp
TEMP=C:\Users\pc\AppData\Local\Temp




Periodic native trim disabled

---------------  S Y S T E M  ---------------

OS:
 Windows 10 , 64 bit Build 19041 (10.0.19041.3636)
OS uptime: 0 days 1:39 hours
Hyper-V role detected

CPU: total 12 (initial active 12) (6 cores per cpu, 2 threads per core) family 6 model 151 stepping 5 microcode 0x18, cx8, cmov, fxsr, ht, mmx, 3dnowpref, sse, sse2, sse3, ssse3, sse4.1, sse4.2, popcnt, lzcnt, tsc, tscinvbit, avx, avx2, aes, erms, clmul, bmi1, bmi2, adx, sha, fma, vzeroupper, clflush, clflushopt, clwb, hv, rdtscp, rdpid, fsrm, f16c, cet_ibt, cet_ss
Processor Information for all 12 processors :
  Max Mhz: 2500, Current Mhz: 2500, Mhz Limit: 2500

Memory: 4k page, system-wide physical 16197M (5991M free)
TotalPageFile size 32581M (AvailPageFile size 10939M)
current process WorkingSet (physical memory assigned to process): 87M, peak: 97M
current process commit charge ("private bytes"): 760M, peak: 775M

vm_info: OpenJDK 64-Bit Server VM (22.0.1+8-16) for windows-amd64 JRE (22.0.1+8-16), built on 2024-03-12T10:33:16Z by "mach5one" with MS VC++ 17.6 (VS2022)

END.
