#
# A fatal error has been detected by the Java Runtime Environment:
#
#  EXCEPTION_ACCESS_VIOLATION (0xc0000005) at pc=0x00000205618d2e99, pid=3872, tid=3236
#
# JRE version: OpenJDK Runtime Environment (22.0.1+8) (build 22.0.1+8-16)
# Java VM: OpenJDK 64-Bit Server VM (22.0.1+8-16, mixed mode, sharing, tiered, compressed oops, compressed class ptrs, g1 gc, windows-amd64)
# Problematic frame:
# C  [GTIII-OSD64.dll+0x2e99]
#
# No core dump will be written. Minidumps are not enabled by default on client versions of Windows
#
# If you would like to submit a bug report, please visit:
#   https://bugreport.java.com/bugreport/crash.jsp
#

---------------  S U M M A R Y ------------

Command Line: -javaagent:C:\Program Files\JetBrains\IntelliJ IDEA 2024.1.1\lib\idea_rt.jar=55900:C:\Program Files\JetBrains\IntelliJ IDEA 2024.1.1\bin -Dfile.encoding=UTF-8 -Dsun.stdout.encoding=UTF-8 -Dsun.stderr.encoding=UTF-8 gui

Host: 12th Gen Intel(R) Core(TM) i5-12400F, 12 cores, 15G,  Windows 10 , 64 bit Build 19041 (10.0.19041.3636)
Time: Sun May  5 22:00:34 2024 Egypt Daylight Time elapsed time: 33.956247 seconds (0d 0h 0m 33s)

---------------  T H R E A D  ---------------

Current thread (0x000002057ecc12b0):  VMThread "VM Thread"          [id=3236, stack(0x0000003f6a300000,0x0000003f6a400000) (1024K)]

Stack: [0x0000003f6a300000,0x0000003f6a400000],  sp=0x0000003f6a3fed90,  free space=1019k
Native frames: (J=compiled Java code, j=interpreted, Vv=VM code, C=native code)
C  [GTIII-OSD64.dll+0x2e99]  (no source info available)
C  [GTIII-OSD64.dll+0x3884]  (no source info available)
C  [GTIII-OSD64.dll+0x330ef]  (no source info available)
C  [GTIII-OSD64.dll+0x35e80]  (no source info available)
C  [GTIII-OSD64.dll+0x2f1ba]  (no source info available)
C  [GTIII-OSD64.dll+0x2f237]  (no source info available)
C  [GTIII-OSD64.dll+0x2f787]  (no source info available)
C  [GTIII-OSD64.dll+0xd97ac]  (no source info available)
C  [ntdll.dll+0x19a1d]  (no source info available)
C  [ntdll.dll+0x5dcda]  (no source info available)
C  [ntdll.dll+0x5da8d]  (no source info available)
C  [KERNEL32.DLL+0x1e3bb]  (no source info available)
C  [ucrtbase.dll+0x205bc]  (no source info available)
C  [ucrtbase.dll+0x2045f]  (no source info available)
V  [jvm.dll+0x6db40b]  (no source info available)
V  [jvm.dll+0x6daf40]  (no source info available)
V  [jvm.dll+0x3e1ea4]  (no source info available)
V  [jvm.dll+0x87d7d0]  (no source info available)
V  [jvm.dll+0x87eb57]  (no source info available)
V  [jvm.dll+0x87f0d0]  (no source info available)
V  [jvm.dll+0x87f373]  (no source info available)
V  [jvm.dll+0x81d44b]  (no source info available)
V  [jvm.dll+0x6e0915]  (no source info available)
C  [ucrtbase.dll+0x21bb2]  (no source info available)
C  [KERNEL32.DLL+0x17344]  (no source info available)
C  [ntdll.dll+0x526b1]  (no source info available)


siginfo: EXCEPTION_ACCESS_VIOLATION (0xc0000005), reading address 0x00007ff8da6c73f0


Registers:
RAX=0x0000000000000000, RBX=0x0000020569c609e0, RCX=0x0000000000000006, RDX=0x0000000000000000
RSP=0x0000003f6a3fed90, RBP=0x0000000000000006, RSI=0x0000000000000000, RDI=0x00007ff8da6c73f0
R8 =0x0000003f6a3fee00, R9 =0x0000000000000001, R10=0x0000000000000000, R11=0x0000003f6a3fed90
R12=0x00000205619a9884, R13=0x00007ff8b7f53b20, R14=0x0000000000000005, R15=0x0000003f6a3fee00
RIP=0x00000205618d2e99, EFLAGS=0x0000000000010246


Register to memory mapping:

RAX=0x0 is null
RBX=0x0000020569c609e0 points into unknown readable memory: 0x0000000000000001 | 01 00 00 00 00 00 00 00
RCX=0x0000000000000006 is an unknown value
RDX=0x0 is null
RSP=0x0000003f6a3fed90 points into unknown readable memory: 0x00000205618d0000 | 00 00 8d 61 05 02 00 00
RBP=0x0000000000000006 is an unknown value
RSI=0x0 is null
RDI=0x00007ff8da6c73f0 is an unknown value
R8 =0x0000003f6a3fee00 points into unknown readable memory: 0x0000000000000000 | 00 00 00 00 00 00 00 00
R9 =0x0000000000000001 is an unknown value
R10=0x0 is null
R11=0x0000003f6a3fed90 points into unknown readable memory: 0x00000205618d0000 | 00 00 8d 61 05 02 00 00
R12=0x00000205619a9884 GTIII-OSD64.dll
R13=0x00007ff8b7f53b20 jvm.dll
R14=0x0000000000000005 is an unknown value
R15=0x0000003f6a3fee00 points into unknown readable memory: 0x0000000000000000 | 00 00 00 00 00 00 00 00

Top of Stack: (sp=0x0000003f6a3fed90)
0x0000003f6a3fed90:   00000205618d0000 0000000000000002
0x0000003f6a3feda0:   0000000000000000 00000205618d2cfb
0x0000003f6a3fedb0:   0000000000000000 0000000000000000
0x0000003f6a3fedc0:   0000000000000001 00000205618d0000
0x0000003f6a3fedd0:   0000000000000002 00000205618d3884
0x0000003f6a3fede0:   0000000000000001 0000000000000006
0x0000003f6a3fedf0:   0000003f6a3ff1e0 0000000000000000
0x0000003f6a3fee00:   0000000000000000 0000000000000000
0x0000003f6a3fee10:   0000000000000001 00000205619030ef
0x0000003f6a3fee20:   0000000000000001 00000205618d0000
0x0000003f6a3fee30:   0000003f6a3feda8 0000003f6a3ff1e0
0x0000003f6a3fee40:   0000000000000001 0000020561905e80
0x0000003f6a3fee50:   0000003f6a3feeb0 0000000000000ca4
0x0000003f6a3fee60:   00000205699ae3c4 0000000000000f20
0x0000003f6a3fee70:   0000000000000f20 00000205618ff1ba
0x0000003f6a3fee80:   0000000000000000 00007ff913a64041
0x0000003f6a3fee90:   000000000000c2c2 00000205618d0000
0x0000003f6a3feea0:   0000000000000000 00000205618ff237
0x0000003f6a3feeb0:   0000000000000000 0000020558fd8d90
0x0000003f6a3feec0:   0000003f6a3feeb0 0000020500000001
0x0000003f6a3feed0:   0000000000000000 00000205618ff787
0x0000003f6a3feee0:   000002055f620750 00007ff9159e9877
0x0000003f6a3feef0:   0000000000000001 000000006f670000
0x0000003f6a3fef00:   00007ff8b7f53b20 000000006f670000
0x0000003f6a3fef10:   0000000000000001 00007ff9159e9993
0x0000003f6a3fef20:   0000000000000001 00000205619a97ac
0x0000003f6a3fef30:   0000000000000001 000000007ffe0385
0x0000003f6a3fef40:   0000000000000000 000000006f68fad5
0x0000003f6a3fef50:   0000020570b6c2e8 00007ff91314f05b
0x0000003f6a3fef60:   0000000000000001 0000000000000016
0x0000003f6a3fef70:   00000205618d0000 000000007ffe0384
0x0000003f6a3fef80:   0000000000000000 00007ff9159e9a1d 

Instructions: (pc=0x00000205618d2e99)
0x00000205618d2d99:   03 1d e1 2c 0c 08 c7 44 24 30 22 00 00 00 48 8b
0x00000205618d2da9:   43 08 48 89 44 24 20 48 8b 43 18 48 83 c0 1e 48
0x00000205618d2db9:   89 44 24 28 e8 42 0b 00 00 85 c0 75 07 b8 08 00
0x00000205618d2dc9:   00 00 eb 5b 83 7c 24 34 00 48 8b 4b 08 74 16 8b
0x00000205618d2dd9:   41 fb 89 43 20 0f b7 41 ff 66 89 43 24 8a 41 01
0x00000205618d2de9:   88 43 26 eb 0b 8b 01 89 43 20 8a 41 04 88 43 24
0x00000205618d2df9:   8a 44 24 34 80 63 28 fe 24 01 08 43 28 8b 44 24
0x00000205618d2e09:   38 83 63 2c f0 83 e0 0f 09 43 2c 48 8b 44 24 3c
0x00000205618d2e19:   48 89 43 30 48 8b 44 24 44 48 89 43 38 33 c0 48
0x00000205618d2e29:   8b 4c 24 50 48 33 cc e8 2b 5a 0d 00 48 83 c4 60
0x00000205618d2e39:   5b c3 cc 48 89 5c 24 10 48 89 6c 24 18 48 89 74
0x00000205618d2e49:   24 20 57 41 56 41 57 48 83 ec 30 8b d9 4d 8b f8
0x00000205618d2e59:   48 c1 e3 06 8b f2 48 03 1d 1a 2c 0c 08 8b e9 48
0x00000205618d2e69:   8b 7b 08 85 d2 74 0f 8b cd e8 01 ff ff ff 85 c0
0x00000205618d2e79:   0f 85 16 01 00 00 8a 43 28 24 01 74 04 48 83 ef
0x00000205618d2e89:   05 0f b6 c0 4c 8d 34 45 05 00 00 00 85 f6 75 3d
0x00000205618d2e99:   80 3f e9 75 38 4c 63 57 01 48 8b 43 18 49 83 c2
0x00000205618d2ea9:   05 4c 03 d7 48 83 c0 10 49 3b c2 74 20 48 8b 53
0x00000205618d2eb9:   08 4c 8d 0d 7b ff ff ff 49 8b 4a f8 44 8b c5 4c
0x00000205618d2ec9:   89 7c 24 20 41 ff 52 f0 e9 bf 00 00 00 4c 8d 4c
0x00000205618d2ed9:   24 50 41 b8 40 00 00 00 49 8b d6 48 8b cf ff 15
0x00000205618d2ee9:   93 b4 12 00 85 c0 75 0a b8 0a 00 00 00 e9 9a 00
0x00000205618d2ef9:   00 00 85 f6 74 1f c6 07 e9 8b 43 18 2b c7 83 c0
0x00000205618d2f09:   0b 89 47 01 f6 43 28 01 74 2c 48 8b 43 08 66 c7
0x00000205618d2f19:   00 eb f9 eb 21 8b 43 20 f6 43 28 01 89 07 74 10
0x00000205618d2f29:   0f b7 43 24 66 89 47 04 8a 43 26 88 47 06 eb 06
0x00000205618d2f39:   8a 43 24 88 47 04 44 8b 44 24 50 4c 8d 4c 24 50
0x00000205618d2f49:   49 8b d6 48 8b cf ff 15 2b b4 12 00 ff 15 05 b2
0x00000205618d2f59:   12 00 4d 8b c6 48 8b d7 48 8b c8 ff 15 2e b3 12
0x00000205618d2f69:   00 44 8b c6 8b d5 49 8b cf e8 e9 fb ff ff 80 63
0x00000205618d2f79:   28 fd 40 80 e6 01 40 8a c6 40 c0 e6 02 02 c0 0a
0x00000205618d2f89:   43 28 24 fb 40 0a c6 88 43 28 33 c0 48 8b 5c 24 


Stack slot to memory mapping:

stack at sp + 0 slots: 0x00000205618d0000 GTIII-OSD64.dll
stack at sp + 1 slots: 0x0000000000000002 is an unknown value
stack at sp + 2 slots: 0x0 is null
stack at sp + 3 slots: 0x00000205618d2cfb GTIII-OSD64.dll
stack at sp + 4 slots: 0x0 is null
stack at sp + 5 slots: 0x0 is null
stack at sp + 6 slots: 0x0000000000000001 is an unknown value
stack at sp + 7 slots: 0x00000205618d0000 GTIII-OSD64.dll

VM_Operation (0x0000003f6b2ff250): Exit, mode: safepoint, requested by thread 0x0000020558e18220


---------------  P R O C E S S  ---------------

Threads class SMR info:
_java_thread_list=0x0000020559200f80, length=17, elements={
0x000002057ecd9870, 0x000002057ecdb4e0, 0x000002057ece79a0, 0x000002057ece8880,
0x000002057eceb2f0, 0x000002057ecebd50, 0x000002057ecfe5e0, 0x0000020558120090,
0x000002055821f380, 0x0000020558395d90, 0x0000020558396400, 0x0000020558466c90,
0x000002055846c680, 0x0000020558e1a2f0, 0x0000020558e18f40, 0x0000020558e19c60,
0x0000020558e18220
}

Java Threads: ( => current thread )
  0x000002057ecd9870 JavaThread "Reference Handler"          daemon [_thread_blocked, id=29544, stack(0x0000003f6a400000,0x0000003f6a500000) (1024K)]
  0x000002057ecdb4e0 JavaThread "Finalizer"                  daemon [_thread_blocked, id=596, stack(0x0000003f6a500000,0x0000003f6a600000) (1024K)]
  0x000002057ece79a0 JavaThread "Signal Dispatcher"          daemon [_thread_blocked, id=22548, stack(0x0000003f6a600000,0x0000003f6a700000) (1024K)]
  0x000002057ece8880 JavaThread "Attach Listener"            daemon [_thread_blocked, id=22828, stack(0x0000003f6a700000,0x0000003f6a800000) (1024K)]
  0x000002057eceb2f0 JavaThread "Service Thread"             daemon [_thread_blocked, id=2792, stack(0x0000003f6a800000,0x0000003f6a900000) (1024K)]
  0x000002057ecebd50 JavaThread "Monitor Deflation Thread"   daemon [_thread_blocked, id=15180, stack(0x0000003f6a900000,0x0000003f6aa00000) (1024K)]
  0x000002057ecfe5e0 JavaThread "C2 CompilerThread0"         daemon [_thread_blocked, id=27104, stack(0x0000003f6aa00000,0x0000003f6ab00000) (1024K)]
  0x0000020558120090 JavaThread "C1 CompilerThread0"         daemon [_thread_blocked, id=29532, stack(0x0000003f6ab00000,0x0000003f6ac00000) (1024K)]
  0x000002055821f380 JavaThread "Common-Cleaner"             daemon [_thread_blocked, id=14052, stack(0x0000003f6ac00000,0x0000003f6ad00000) (1024K)]
  0x0000020558395d90 JavaThread "Monitor Ctrl-Break"         daemon [_thread_in_native, id=28912, stack(0x0000003f6ad00000,0x0000003f6ae00000) (1024K)]
  0x0000020558396400 JavaThread "Notification Thread"        daemon [_thread_blocked, id=20304, stack(0x0000003f6ae00000,0x0000003f6af00000) (1024K)]
  0x0000020558466c90 JavaThread "Java2D Disposer"            daemon [_thread_blocked, id=5616, stack(0x0000003f6af00000,0x0000003f6b000000) (1024K)]
  0x000002055846c680 JavaThread "AWT-Shutdown"                      [_thread_blocked, id=11976, stack(0x0000003f6b000000,0x0000003f6b100000) (1024K)]
  0x0000020558e1a2f0 JavaThread "AWT-EventQueue-0"                  [_thread_blocked, id=8260, stack(0x0000003f6b450000,0x0000003f6b550000) (1024K)]
  0x0000020558e18f40 JavaThread "DestroyJavaVM"                     [_thread_blocked, id=4100, stack(0x0000003f69c00000,0x0000003f69d00000) (1024K)]
  0x0000020558e19c60 JavaThread "TimerQueue"                 daemon [_thread_blocked, id=28500, stack(0x0000003f6b960000,0x0000003f6ba60000) (1024K)]
  0x0000020558e18220 JavaThread "SIGINT handler"             daemon [_thread_blocked, id=26412, stack(0x0000003f6b200000,0x0000003f6b300000) (1024K)]
Total: 17

Other Threads:
=>0x000002057ecc12b0 VMThread "VM Thread"                           [id=3236, stack(0x0000003f6a300000,0x0000003f6a400000) (1024K)]
  0x0000020570c5df20 WorkerThread "GC Thread#0"                     [id=20956, stack(0x0000003f69d00000,0x0000003f69e00000) (1024K)]
  0x0000020570e06bd0 ConcurrentGCThread "G1 Main Marker"            terminated
  0x0000020570e075f0 WorkerThread "G1 Conc#0"                       [id=28756, stack(0x0000003f69f00000,0x0000003f6a000000) (1024K)]
  0x0000020570e5e760 ConcurrentGCThread "G1 Refine#0"               terminated
  0x000002057eb7a350 ConcurrentGCThread "G1 Service"                terminated
Total: 6

Threads with active compile tasks:
Total: 0

VM state: at safepoint (shutting down)

VM Mutex/Monitor currently owned by a thread:  ([mutex/lock_event])
[0x00007ff8b7f2bbb8] Threads_lock - owner thread: 0x000002057ecc12b0
[0x00007ff8b7f2bcb8] Heap_lock - owner thread: 0x0000020558e18220

Heap address: 0x0000000702e00000, size: 4050 MB, Compressed Oops mode: Zero based, Oop shift amount: 3

CDS archive(s) mapped at: [0x0000020513000000-0x0000020513c50000-0x0000020513c50000), size 12910592, SharedBaseAddress: 0x0000020513000000, ArchiveRelocationMode: 1.
Compressed class space mapped at: 0x0000020514000000-0x0000020554000000, reserved size: 1073741824
Narrow klass base: 0x0000020513000000, Narrow klass shift: 0, Narrow klass range: 0x41000000

GC Precious Log:
 CardTable entry size: 512
 Card Set container configuration: InlinePtr #cards 4 size 8 Array Of Cards #cards 16 size 48 Howl #buckets 8 coarsen threshold 3686 Howl Bitmap #cards 512 size 80 coarsen threshold 460 Card regions per heap region 1 cards per card region 4096
 CPUs: 12 total, 12 available
 Memory: 16197M
 Large Page Support: Disabled
 NUMA Support: Disabled
 Compressed Oops: Enabled (Zero based)
 Heap Region Size: 2M
 Heap Min Capacity: 8M
 Heap Initial Capacity: 254M
 Heap Max Capacity: 4050M
 Pre-touch: Disabled
 Parallel Workers: 10
 Concurrent Workers: 3
 Concurrent Refinement Workers: 10
 Periodic GC: Disabled

Heap:
 garbage-first heap   total reserved 4147200K, committed 260096K, used 10240K [0x0000000702e00000, 0x0000000800000000)
  region size 2048K, 6 young (12288K), 0 survivors (0K)
 Metaspace       used 8197K, committed 8384K, reserved 1114112K
  class space    used 949K, committed 1024K, reserved 1048576K

Heap Regions: E=young(eden), S=young(survivor), O=old, HS=humongous(starts), HC=humongous(continues), CS=collection set, F=free, TAMS=top-at-mark-start, PB=parsable bottom
|   0|0x0000000702e00000, 0x0000000702e00000, 0x0000000703000000|  0%| F|  |TAMS 0x0000000702e00000| PB 0x0000000702e00000| Untracked |  0
|   1|0x0000000703000000, 0x0000000703000000, 0x0000000703200000|  0%| F|  |TAMS 0x0000000703000000| PB 0x0000000703000000| Untracked |  0
|   2|0x0000000703200000, 0x0000000703200000, 0x0000000703400000|  0%| F|  |TAMS 0x0000000703200000| PB 0x0000000703200000| Untracked |  0
|   3|0x0000000703400000, 0x0000000703400000, 0x0000000703600000|  0%| F|  |TAMS 0x0000000703400000| PB 0x0000000703400000| Untracked |  0
|   4|0x0000000703600000, 0x0000000703600000, 0x0000000703800000|  0%| F|  |TAMS 0x0000000703600000| PB 0x0000000703600000| Untracked |  0
|   5|0x0000000703800000, 0x0000000703800000, 0x0000000703a00000|  0%| F|  |TAMS 0x0000000703800000| PB 0x0000000703800000| Untracked |  0
|   6|0x0000000703a00000, 0x0000000703a00000, 0x0000000703c00000|  0%| F|  |TAMS 0x0000000703a00000| PB 0x0000000703a00000| Untracked |  0
|   7|0x0000000703c00000, 0x0000000703c00000, 0x0000000703e00000|  0%| F|  |TAMS 0x0000000703c00000| PB 0x0000000703c00000| Untracked |  0
|   8|0x0000000703e00000, 0x0000000703e00000, 0x0000000704000000|  0%| F|  |TAMS 0x0000000703e00000| PB 0x0000000703e00000| Untracked |  0
|   9|0x0000000704000000, 0x0000000704000000, 0x0000000704200000|  0%| F|  |TAMS 0x0000000704000000| PB 0x0000000704000000| Untracked |  0
|  10|0x0000000704200000, 0x0000000704200000, 0x0000000704400000|  0%| F|  |TAMS 0x0000000704200000| PB 0x0000000704200000| Untracked |  0
|  11|0x0000000704400000, 0x0000000704400000, 0x0000000704600000|  0%| F|  |TAMS 0x0000000704400000| PB 0x0000000704400000| Untracked |  0
|  12|0x0000000704600000, 0x0000000704600000, 0x0000000704800000|  0%| F|  |TAMS 0x0000000704600000| PB 0x0000000704600000| Untracked |  0
|  13|0x0000000704800000, 0x0000000704800000, 0x0000000704a00000|  0%| F|  |TAMS 0x0000000704800000| PB 0x0000000704800000| Untracked |  0
|  14|0x0000000704a00000, 0x0000000704a00000, 0x0000000704c00000|  0%| F|  |TAMS 0x0000000704a00000| PB 0x0000000704a00000| Untracked |  0
|  15|0x0000000704c00000, 0x0000000704c00000, 0x0000000704e00000|  0%| F|  |TAMS 0x0000000704c00000| PB 0x0000000704c00000| Untracked |  0
|  16|0x0000000704e00000, 0x0000000704e00000, 0x0000000705000000|  0%| F|  |TAMS 0x0000000704e00000| PB 0x0000000704e00000| Untracked |  0
|  17|0x0000000705000000, 0x0000000705000000, 0x0000000705200000|  0%| F|  |TAMS 0x0000000705000000| PB 0x0000000705000000| Untracked |  0
|  18|0x0000000705200000, 0x0000000705200000, 0x0000000705400000|  0%| F|  |TAMS 0x0000000705200000| PB 0x0000000705200000| Untracked |  0
|  19|0x0000000705400000, 0x0000000705400000, 0x0000000705600000|  0%| F|  |TAMS 0x0000000705400000| PB 0x0000000705400000| Untracked |  0
|  20|0x0000000705600000, 0x0000000705600000, 0x0000000705800000|  0%| F|  |TAMS 0x0000000705600000| PB 0x0000000705600000| Untracked |  0
|  21|0x0000000705800000, 0x0000000705800000, 0x0000000705a00000|  0%| F|  |TAMS 0x0000000705800000| PB 0x0000000705800000| Untracked |  0
|  22|0x0000000705a00000, 0x0000000705a00000, 0x0000000705c00000|  0%| F|  |TAMS 0x0000000705a00000| PB 0x0000000705a00000| Untracked |  0
|  23|0x0000000705c00000, 0x0000000705c00000, 0x0000000705e00000|  0%| F|  |TAMS 0x0000000705c00000| PB 0x0000000705c00000| Untracked |  0
|  24|0x0000000705e00000, 0x0000000705e00000, 0x0000000706000000|  0%| F|  |TAMS 0x0000000705e00000| PB 0x0000000705e00000| Untracked |  0
|  25|0x0000000706000000, 0x0000000706000000, 0x0000000706200000|  0%| F|  |TAMS 0x0000000706000000| PB 0x0000000706000000| Untracked |  0
|  26|0x0000000706200000, 0x0000000706200000, 0x0000000706400000|  0%| F|  |TAMS 0x0000000706200000| PB 0x0000000706200000| Untracked |  0
|  27|0x0000000706400000, 0x0000000706400000, 0x0000000706600000|  0%| F|  |TAMS 0x0000000706400000| PB 0x0000000706400000| Untracked |  0
|  28|0x0000000706600000, 0x0000000706600000, 0x0000000706800000|  0%| F|  |TAMS 0x0000000706600000| PB 0x0000000706600000| Untracked |  0
|  29|0x0000000706800000, 0x0000000706800000, 0x0000000706a00000|  0%| F|  |TAMS 0x0000000706800000| PB 0x0000000706800000| Untracked |  0
|  30|0x0000000706a00000, 0x0000000706a00000, 0x0000000706c00000|  0%| F|  |TAMS 0x0000000706a00000| PB 0x0000000706a00000| Untracked |  0
|  31|0x0000000706c00000, 0x0000000706c00000, 0x0000000706e00000|  0%| F|  |TAMS 0x0000000706c00000| PB 0x0000000706c00000| Untracked |  0
|  32|0x0000000706e00000, 0x0000000706e00000, 0x0000000707000000|  0%| F|  |TAMS 0x0000000706e00000| PB 0x0000000706e00000| Untracked |  0
|  33|0x0000000707000000, 0x0000000707000000, 0x0000000707200000|  0%| F|  |TAMS 0x0000000707000000| PB 0x0000000707000000| Untracked |  0
|  34|0x0000000707200000, 0x0000000707200000, 0x0000000707400000|  0%| F|  |TAMS 0x0000000707200000| PB 0x0000000707200000| Untracked |  0
|  35|0x0000000707400000, 0x0000000707400000, 0x0000000707600000|  0%| F|  |TAMS 0x0000000707400000| PB 0x0000000707400000| Untracked |  0
|  36|0x0000000707600000, 0x0000000707600000, 0x0000000707800000|  0%| F|  |TAMS 0x0000000707600000| PB 0x0000000707600000| Untracked |  0
|  37|0x0000000707800000, 0x0000000707800000, 0x0000000707a00000|  0%| F|  |TAMS 0x0000000707800000| PB 0x0000000707800000| Untracked |  0
|  38|0x0000000707a00000, 0x0000000707a00000, 0x0000000707c00000|  0%| F|  |TAMS 0x0000000707a00000| PB 0x0000000707a00000| Untracked |  0
|  39|0x0000000707c00000, 0x0000000707c00000, 0x0000000707e00000|  0%| F|  |TAMS 0x0000000707c00000| PB 0x0000000707c00000| Untracked |  0
|  40|0x0000000707e00000, 0x0000000707e00000, 0x0000000708000000|  0%| F|  |TAMS 0x0000000707e00000| PB 0x0000000707e00000| Untracked |  0
|  41|0x0000000708000000, 0x0000000708000000, 0x0000000708200000|  0%| F|  |TAMS 0x0000000708000000| PB 0x0000000708000000| Untracked |  0
|  42|0x0000000708200000, 0x0000000708200000, 0x0000000708400000|  0%| F|  |TAMS 0x0000000708200000| PB 0x0000000708200000| Untracked |  0
|  43|0x0000000708400000, 0x0000000708400000, 0x0000000708600000|  0%| F|  |TAMS 0x0000000708400000| PB 0x0000000708400000| Untracked |  0
|  44|0x0000000708600000, 0x0000000708600000, 0x0000000708800000|  0%| F|  |TAMS 0x0000000708600000| PB 0x0000000708600000| Untracked |  0
|  45|0x0000000708800000, 0x0000000708800000, 0x0000000708a00000|  0%| F|  |TAMS 0x0000000708800000| PB 0x0000000708800000| Untracked |  0
|  46|0x0000000708a00000, 0x0000000708a00000, 0x0000000708c00000|  0%| F|  |TAMS 0x0000000708a00000| PB 0x0000000708a00000| Untracked |  0
|  47|0x0000000708c00000, 0x0000000708c00000, 0x0000000708e00000|  0%| F|  |TAMS 0x0000000708c00000| PB 0x0000000708c00000| Untracked |  0
|  48|0x0000000708e00000, 0x0000000708e00000, 0x0000000709000000|  0%| F|  |TAMS 0x0000000708e00000| PB 0x0000000708e00000| Untracked |  0
|  49|0x0000000709000000, 0x0000000709000000, 0x0000000709200000|  0%| F|  |TAMS 0x0000000709000000| PB 0x0000000709000000| Untracked |  0
|  50|0x0000000709200000, 0x0000000709200000, 0x0000000709400000|  0%| F|  |TAMS 0x0000000709200000| PB 0x0000000709200000| Untracked |  0
|  51|0x0000000709400000, 0x0000000709400000, 0x0000000709600000|  0%| F|  |TAMS 0x0000000709400000| PB 0x0000000709400000| Untracked |  0
|  52|0x0000000709600000, 0x0000000709600000, 0x0000000709800000|  0%| F|  |TAMS 0x0000000709600000| PB 0x0000000709600000| Untracked |  0
|  53|0x0000000709800000, 0x0000000709800000, 0x0000000709a00000|  0%| F|  |TAMS 0x0000000709800000| PB 0x0000000709800000| Untracked |  0
|  54|0x0000000709a00000, 0x0000000709a00000, 0x0000000709c00000|  0%| F|  |TAMS 0x0000000709a00000| PB 0x0000000709a00000| Untracked |  0
|  55|0x0000000709c00000, 0x0000000709c00000, 0x0000000709e00000|  0%| F|  |TAMS 0x0000000709c00000| PB 0x0000000709c00000| Untracked |  0
|  56|0x0000000709e00000, 0x0000000709e00000, 0x000000070a000000|  0%| F|  |TAMS 0x0000000709e00000| PB 0x0000000709e00000| Untracked |  0
|  57|0x000000070a000000, 0x000000070a000000, 0x000000070a200000|  0%| F|  |TAMS 0x000000070a000000| PB 0x000000070a000000| Untracked |  0
|  58|0x000000070a200000, 0x000000070a200000, 0x000000070a400000|  0%| F|  |TAMS 0x000000070a200000| PB 0x000000070a200000| Untracked |  0
|  59|0x000000070a400000, 0x000000070a400000, 0x000000070a600000|  0%| F|  |TAMS 0x000000070a400000| PB 0x000000070a400000| Untracked |  0
|  60|0x000000070a600000, 0x000000070a600000, 0x000000070a800000|  0%| F|  |TAMS 0x000000070a600000| PB 0x000000070a600000| Untracked |  0
|  61|0x000000070a800000, 0x000000070a800000, 0x000000070aa00000|  0%| F|  |TAMS 0x000000070a800000| PB 0x000000070a800000| Untracked |  0
|  62|0x000000070aa00000, 0x000000070aa00000, 0x000000070ac00000|  0%| F|  |TAMS 0x000000070aa00000| PB 0x000000070aa00000| Untracked |  0
|  63|0x000000070ac00000, 0x000000070ac00000, 0x000000070ae00000|  0%| F|  |TAMS 0x000000070ac00000| PB 0x000000070ac00000| Untracked |  0
|  64|0x000000070ae00000, 0x000000070ae00000, 0x000000070b000000|  0%| F|  |TAMS 0x000000070ae00000| PB 0x000000070ae00000| Untracked |  0
|  65|0x000000070b000000, 0x000000070b000000, 0x000000070b200000|  0%| F|  |TAMS 0x000000070b000000| PB 0x000000070b000000| Untracked |  0
|  66|0x000000070b200000, 0x000000070b200000, 0x000000070b400000|  0%| F|  |TAMS 0x000000070b200000| PB 0x000000070b200000| Untracked |  0
|  67|0x000000070b400000, 0x000000070b400000, 0x000000070b600000|  0%| F|  |TAMS 0x000000070b400000| PB 0x000000070b400000| Untracked |  0
|  68|0x000000070b600000, 0x000000070b600000, 0x000000070b800000|  0%| F|  |TAMS 0x000000070b600000| PB 0x000000070b600000| Untracked |  0
|  69|0x000000070b800000, 0x000000070b800000, 0x000000070ba00000|  0%| F|  |TAMS 0x000000070b800000| PB 0x000000070b800000| Untracked |  0
|  70|0x000000070ba00000, 0x000000070ba00000, 0x000000070bc00000|  0%| F|  |TAMS 0x000000070ba00000| PB 0x000000070ba00000| Untracked |  0
|  71|0x000000070bc00000, 0x000000070bc00000, 0x000000070be00000|  0%| F|  |TAMS 0x000000070bc00000| PB 0x000000070bc00000| Untracked |  0
|  72|0x000000070be00000, 0x000000070be00000, 0x000000070c000000|  0%| F|  |TAMS 0x000000070be00000| PB 0x000000070be00000| Untracked |  0
|  73|0x000000070c000000, 0x000000070c000000, 0x000000070c200000|  0%| F|  |TAMS 0x000000070c000000| PB 0x000000070c000000| Untracked |  0
|  74|0x000000070c200000, 0x000000070c200000, 0x000000070c400000|  0%| F|  |TAMS 0x000000070c200000| PB 0x000000070c200000| Untracked |  0
|  75|0x000000070c400000, 0x000000070c400000, 0x000000070c600000|  0%| F|  |TAMS 0x000000070c400000| PB 0x000000070c400000| Untracked |  0
|  76|0x000000070c600000, 0x000000070c600000, 0x000000070c800000|  0%| F|  |TAMS 0x000000070c600000| PB 0x000000070c600000| Untracked |  0
|  77|0x000000070c800000, 0x000000070c800000, 0x000000070ca00000|  0%| F|  |TAMS 0x000000070c800000| PB 0x000000070c800000| Untracked |  0
|  78|0x000000070ca00000, 0x000000070ca00000, 0x000000070cc00000|  0%| F|  |TAMS 0x000000070ca00000| PB 0x000000070ca00000| Untracked |  0
|  79|0x000000070cc00000, 0x000000070cc00000, 0x000000070ce00000|  0%| F|  |TAMS 0x000000070cc00000| PB 0x000000070cc00000| Untracked |  0
|  80|0x000000070ce00000, 0x000000070ce00000, 0x000000070d000000|  0%| F|  |TAMS 0x000000070ce00000| PB 0x000000070ce00000| Untracked |  0
|  81|0x000000070d000000, 0x000000070d000000, 0x000000070d200000|  0%| F|  |TAMS 0x000000070d000000| PB 0x000000070d000000| Untracked |  0
|  82|0x000000070d200000, 0x000000070d200000, 0x000000070d400000|  0%| F|  |TAMS 0x000000070d200000| PB 0x000000070d200000| Untracked |  0
|  83|0x000000070d400000, 0x000000070d400000, 0x000000070d600000|  0%| F|  |TAMS 0x000000070d400000| PB 0x000000070d400000| Untracked |  0
|  84|0x000000070d600000, 0x000000070d600000, 0x000000070d800000|  0%| F|  |TAMS 0x000000070d600000| PB 0x000000070d600000| Untracked |  0
|  85|0x000000070d800000, 0x000000070d800000, 0x000000070da00000|  0%| F|  |TAMS 0x000000070d800000| PB 0x000000070d800000| Untracked |  0
|  86|0x000000070da00000, 0x000000070da00000, 0x000000070dc00000|  0%| F|  |TAMS 0x000000070da00000| PB 0x000000070da00000| Untracked |  0
|  87|0x000000070dc00000, 0x000000070dc00000, 0x000000070de00000|  0%| F|  |TAMS 0x000000070dc00000| PB 0x000000070dc00000| Untracked |  0
|  88|0x000000070de00000, 0x000000070de00000, 0x000000070e000000|  0%| F|  |TAMS 0x000000070de00000| PB 0x000000070de00000| Untracked |  0
|  89|0x000000070e000000, 0x000000070e000000, 0x000000070e200000|  0%| F|  |TAMS 0x000000070e000000| PB 0x000000070e000000| Untracked |  0
|  90|0x000000070e200000, 0x000000070e200000, 0x000000070e400000|  0%| F|  |TAMS 0x000000070e200000| PB 0x000000070e200000| Untracked |  0
|  91|0x000000070e400000, 0x000000070e400000, 0x000000070e600000|  0%| F|  |TAMS 0x000000070e400000| PB 0x000000070e400000| Untracked |  0
|  92|0x000000070e600000, 0x000000070e600000, 0x000000070e800000|  0%| F|  |TAMS 0x000000070e600000| PB 0x000000070e600000| Untracked |  0
|  93|0x000000070e800000, 0x000000070e800000, 0x000000070ea00000|  0%| F|  |TAMS 0x000000070e800000| PB 0x000000070e800000| Untracked |  0
|  94|0x000000070ea00000, 0x000000070ea00000, 0x000000070ec00000|  0%| F|  |TAMS 0x000000070ea00000| PB 0x000000070ea00000| Untracked |  0
|  95|0x000000070ec00000, 0x000000070ec00000, 0x000000070ee00000|  0%| F|  |TAMS 0x000000070ec00000| PB 0x000000070ec00000| Untracked |  0
|  96|0x000000070ee00000, 0x000000070ee00000, 0x000000070f000000|  0%| F|  |TAMS 0x000000070ee00000| PB 0x000000070ee00000| Untracked |  0
|  97|0x000000070f000000, 0x000000070f000000, 0x000000070f200000|  0%| F|  |TAMS 0x000000070f000000| PB 0x000000070f000000| Untracked |  0
|  98|0x000000070f200000, 0x000000070f200000, 0x000000070f400000|  0%| F|  |TAMS 0x000000070f200000| PB 0x000000070f200000| Untracked |  0
|  99|0x000000070f400000, 0x000000070f400000, 0x000000070f600000|  0%| F|  |TAMS 0x000000070f400000| PB 0x000000070f400000| Untracked |  0
| 100|0x000000070f600000, 0x000000070f600000, 0x000000070f800000|  0%| F|  |TAMS 0x000000070f600000| PB 0x000000070f600000| Untracked |  0
| 101|0x000000070f800000, 0x000000070f800000, 0x000000070fa00000|  0%| F|  |TAMS 0x000000070f800000| PB 0x000000070f800000| Untracked |  0
| 102|0x000000070fa00000, 0x000000070fa00000, 0x000000070fc00000|  0%| F|  |TAMS 0x000000070fa00000| PB 0x000000070fa00000| Untracked |  0
| 103|0x000000070fc00000, 0x000000070fc00000, 0x000000070fe00000|  0%| F|  |TAMS 0x000000070fc00000| PB 0x000000070fc00000| Untracked |  0
| 104|0x000000070fe00000, 0x000000070fe00000, 0x0000000710000000|  0%| F|  |TAMS 0x000000070fe00000| PB 0x000000070fe00000| Untracked |  0
| 105|0x0000000710000000, 0x0000000710000000, 0x0000000710200000|  0%| F|  |TAMS 0x0000000710000000| PB 0x0000000710000000| Untracked |  0
| 106|0x0000000710200000, 0x0000000710200000, 0x0000000710400000|  0%| F|  |TAMS 0x0000000710200000| PB 0x0000000710200000| Untracked |  0
| 107|0x0000000710400000, 0x0000000710400000, 0x0000000710600000|  0%| F|  |TAMS 0x0000000710400000| PB 0x0000000710400000| Untracked |  0
| 108|0x0000000710600000, 0x0000000710600000, 0x0000000710800000|  0%| F|  |TAMS 0x0000000710600000| PB 0x0000000710600000| Untracked |  0
| 109|0x0000000710800000, 0x0000000710800000, 0x0000000710a00000|  0%| F|  |TAMS 0x0000000710800000| PB 0x0000000710800000| Untracked |  0
| 110|0x0000000710a00000, 0x0000000710a00000, 0x0000000710c00000|  0%| F|  |TAMS 0x0000000710a00000| PB 0x0000000710a00000| Untracked |  0
| 111|0x0000000710c00000, 0x0000000710c00000, 0x0000000710e00000|  0%| F|  |TAMS 0x0000000710c00000| PB 0x0000000710c00000| Untracked |  0
| 112|0x0000000710e00000, 0x0000000710e00000, 0x0000000711000000|  0%| F|  |TAMS 0x0000000710e00000| PB 0x0000000710e00000| Untracked |  0
| 113|0x0000000711000000, 0x0000000711000000, 0x0000000711200000|  0%| F|  |TAMS 0x0000000711000000| PB 0x0000000711000000| Untracked |  0
| 114|0x0000000711200000, 0x0000000711200000, 0x0000000711400000|  0%| F|  |TAMS 0x0000000711200000| PB 0x0000000711200000| Untracked |  0
| 115|0x0000000711400000, 0x0000000711400000, 0x0000000711600000|  0%| F|  |TAMS 0x0000000711400000| PB 0x0000000711400000| Untracked |  0
| 116|0x0000000711600000, 0x0000000711600000, 0x0000000711800000|  0%| F|  |TAMS 0x0000000711600000| PB 0x0000000711600000| Untracked |  0
| 117|0x0000000711800000, 0x0000000711800000, 0x0000000711a00000|  0%| F|  |TAMS 0x0000000711800000| PB 0x0000000711800000| Untracked |  0
| 118|0x0000000711a00000, 0x0000000711a00000, 0x0000000711c00000|  0%| F|  |TAMS 0x0000000711a00000| PB 0x0000000711a00000| Untracked |  0
| 119|0x0000000711c00000, 0x0000000711c00000, 0x0000000711e00000|  0%| F|  |TAMS 0x0000000711c00000| PB 0x0000000711c00000| Untracked |  0
| 120|0x0000000711e00000, 0x0000000711e00000, 0x0000000712000000|  0%| F|  |TAMS 0x0000000711e00000| PB 0x0000000711e00000| Untracked |  0
| 121|0x0000000712000000, 0x0000000712200000, 0x0000000712200000|100%| E|  |TAMS 0x0000000712000000| PB 0x0000000712000000| Complete |  0
| 122|0x0000000712200000, 0x0000000712400000, 0x0000000712400000|100%| E|CS|TAMS 0x0000000712200000| PB 0x0000000712200000| Complete |  0
| 123|0x0000000712400000, 0x0000000712600000, 0x0000000712600000|100%| E|CS|TAMS 0x0000000712400000| PB 0x0000000712400000| Complete |  0
| 124|0x0000000712600000, 0x0000000712800000, 0x0000000712800000|100%| E|CS|TAMS 0x0000000712600000| PB 0x0000000712600000| Complete |  0
| 125|0x0000000712800000, 0x0000000712a00000, 0x0000000712a00000|100%| E|CS|TAMS 0x0000000712800000| PB 0x0000000712800000| Complete |  0
| 126|0x0000000712a00000, 0x0000000712c00000, 0x0000000712c00000|100%| E|CS|TAMS 0x0000000712a00000| PB 0x0000000712a00000| Complete |  0

Card table byte_map: [0x000002057bd30000,0x000002057c520000] _byte_map_base: 0x0000020578519000

Marking Bits: (CMBitMap*) 0x0000020570c5e630
 Bits: [0x000002050f000000, 0x0000020512f48000)

Polling page: 0x0000020570e60000

Metaspace:

Usage:
  Non-class:      7.08 MB used.
      Class:    949.30 KB used.
       Both:      8.01 MB used.

Virtual space:
  Non-class space:       64.00 MB reserved,       7.19 MB ( 11%) committed,  1 nodes.
      Class space:        1.00 GB reserved,       1.00 MB ( <1%) committed,  1 nodes.
             Both:        1.06 GB reserved,       8.19 MB ( <1%) committed. 

Chunk freelists:
   Non-Class:  8.44 MB
       Class:  15.01 MB
        Both:  23.46 MB

MaxMetaspaceSize: unlimited
CompressedClassSpaceSize: 1.00 GB
Initial GC threshold: 21.00 MB
Current GC threshold: 21.00 MB
CDS: on
 - commit_granule_bytes: 65536.
 - commit_granule_words: 8192.
 - virtual_space_node_default_size: 8388608.
 - enlarge_chunks_in_place: 1.
 - use_allocation_guard: 0.


Internal statistics:

num_allocs_failed_limit: 0.
num_arena_births: 160.
num_arena_deaths: 0.
num_vsnodes_births: 2.
num_vsnodes_deaths: 0.
num_space_committed: 131.
num_space_uncommitted: 0.
num_chunks_returned_to_freelist: 0.
num_chunks_taken_from_freelist: 218.
num_chunk_merges: 0.
num_chunk_splits: 125.
num_chunks_enlarged: 48.
num_inconsistent_stats: 0.

CodeHeap 'non-profiled nmethods': size=120000Kb used=238Kb max_used=238Kb free=119761Kb
 bounds [0x0000020507ad0000, 0x0000020507d40000, 0x000002050f000000]
CodeHeap 'profiled nmethods': size=120000Kb used=1122Kb max_used=1122Kb free=118877Kb
 bounds [0x0000020500000000, 0x0000020500270000, 0x0000020507530000]
CodeHeap 'non-nmethods': size=5760Kb used=1572Kb max_used=1587Kb free=4187Kb
 bounds [0x0000020507530000, 0x00000205077a0000, 0x0000020507ad0000]
 total_blobs=1472 nmethods=837 adapters=540
 compilation: enabled
              stopped_count=0, restarted_count=0
 full_count=0

Compilation events (20 events):
Event: 1.119 Thread 0x0000020558120090 nmethod 828 0x0000020500115110 code [0x0000020500115300, 0x00000205001156c8]
Event: 1.119 Thread 0x0000020558120090  826       1       java.util.concurrent.ConcurrentHashMap$MapEntry::getValue (5 bytes)
Event: 1.119 Thread 0x0000020558120090 nmethod 826 0x0000020507b0a610 code [0x0000020507b0a7a0, 0x0000020507b0a870]
Event: 1.121 Thread 0x000002057ecfe5e0 nmethod 825 0x0000020507b0a910 code [0x0000020507b0aac0, 0x0000020507b0b020]
Event: 23.740 Thread 0x0000020558120090  830       3       sun.awt.AWTAutoShutdown::getInstance (4 bytes)
Event: 23.740 Thread 0x0000020558120090 nmethod 830 0x0000020500115890 code [0x0000020500115a20, 0x0000020500115b18]
Event: 23.864 Thread 0x0000020558120090  831       3       java.util.ArrayList::toArray (57 bytes)
Event: 23.864 Thread 0x0000020558120090 nmethod 831 0x0000020500115b90 code [0x0000020500115d60, 0x00000205001162b8]
Event: 26.283 Thread 0x0000020558120090  833       3       sun.awt.AWTAutoShutdown::isReadyToShutdown (37 bytes)
Event: 26.283 Thread 0x0000020558120090 nmethod 833 0x0000020500116410 code [0x00000205001165e0, 0x0000020500116940]
Event: 26.873 Thread 0x0000020558120090  834       3       java.util.IdentityHashMap::isEmpty (13 bytes)
Event: 26.873 Thread 0x0000020558120090 nmethod 834 0x0000020500116a10 code [0x0000020500116ba0, 0x0000020500116d00]
Event: 27.243 Thread 0x0000020558120090  835   !   3       java.lang.Object::wait (50 bytes)
Event: 27.244 Thread 0x0000020558120090 nmethod 835 0x0000020500116d90 code [0x0000020500116fa0, 0x00000205001174e8]
Event: 27.898 Thread 0x0000020558120090  836       3       sun.java2d.d3d.D3DSurfaceData$D3DWindowSurfaceData::isDirty (18 bytes)
Event: 27.898 Thread 0x0000020558120090 nmethod 836 0x0000020500117790 code [0x0000020500117940, 0x0000020500117b70]
Event: 27.898 Thread 0x0000020558120090  837       3       sun.java2d.StateTrackableDelegate$1::isCurrent (17 bytes)
Event: 27.898 Thread 0x0000020558120090 nmethod 837 0x0000020500117c10 code [0x0000020500117da0, 0x0000020500117f10]
Event: 30.392 Thread 0x0000020558120090  838   !   3       sun.awt.AWTAutoShutdown::setToolkitBusy (124 bytes)
Event: 30.392 Thread 0x0000020558120090 nmethod 838 0x0000020500118010 code [0x0000020500118220, 0x0000020500118800]

GC Heap History (0 events):
No events

Dll operation events (13 events):
Event: 0.008 Loaded shared library C:\Users\pc\.jdks\openjdk-22.0.1\bin\java.dll
Event: 0.028 Loaded shared library C:\Users\pc\.jdks\openjdk-22.0.1\bin\jsvml.dll
Event: 0.052 Loaded shared library C:\Users\pc\.jdks\openjdk-22.0.1\bin\zip.dll
Event: 0.055 Loaded shared library C:\Users\pc\.jdks\openjdk-22.0.1\bin\instrument.dll
Event: 0.059 Loaded shared library C:\Users\pc\.jdks\openjdk-22.0.1\bin\net.dll
Event: 0.061 Loaded shared library C:\Users\pc\.jdks\openjdk-22.0.1\bin\nio.dll
Event: 0.064 Loaded shared library C:\Users\pc\.jdks\openjdk-22.0.1\bin\zip.dll
Event: 0.071 Loaded shared library C:\Program Files\JetBrains\IntelliJ IDEA 2024.1.1\bin\breakgen64.dll
Event: 0.081 Loaded shared library C:\Users\pc\.jdks\openjdk-22.0.1\bin\extnet.dll
Event: 0.084 Loaded shared library C:\Users\pc\.jdks\openjdk-22.0.1\bin\jimage.dll
Event: 0.097 Loaded shared library C:\Users\pc\.jdks\openjdk-22.0.1\bin\awt.dll
Event: 0.439 Loaded shared library C:\Users\pc\.jdks\openjdk-22.0.1\bin\freetype.dll
Event: 0.440 Loaded shared library C:\Users\pc\.jdks\openjdk-22.0.1\bin\fontmanager.dll

Deoptimization events (20 events):
Event: 0.474 Thread 0x0000020570d906c0 Uncommon trap: trap_request=0xffffffde fr.pc=0x0000020507adef50 relative=0x00000000000001b0
Event: 0.474 Thread 0x0000020570d906c0 Uncommon trap: reason=class_check action=maybe_recompile pc=0x0000020507adef50 method=java.lang.String.equals(Ljava/lang/Object;)Z @ 8 c2
Event: 0.474 Thread 0x0000020570d906c0 DEOPT PACKING pc=0x0000020507adef50 sp=0x0000003f69cfeb40
Event: 0.474 Thread 0x0000020570d906c0 DEOPT UNPACKING pc=0x00000205075846a2 sp=0x0000003f69cfead8 mode 2
Event: 0.475 Thread 0x0000020570d906c0 Uncommon trap: trap_request=0xffffffde fr.pc=0x0000020507adef50 relative=0x00000000000001b0
Event: 0.475 Thread 0x0000020570d906c0 Uncommon trap: reason=class_check action=maybe_recompile pc=0x0000020507adef50 method=java.lang.String.equals(Ljava/lang/Object;)Z @ 8 c2
Event: 0.475 Thread 0x0000020570d906c0 DEOPT PACKING pc=0x0000020507adef50 sp=0x0000003f69cfeb50
Event: 0.475 Thread 0x0000020570d906c0 DEOPT UNPACKING pc=0x00000205075846a2 sp=0x0000003f69cfeae8 mode 2
Event: 0.475 Thread 0x0000020570d906c0 Uncommon trap: trap_request=0xffffffde fr.pc=0x0000020507adef50 relative=0x00000000000001b0
Event: 0.475 Thread 0x0000020570d906c0 Uncommon trap: reason=class_check action=maybe_recompile pc=0x0000020507adef50 method=java.lang.String.equals(Ljava/lang/Object;)Z @ 8 c2
Event: 0.475 Thread 0x0000020570d906c0 DEOPT PACKING pc=0x0000020507adef50 sp=0x0000003f69cfead0
Event: 0.475 Thread 0x0000020570d906c0 DEOPT UNPACKING pc=0x00000205075846a2 sp=0x0000003f69cfea68 mode 2
Event: 0.475 Thread 0x0000020570d906c0 Uncommon trap: trap_request=0xffffffde fr.pc=0x0000020507adef50 relative=0x00000000000001b0
Event: 0.475 Thread 0x0000020570d906c0 Uncommon trap: reason=class_check action=maybe_recompile pc=0x0000020507adef50 method=java.lang.String.equals(Ljava/lang/Object;)Z @ 8 c2
Event: 0.475 Thread 0x0000020570d906c0 DEOPT PACKING pc=0x0000020507adef50 sp=0x0000003f69cfea40
Event: 0.475 Thread 0x0000020570d906c0 DEOPT UNPACKING pc=0x00000205075846a2 sp=0x0000003f69cfe9d8 mode 2
Event: 0.478 Thread 0x0000020570d906c0 Uncommon trap: trap_request=0xffffff45 fr.pc=0x0000020507afd428 relative=0x0000000000000988
Event: 0.478 Thread 0x0000020570d906c0 Uncommon trap: reason=unstable_if action=reinterpret pc=0x0000020507afd428 method=java.util.HashMap.putVal(ILjava/lang/Object;Ljava/lang/Object;ZZ)Ljava/lang/Object; @ 181 c2
Event: 0.478 Thread 0x0000020570d906c0 DEOPT PACKING pc=0x0000020507afd428 sp=0x0000003f69cfde10
Event: 0.478 Thread 0x0000020570d906c0 DEOPT UNPACKING pc=0x00000205075846a2 sp=0x0000003f69cfdd48 mode 2

Classes loaded (20 events):
Event: 1.112 Loading class sun/util/cldr/CLDRTimeZoneNameProviderImpl
Event: 1.112 Loading class sun/util/locale/provider/TimeZoneNameProviderImpl
Event: 1.112 Loading class sun/util/locale/provider/TimeZoneNameProviderImpl done
Event: 1.112 Loading class sun/util/cldr/CLDRTimeZoneNameProviderImpl done
Event: 1.114 Loading class java/lang/invoke/MethodHandle$1
Event: 1.114 Loading class java/lang/invoke/MethodHandle$1 done
Event: 1.114 Loading class sun/util/locale/provider/BaseLocaleDataMetaInfo
Event: 1.115 Loading class sun/util/locale/provider/BaseLocaleDataMetaInfo done
Event: 1.116 Loading class sun/util/resources/cldr/TimeZoneNames
Event: 1.116 Loading class sun/util/resources/TimeZoneNamesBundle
Event: 1.116 Loading class sun/util/resources/OpenListResourceBundle
Event: 1.116 Loading class sun/util/resources/OpenListResourceBundle done
Event: 1.116 Loading class sun/util/resources/TimeZoneNamesBundle done
Event: 1.116 Loading class sun/util/resources/cldr/TimeZoneNames done
Event: 1.116 Loading class sun/util/resources/cldr/TimeZoneNames_en
Event: 1.116 Loading class sun/util/resources/cldr/TimeZoneNames_en done
Event: 1.116 Loading class sun/util/resources/cldr/TimeZoneNames_en_US
Event: 1.116 Loading class sun/util/resources/cldr/TimeZoneNames_en_US done
Event: 33.363 Loading class jdk/internal/misc/Signal$1
Event: 33.363 Loading class jdk/internal/misc/Signal$1 done

Classes unloaded (0 events):
No events

Classes redefined (0 events):
No events

Internal exceptions (15 events):
Event: 0.065 Thread 0x0000020570d906c0 Exception <a 'java/lang/NoSuchMethodError'{0x0000000712925118}: 'void java.lang.invoke.DirectMethodHandle$Holder.invokeStatic(java.lang.Object, java.lang.Object, java.lang.Object)'> (0x0000000712925118) 
thrown [s\open\src\hotspot\share\interpreter\linkResolver.cpp, line 774]
Event: 0.069 Thread 0x0000020570d906c0 Exception <a 'java/lang/NoSuchMethodError'{0x000000071293cbb0}: 'java.lang.Object java.lang.invoke.Invokers$Holder.invokeExact_MT(java.lang.Object, java.lang.Object, java.lang.Object, java.lang.Object, java.lang.Object)'> (0x000000071293cbb0) 
thrown [s\open\src\hotspot\share\interpreter\linkResolver.cpp, line 774]
Event: 0.082 Thread 0x0000020558395d90 Exception <a 'java/lang/NoSuchMethodError'{0x00000007129799a0}: 'void java.lang.invoke.DirectMethodHandle$Holder.invokeStatic(java.lang.Object, java.lang.Object)'> (0x00000007129799a0) 
thrown [s\open\src\hotspot\share\interpreter\linkResolver.cpp, line 774]
Event: 0.088 Thread 0x0000020570d906c0 Exception <a 'java/lang/ClassNotFoundException'{0x000000071295d850}: sun/awt/resources/spi/awtProvider> (0x000000071295d850) 
thrown [s\open\src\hotspot\share\classfile\systemDictionary.cpp, line 313]
Event: 0.108 Thread 0x0000020570d906c0 Exception <a 'java/io/FileNotFoundException'{0x0000000712629a40}> (0x0000000712629a40) 
thrown [s\open\src\hotspot\share\prims\jni.cpp, line 520]
Event: 0.114 Thread 0x0000020570d906c0 Exception <a 'java/io/FileNotFoundException'{0x0000000712657aa0}> (0x0000000712657aa0) 
thrown [s\open\src\hotspot\share\prims\jni.cpp, line 520]
Event: 0.355 Thread 0x0000020570d906c0 Exception <a 'java/lang/NoSuchMethodError'{0x00000007126ee500}: 'void java.lang.invoke.DirectMethodHandle$Holder.invokeSpecial(java.lang.Object, java.lang.Object, java.lang.Object)'> (0x00000007126ee500) 
thrown [s\open\src\hotspot\share\interpreter\linkResolver.cpp, line 774]
Event: 0.360 Thread 0x0000020570d906c0 Exception <a 'java/lang/NoSuchMethodError'{0x000000071240ad70}: 'java.lang.Object java.lang.invoke.DirectMethodHandle$Holder.newInvokeSpecial(java.lang.Object, java.lang.Object, java.lang.Object, java.lang.Object, java.lang.Object)'> (0x000000071240ad70) 
thrown [s\open\src\hotspot\share\interpreter\linkResolver.cpp, line 774]
Event: 0.363 Thread 0x0000020570d906c0 Exception <a 'java/lang/NoSuchMethodError'{0x0000000712437488}: 'java.lang.Object java.lang.invoke.DirectMethodHandle$Holder.invokeStatic(java.lang.Object, int, java.lang.Object)'> (0x0000000712437488) 
thrown [s\open\src\hotspot\share\interpreter\linkResolver.cpp, line 774]
Event: 0.379 Thread 0x0000020570d906c0 Exception <a 'java/lang/ClassNotFoundException'{0x00000007124d8f68}: com/sun/swing/internal/plaf/metal/resources/spi/metalProvider> (0x00000007124d8f68) 
thrown [s\open\src\hotspot\share\classfile\systemDictionary.cpp, line 313]
Event: 0.380 Thread 0x0000020570d906c0 Exception <a 'java/lang/ClassNotFoundException'{0x00000007124dcf68}: com/sun/swing/internal/plaf/basic/resources/spi/basicProvider> (0x00000007124dcf68) 
thrown [s\open\src\hotspot\share\classfile\systemDictionary.cpp, line 313]
Event: 0.390 Thread 0x0000020570d906c0 Exception <a 'java/lang/NoSuchMethodError'{0x00000007124f9788}: 'int java.lang.invoke.Invokers$Holder.invokeExact_MT(java.lang.Object, java.lang.Object)'> (0x00000007124f9788) 
thrown [s\open\src\hotspot\share\interpreter\linkResolver.cpp, line 774]
Event: 0.436 Thread 0x0000020570d906c0 Exception <a 'java/lang/NoSuchMethodError'{0x0000000712564ec8}: 'void java.lang.invoke.DirectMethodHandle$Holder.invokeStaticInit(java.lang.Object)'> (0x0000000712564ec8) 
thrown [s\open\src\hotspot\share\interpreter\linkResolver.cpp, line 774]
Event: 0.504 Thread 0x0000020558471c40 Exception <a 'java/lang/NoSuchMethodError'{0x000000071277fbb8}: 'void java.lang.invoke.DirectMethodHandle$Holder.invokeVirtual(java.lang.Object, java.lang.Object)'> (0x000000071277fbb8) 
thrown [s\open\src\hotspot\share\interpreter\linkResolver.cpp, line 774]
Event: 1.117 Thread 0x000002057ece8880 Exception <a 'java/lang/NoSuchMethodError'{0x000000071207cb68}: 'java.lang.Object java.lang.invoke.Invokers$Holder.invokeExact_MT(java.lang.Object, java.lang.Object, java.lang.Object, java.lang.Object, java.lang.Object, java.lang.Object)'> (0x000000071207cb68) 
thrown [s\open\src\hotspot\share\interpreter\linkResolver.cpp, line 774]

ZGC Phase Switch (0 events):
No events

VM Operations (13 events):
Event: 0.121 Executing VM operation: HandshakeAllThreads (Deoptimize)
Event: 0.121 Executing VM operation: HandshakeAllThreads (Deoptimize) done
Event: 0.412 Executing VM operation: HandshakeAllThreads (Deoptimize)
Event: 0.412 Executing VM operation: HandshakeAllThreads (Deoptimize) done
Event: 1.115 Executing VM operation: HandshakeAllThreads (Deoptimize)
Event: 1.115 Executing VM operation: HandshakeAllThreads (Deoptimize) done
Event: 1.115 Executing VM operation: Cleanup
Event: 1.115 Executing VM operation: Cleanup done
Event: 26.360 Executing VM operation: Cleanup
Event: 26.360 Executing VM operation: Cleanup done
Event: 27.367 Executing VM operation: Cleanup
Event: 27.367 Executing VM operation: Cleanup done
Event: 33.469 Executing VM operation: Exit

Events (20 events):
Event: 0.027 Thread 0x000002057ecfe5e0 Thread added: 0x000002057ecfe5e0
Event: 0.027 Thread 0x0000020558120090 Thread added: 0x0000020558120090
Event: 0.038 Thread 0x000002055821f380 Thread added: 0x000002055821f380
Event: 0.072 Thread 0x0000020558395d90 Thread added: 0x0000020558395d90
Event: 0.072 Thread 0x0000020558396400 Thread added: 0x0000020558396400
Event: 0.159 Thread 0x0000020558466c90 Thread added: 0x0000020558466c90
Event: 0.161 Thread 0x000002055846c680 Thread added: 0x000002055846c680
Event: 0.162 Thread 0x0000020558471c40 Thread added: 0x0000020558471c40
Event: 0.424 Thread 0x0000020558e1a2f0 Thread added: 0x0000020558e1a2f0
Event: 0.507 Thread 0x0000020570d906c0 Thread exited: 0x0000020570d906c0
Event: 0.507 Thread 0x0000020558e18f40 Thread added: 0x0000020558e18f40
Event: 0.514 Thread 0x0000020558e188b0 Thread added: 0x0000020558e188b0
Event: 0.541 Thread 0x0000020558e19c60 Thread added: 0x0000020558e19c60
Event: 33.363 Thread 0x0000020558e18220 Thread added: 0x0000020558e18220
Event: 33.364 Thread 0x0000020558e1b010 Thread added: 0x0000020558e1b010
Event: 33.364 Thread 0x0000020558e1a980 Thread added: 0x0000020558e1a980
Event: 33.364 Thread 0x0000020558e1a980 Thread exited: 0x0000020558e1a980
Event: 33.364 Thread 0x0000020558e188b0 Thread exited: 0x0000020558e188b0
Event: 33.375 Thread 0x0000020558471c40 Thread exited: 0x0000020558471c40
Event: 33.469 Thread 0x0000020558e1b010 Thread exited: 0x0000020558e1b010


Dynamic libraries:
0x00007ff665ff0000 - 0x00007ff665ffe000 	C:\Users\pc\.jdks\openjdk-22.0.1\bin\java.exe
0x00007ff9159d0000 - 0x00007ff915bc8000 	C:\Windows\SYSTEM32\ntdll.dll
0x00007ff913cf0000 - 0x00007ff913dad000 	C:\Windows\System32\KERNEL32.DLL
0x00007ff913590000 - 0x00007ff913886000 	C:\Windows\System32\KERNELBASE.dll
0x00007ff913140000 - 0x00007ff913240000 	C:\Windows\System32\ucrtbase.dll
0x00007ff90a4f0000 - 0x00007ff90a507000 	C:\Users\pc\.jdks\openjdk-22.0.1\bin\jli.dll
0x00007ff8fc1f0000 - 0x00007ff8fc20b000 	C:\Users\pc\.jdks\openjdk-22.0.1\bin\VCRUNTIME140.dll
0x00007ff913a60000 - 0x00007ff913bff000 	C:\Windows\System32\USER32.dll
0x00007ff913110000 - 0x00007ff913132000 	C:\Windows\System32\win32u.dll
0x00007ff9154c0000 - 0x00007ff9154eb000 	C:\Windows\System32\GDI32.dll
0x00007ff8fdfc0000 - 0x00007ff8fe25a000 	C:\Windows\WinSxS\amd64_microsoft.windows.common-controls_6595b64144ccf1df_6.0.19041.3636_none_60b6a03d71f818d5\COMCTL32.dll
0x00007ff913440000 - 0x00007ff913557000 	C:\Windows\System32\gdi32full.dll
0x00007ff9149a0000 - 0x00007ff914a3e000 	C:\Windows\System32\msvcrt.dll
0x00007ff9133a0000 - 0x00007ff91343d000 	C:\Windows\System32\msvcp_win.dll
0x00007ff913f90000 - 0x00007ff913fc2000 	C:\Windows\System32\IMM32.DLL
0x00007ff90c560000 - 0x00007ff90c56c000 	C:\Users\pc\.jdks\openjdk-22.0.1\bin\vcruntime140_1.dll
0x00007ff8de6e0000 - 0x00007ff8de76e000 	C:\Users\pc\.jdks\openjdk-22.0.1\bin\msvcp140.dll
0x00007ff8b72c0000 - 0x00007ff8b8007000 	C:\Users\pc\.jdks\openjdk-22.0.1\bin\server\jvm.dll
0x00007ff9147a0000 - 0x00007ff914850000 	C:\Windows\System32\ADVAPI32.dll
0x00007ff914b70000 - 0x00007ff914c10000 	C:\Windows\System32\sechost.dll
0x00007ff914a40000 - 0x00007ff914b63000 	C:\Windows\System32\RPCRT4.dll
0x00007ff913560000 - 0x00007ff913587000 	C:\Windows\System32\bcrypt.dll
0x00007ff9156a0000 - 0x00007ff91570b000 	C:\Windows\System32\WS2_32.dll
0x00007ff912980000 - 0x00007ff9129cb000 	C:\Windows\SYSTEM32\POWRPROF.dll
0x00007ff906440000 - 0x00007ff906467000 	C:\Windows\SYSTEM32\WINMM.dll
0x00007ff90c6a0000 - 0x00007ff90c6aa000 	C:\Windows\SYSTEM32\VERSION.dll
0x00007ff912940000 - 0x00007ff912952000 	C:\Windows\SYSTEM32\UMPDC.dll
0x00007ff910ef0000 - 0x00007ff910f02000 	C:\Windows\SYSTEM32\kernel.appcore.dll
0x00007ff90bac0000 - 0x00007ff90baca000 	C:\Users\pc\.jdks\openjdk-22.0.1\bin\jimage.dll
0x00007ff905b00000 - 0x00007ff905ce4000 	C:\Windows\SYSTEM32\DBGHELP.DLL
0x00007ff8f8c00000 - 0x00007ff8f8c34000 	C:\Windows\SYSTEM32\dbgcore.DLL
0x00007ff913080000 - 0x00007ff913102000 	C:\Windows\System32\bcryptPrimitives.dll
0x00007ff8f64a0000 - 0x00007ff8f64af000 	C:\Users\pc\.jdks\openjdk-22.0.1\bin\instrument.dll
0x00007ff8fab30000 - 0x00007ff8fab4e000 	C:\Users\pc\.jdks\openjdk-22.0.1\bin\java.dll
0x00007ff914cf0000 - 0x00007ff91545b000 	C:\Windows\System32\SHELL32.dll
0x00007ff9154f0000 - 0x00007ff91561b000 	C:\Windows\System32\ole32.dll
0x00007ff914440000 - 0x00007ff914793000 	C:\Windows\System32\combase.dll
0x00007ff9110f0000 - 0x00007ff91188e000 	C:\Windows\SYSTEM32\windows.storage.dll
0x00007ff9129d0000 - 0x00007ff9129fe000 	C:\Windows\SYSTEM32\Wldp.dll
0x00007ff914850000 - 0x00007ff91491d000 	C:\Windows\System32\OLEAUT32.dll
0x00007ff915710000 - 0x00007ff9157bd000 	C:\Windows\System32\SHCORE.dll
0x00007ff915460000 - 0x00007ff9154b5000 	C:\Windows\System32\shlwapi.dll
0x00007ff912fb0000 - 0x00007ff912fd3000 	C:\Windows\SYSTEM32\profapi.dll
0x00007ff8c85c0000 - 0x00007ff8c8697000 	C:\Users\pc\.jdks\openjdk-22.0.1\bin\jsvml.dll
0x00007ff8ef100000 - 0x00007ff8ef117000 	C:\Users\pc\.jdks\openjdk-22.0.1\bin\zip.dll
0x00007ff8f3060000 - 0x00007ff8f3070000 	C:\Users\pc\.jdks\openjdk-22.0.1\bin\net.dll
0x00007ff912740000 - 0x00007ff9127aa000 	C:\Windows\system32\mswsock.dll
0x00007ff8f3040000 - 0x00007ff8f3056000 	C:\Users\pc\.jdks\openjdk-22.0.1\bin\nio.dll
0x00007ff8e8660000 - 0x00007ff8e867a000 	C:\Program Files\JetBrains\IntelliJ IDEA 2024.1.1\bin\breakgen64.dll
0x00007ff8f3030000 - 0x00007ff8f3039000 	C:\Users\pc\.jdks\openjdk-22.0.1\bin\extnet.dll
0x00007ff8b5a30000 - 0x00007ff8b5bbd000 	C:\Users\pc\.jdks\openjdk-22.0.1\bin\awt.dll
0x00007ff9108d0000 - 0x00007ff910960000 	C:\Windows\SYSTEM32\apphelp.dll
0x00007ff910c00000 - 0x00007ff910c2f000 	C:\Windows\system32\DWMAPI.DLL
0x00007ff910a20000 - 0x00007ff910abe000 	C:\Windows\system32\uxtheme.dll
0x00007ff89a650000 - 0x00007ff89a775000 	C:\Windows\system32\opengl32.dll
0x00007ff8f6420000 - 0x00007ff8f644c000 	C:\Windows\SYSTEM32\GLU32.dll
0x0000000180000000 - 0x0000000188188000 	C:\Program Files (x86)\ASUS\GPUTweakIII\GTIII-OSD\x64\GTIII-OSD64-VK.dll
0x00007ff88bff0000 - 0x00007ff88c154000 	C:\Windows\SYSTEM32\vulkan-1.dll
0x00007ff913900000 - 0x00007ff91394e000 	C:\Windows\System32\CFGMGR32.dll
0x00007ff9118d0000 - 0x00007ff9119c3000 	C:\Windows\system32\dxgi.dll
0x00007ff915870000 - 0x00007ff915985000 	C:\Windows\System32\MSCTF.dll
0x00007ff912c40000 - 0x00007ff912c52000 	C:\Windows\SYSTEM32\msasn1.dll
0x00007ff90c4e0000 - 0x00007ff90c511000 	C:\Windows\SYSTEM32\cryptnet.dll
0x00007ff913240000 - 0x00007ff91339e000 	C:\Windows\System32\CRYPT32.dll
0x00007ff90c2d0000 - 0x00007ff90c418000 	C:\Windows\SYSTEM32\drvstore.dll
0x00007ff912e10000 - 0x00007ff912e43000 	C:\Windows\SYSTEM32\devobj.dll
0x00007ff9128d0000 - 0x00007ff9128dc000 	C:\Windows\SYSTEM32\cryptbase.dll
0x00007ff913890000 - 0x00007ff9138f7000 	C:\Windows\System32\wintrust.dll
0x00007ff913db0000 - 0x00007ff913dcd000 	C:\Windows\System32\imagehlp.dll
0x00007ff912a10000 - 0x00007ff912a28000 	C:\Windows\SYSTEM32\CRYPTSP.dll
0x00007ff912020000 - 0x00007ff912054000 	C:\Windows\system32\rsaenh.dll
0x00007ff907f50000 - 0x00007ff90a16e000 	C:\Windows\System32\DriverStore\FileRepository\nv_dispi.inf_amd64_84b2c943d6816eb7\nvgpucomp64.dll
0x00007ff8b1680000 - 0x00007ff8b1950000 	C:\Windows\system32\nvspcap64.dll
0x00007ff912140000 - 0x00007ff912173000 	C:\Windows\SYSTEM32\ntmarta.dll
0x00007ff9118a0000 - 0x00007ff9118c3000 	C:\Windows\SYSTEM32\gpapi.dll
0x00007ff90b700000 - 0x00007ff90b73b000 	C:\Windows\SYSTEM32\dxcore.dll
0x00007ff8c2ec0000 - 0x00007ff8c2f47000 	C:\Users\pc\.jdks\openjdk-22.0.1\bin\freetype.dll
0x00007ff8b3a10000 - 0x00007ff8b3ae7000 	C:\Users\pc\.jdks\openjdk-22.0.1\bin\fontmanager.dll
0x00007ff9157c0000 - 0x00007ff915869000 	C:\Windows\System32\clbcatq.dll
0x00007ff90ce40000 - 0x00007ff90cff4000 	C:\Windows\SYSTEM32\WindowsCodecs.dll
0x00007ff90f2e0000 - 0x00007ff90f543000 	C:\Windows\system32\d3d11.dll
0x00007ff907390000 - 0x00007ff907489000 	C:\Windows\SYSTEM32\textinputframework.dll
0x00007ff910570000 - 0x00007ff910662000 	C:\Windows\System32\CoreMessaging.dll
0x00007ff9101e0000 - 0x00007ff91053b000 	C:\Windows\System32\CoreUIComponents.dll
0x00007ff90fcf0000 - 0x00007ff90fe47000 	C:\Windows\SYSTEM32\wintypes.dll
0x00000205618d0000 - 0x0000020569b70000 	C:\Program Files (x86)\ASUS\GPUTweakIII\GTIII-OSD\x64\GTIII-OSD64.dll
0x00007ff88ca70000 - 0x00007ff88ca95000 	C:\Windows\SYSTEM32\d3d12.dll
0x00007ff88c210000 - 0x00007ff88c473000 	C:\Windows\SYSTEM32\d3dx9_43.dll
0x00007ff88c480000 - 0x00007ff88c4b1000 	C:\Windows\SYSTEM32\d3d10_1.dll
0x00007ff90f550000 - 0x00007ff90f9ad000 	C:\Windows\SYSTEM32\D3DCOMPILER_47.dll
0x00007ff8f6410000 - 0x00007ff8f641d000 	C:\Windows\SYSTEM32\d3d10_1core.dll
0x000002057f260000 - 0x00000205873cb000 	C:\Program Files (x86)\ASUS\GPUTweakIII\GTIII-OSD\x64\GTIII-OSD64-GL.dll
0x00007ff913f80000 - 0x00007ff913f88000 	C:\Windows\System32\PSAPI.DLL
0x000000006f670000 - 0x000000006f6d3000 	C:\Program Files (x86)\ASUS\GPUTweakIII\GTIII-OSD\x64\glew32.dll

dbghelp: loaded successfully - version: 4.0.5 - missing functions: none
symbol engine: initialized successfully - sym options: 0x614 - pdb path: .;C:\Users\pc\.jdks\openjdk-22.0.1\bin;C:\Windows\SYSTEM32;C:\Windows\WinSxS\amd64_microsoft.windows.common-controls_6595b64144ccf1df_6.0.19041.3636_none_60b6a03d71f818d5;C:\Users\pc\.jdks\openjdk-22.0.1\bin\server;C:\Program Files\JetBrains\IntelliJ IDEA 2024.1.1\bin;C:\Program Files (x86)\ASUS\GPUTweakIII\GTIII-OSD\x64;C:\Windows\System32\DriverStore\FileRepository\nv_dispi.inf_amd64_84b2c943d6816eb7

VM Arguments:
jvm_args: -javaagent:C:\Program Files\JetBrains\IntelliJ IDEA 2024.1.1\lib\idea_rt.jar=55900:C:\Program Files\JetBrains\IntelliJ IDEA 2024.1.1\bin -Dfile.encoding=UTF-8 -Dsun.stdout.encoding=UTF-8 -Dsun.stderr.encoding=UTF-8 
java_command: gui
java_class_path (initial): C:\Users\pc\IdeaProjects\Transport\out\production\Transport
Launcher Type: SUN_STANDARD

[Global flags]
     intx CICompilerCount                          = 4                                         {product} {ergonomic}
     uint ConcGCThreads                            = 3                                         {product} {ergonomic}
     uint G1ConcRefinementThreads                  = 10                                        {product} {ergonomic}
   size_t G1HeapRegionSize                         = 2097152                                   {product} {ergonomic}
   size_t InitialHeapSize                          = 266338304                                 {product} {ergonomic}
   size_t MarkStackSize                            = 4194304                                   {product} {ergonomic}
   size_t MaxHeapSize                              = 4246732800                                {product} {ergonomic}
   size_t MaxNewSize                               = 2548039680                                {product} {ergonomic}
   size_t MinHeapDeltaBytes                        = 2097152                                   {product} {ergonomic}
   size_t MinHeapSize                              = 8388608                                   {product} {ergonomic}
    uintx NonNMethodCodeHeapSize                   = 5839372                                {pd product} {ergonomic}
    uintx NonProfiledCodeHeapSize                  = 122909434                              {pd product} {ergonomic}
    uintx ProfiledCodeHeapSize                     = 122909434                              {pd product} {ergonomic}
    uintx ReservedCodeCacheSize                    = 251658240                              {pd product} {ergonomic}
     bool SegmentedCodeCache                       = true                                      {product} {ergonomic}
   size_t SoftMaxHeapSize                          = 4246732800                             {manageable} {ergonomic}
     bool UseCompressedOops                        = true                           {product lp64_product} {ergonomic}
     bool UseG1GC                                  = true                                      {product} {ergonomic}
     bool UseLargePagesIndividualAllocation        = false                                  {pd product} {ergonomic}

Logging:
Log output configuration:
 #0: stdout all=off uptime,level,tags foldmultilines=false
 #1: stderr all=off uptime,level,tags foldmultilines=false

Environment Variables:
PATH=C:\Program Files (x86)\Common Files\Oracle\Java\java8path;C:\Program Files (x86)\Common Files\Oracle\Java\javapath;C:\Windows\system32;C:\Windows;C:\Windows\System32\Wbem;C:\Windows\System32\WindowsPowerShell\v1.0\;C:\Windows\System32\OpenSSH\;C:\Program Files\NVIDIA Corporation\NVIDIA NvDLISR;C:\Program Files (x86)\NVIDIA Corporation\PhysX\Common;C:\Program Files\Cloudflare\Cloudflare WARP\;C:\Program Files\Git\cmd;C:\Program Files\dotnet\;C:\Users\pc\AppData\Local\Microsoft\WindowsApps;;C:\Users\pc\AppData\Local\Programs\Microsoft VS Code\bin;E:\New folder (2)\IntelliJ IDEA 2023.2.2\bin;;C:\Program Files\JetBrains\IntelliJ IDEA Educational Edition 2022.2.2\bin;;C:\Program Files\JetBrains\IntelliJ IDEA Community Edition 2023.2.5\bin;
USERNAME=pc
OS=Windows_NT
PROCESSOR_IDENTIFIER=Intel64 Family 6 Model 151 Stepping 5, GenuineIntel
TMP=C:\Users\pc\AppData\Local\Temp
TEMP=C:\Users\pc\AppData\Local\Temp




Periodic native trim disabled

---------------  S Y S T E M  ---------------

OS:
 Windows 10 , 64 bit Build 19041 (10.0.19041.3636)
OS uptime: 0 days 9:18 hours
Hyper-V role detected

CPU: total 12 (initial active 12) (6 cores per cpu, 2 threads per core) family 6 model 151 stepping 5 microcode 0x18, cx8, cmov, fxsr, ht, mmx, 3dnowpref, sse, sse2, sse3, ssse3, sse4.1, sse4.2, popcnt, lzcnt, tsc, tscinvbit, avx, avx2, aes, erms, clmul, bmi1, bmi2, adx, sha, fma, vzeroupper, clflush, clflushopt, clwb, hv, rdtscp, rdpid, fsrm, f16c, cet_ibt, cet_ss
Processor Information for all 12 processors :
  Max Mhz: 2500, Current Mhz: 2500, Mhz Limit: 2500

Memory: 4k page, system-wide physical 16197M (4163M free)
TotalPageFile size 34165M (AvailPageFile size 4687M)
current process WorkingSet (physical memory assigned to process): 79M, peak: 86M
current process commit charge ("private bytes"): 751M, peak: 765M

vm_info: OpenJDK 64-Bit Server VM (22.0.1+8-16) for windows-amd64 JRE (22.0.1+8-16), built on 2024-03-12T10:33:16Z by "mach5one" with MS VC++ 17.6 (VS2022)

END.
